Tue 14 Oct 2025 20:32:18 INFO Namespace(batch_size=1024, bdl_stream_step=1, boost_weight=0, data_cache_path='./data/', data_path='./data/', dataset_name='gmv_each_pay_multi_user_with_prev.txt', embed_dim=16, epochs=1, ga_loss_weight=0, gmv_attr_window=7, gpu_id='4', l2_reg=1e-05, learning_rate_scheduler=[0.95, 2], loss_pho_weight=1, lr=0.0001, mode='stream', model='baselinemlp_bdl', model_save_pth='./pretrain_model/', num_workers=4, optimizer='Adam', pkl_remarks='None', pretrain_model='gmvcalibmlp', pretrain_remarks='all_pay', remarks='rerun', seed=2025, stopping_step=2, stream_step=0.125, test_end_day=82, test_start_day=57.125, train_end_day=81.875, train_start_day=57.0, weight_decay=0.0)
Tue 14 Oct 2025 20:32:18 INFO ===============lr_0.0001 -bw_weight_0 -ga_weight_0================
Tue 14 Oct 2025 20:32:18 INFO Loading data from cache path: ./data/pretrain_bdl_stream_all_pay.pkl
Tue 14 Oct 2025 20:32:18 INFO cache_path ./data/pretrain_bdl_stream_all_pay.pkl exists.
Tue 14 Oct 2025 20:32:18 INFO loading cached data...
Tue 14 Oct 2025 20:32:23 INFO pretrained_model: baselinemlp_pretrain_2025_all_pay.pth
Tue 14 Oct 2025 20:32:23 INFO Pretrained Model:
 BaselineMLP(
  (embeddings): ModuleList(
    (0): Embedding(5, 16)
    (1): Embedding(3604778, 16)
    (2): Embedding(1951876, 16)
    (3): Embedding(432750, 16)
    (4): Embedding(14, 16)
    (5): Embedding(19, 16)
    (6): Embedding(2638598, 16)
    (7): Embedding(1962400, 16)
    (8): Embedding(11123, 16)
    (9): Embedding(397159, 16)
    (10): Embedding(578622, 16)
    (11): Embedding(3, 16)
    (12): Embedding(622, 16)
    (13): Embedding(107, 16)
    (14): Embedding(8009, 16)
    (15): Embedding(30685, 16)
    (16): Embedding(104, 16)
    (17): Embedding(10, 16)
    (18): Embedding(3, 16)
    (19): Embedding(2, 16)
    (20): Embedding(9, 16)
    (21): Embedding(7, 16)
  )
  (fc1): Linear(in_features=352, out_features=1024, bias=True)
  (dice1): Dice(
    (bn): LayerNorm((1024,), eps=0.0001, elementwise_affine=False)
  )
  (fc2): Linear(in_features=1024, out_features=512, bias=True)
  (dice2): Dice(
    (bn): LayerNorm((512,), eps=0.0001, elementwise_affine=False)
  )
  (fc3): Linear(in_features=512, out_features=256, bias=True)
  (dice3): Dice(
    (bn): LayerNorm((256,), eps=0.0001, elementwise_affine=False)
  )
  (fc4): Linear(in_features=256, out_features=128, bias=True)
  (dice4): Dice(
    (bn): LayerNorm((128,), eps=0.0001, elementwise_affine=False)
  )
  (fc5): Linear(in_features=128, out_features=64, bias=True)
  (dice5): Dice(
    (bn): LayerNorm((64,), eps=0.0001, elementwise_affine=False)
  )
  (fc_gmv): Linear(in_features=64, out_features=1, bias=True)
)
Tue 14 Oct 2025 20:32:24 INFO data_size: 1776
Tue 14 Oct 2025 20:32:24 INFO multi_pay_size: 935
Tue 14 Oct 2025 20:32:24 INFO Testing Day 1...
Tue 14 Oct 2025 20:32:24 INFO Day 1 - Test AUC: 0.8035, Test ACC: 0.2416, Test ALPR: 0.8383
Pretrain Test AUC: 0.8035, Pretrain Test ACC: 0.2416, Pretrain ALPR:0.8383

Tue 14 Oct 2025 20:32:24 INFO data_size: 8970
Tue 14 Oct 2025 20:32:24 INFO multi_pay_size: 4594
Tue 14 Oct 2025 20:32:24 INFO Testing Day 2...
Tue 14 Oct 2025 20:32:25 INFO Day 2 - Test AUC: 0.8055, Test ACC: 0.2542, Test ALPR: 0.8140
Pretrain Test AUC: 0.8055, Pretrain Test ACC: 0.2542, Pretrain ALPR:0.8140

Tue 14 Oct 2025 20:32:25 INFO data_size: 14174
Tue 14 Oct 2025 20:32:25 INFO multi_pay_size: 7505
Tue 14 Oct 2025 20:32:25 INFO Testing Day 3...
Tue 14 Oct 2025 20:32:26 INFO Day 3 - Test AUC: 0.8078, Test ACC: 0.2542, Test ALPR: 0.8078
Pretrain Test AUC: 0.8078, Pretrain Test ACC: 0.2542, Pretrain ALPR:0.8078

Tue 14 Oct 2025 20:32:26 INFO data_size: 13320
Tue 14 Oct 2025 20:32:26 INFO multi_pay_size: 6971
Tue 14 Oct 2025 20:32:26 INFO Testing Day 4...
Tue 14 Oct 2025 20:32:27 INFO Day 4 - Test AUC: 0.8027, Test ACC: 0.2543, Test ALPR: 0.8135
Pretrain Test AUC: 0.8027, Pretrain Test ACC: 0.2543, Pretrain ALPR:0.8135

Tue 14 Oct 2025 20:32:27 INFO data_size: 11732
Tue 14 Oct 2025 20:32:27 INFO multi_pay_size: 6186
Tue 14 Oct 2025 20:32:27 INFO Testing Day 5...
Tue 14 Oct 2025 20:32:28 INFO Day 5 - Test AUC: 0.8030, Test ACC: 0.2545, Test ALPR: 0.8346
Pretrain Test AUC: 0.8030, Pretrain Test ACC: 0.2545, Pretrain ALPR:0.8346

Tue 14 Oct 2025 20:32:28 INFO data_size: 9746
Tue 14 Oct 2025 20:32:28 INFO multi_pay_size: 5148
Tue 14 Oct 2025 20:32:28 INFO Testing Day 6...
Tue 14 Oct 2025 20:32:28 INFO Day 6 - Test AUC: 0.8042, Test ACC: 0.2585, Test ALPR: 0.8185
Pretrain Test AUC: 0.8042, Pretrain Test ACC: 0.2585, Pretrain ALPR:0.8185

Tue 14 Oct 2025 20:32:28 INFO data_size: 10403
Tue 14 Oct 2025 20:32:28 INFO multi_pay_size: 5330
Tue 14 Oct 2025 20:32:28 INFO Testing Day 7...
Tue 14 Oct 2025 20:32:30 INFO Day 7 - Test AUC: 0.8124, Test ACC: 0.2542, Test ALPR: 0.8106
Pretrain Test AUC: 0.8124, Pretrain Test ACC: 0.2542, Pretrain ALPR:0.8106

Tue 14 Oct 2025 20:32:30 INFO data_size: 3760
Tue 14 Oct 2025 20:32:30 INFO multi_pay_size: 1955
Tue 14 Oct 2025 20:32:30 INFO Testing Day 8...
Tue 14 Oct 2025 20:32:30 INFO Day 8 - Test AUC: 0.7995, Test ACC: 0.2628, Test ALPR: 0.8069
Pretrain Test AUC: 0.7995, Pretrain Test ACC: 0.2628, Pretrain ALPR:0.8069

Tue 14 Oct 2025 20:32:31 INFO data_size: 91233
Tue 14 Oct 2025 20:32:31 INFO multi_pay_size: 44138
Tue 14 Oct 2025 20:32:34 INFO Train Day 0 - Epoch 1 - Avg Loss: 0.5398
Tue 14 Oct 2025 20:32:34 INFO data_size: 1620
Tue 14 Oct 2025 20:32:34 INFO multi_pay_size: 823
Tue 14 Oct 2025 20:32:34 INFO Testing Day 9...
Tue 14 Oct 2025 20:32:35 INFO Day 9 - Test AUC: 0.7965, Test ACC: 0.2568, Test ALPR: 0.8436
Pretrain Test AUC: 0.7955, Pretrain Test ACC: 0.2481, Pretrain ALPR:0.8412

Tue 14 Oct 2025 20:32:35 INFO data_size: 8045
Tue 14 Oct 2025 20:32:35 INFO multi_pay_size: 4044
Tue 14 Oct 2025 20:32:35 INFO Testing Day 10...
Tue 14 Oct 2025 20:32:35 INFO Day 10 - Test AUC: 0.8094, Test ACC: 0.2569, Test ALPR: 0.7946
Pretrain Test AUC: 0.8091, Pretrain Test ACC: 0.2566, Pretrain ALPR:0.7919

Tue 14 Oct 2025 20:32:35 INFO data_size: 13978
Tue 14 Oct 2025 20:32:35 INFO multi_pay_size: 7380
Tue 14 Oct 2025 20:32:35 INFO Testing Day 11...
Tue 14 Oct 2025 20:32:36 INFO Day 11 - Test AUC: 0.8035, Test ACC: 0.2606, Test ALPR: 0.8147
Pretrain Test AUC: 0.8027, Pretrain Test ACC: 0.2524, Pretrain ALPR:0.8127

Tue 14 Oct 2025 20:32:36 INFO data_size: 13577
Tue 14 Oct 2025 20:32:36 INFO multi_pay_size: 7026
Tue 14 Oct 2025 20:32:36 INFO Testing Day 12...
Tue 14 Oct 2025 20:32:37 INFO Day 12 - Test AUC: 0.8056, Test ACC: 0.2677, Test ALPR: 0.8080
Pretrain Test AUC: 0.8047, Pretrain Test ACC: 0.2576, Pretrain ALPR:0.8061

Tue 14 Oct 2025 20:32:38 INFO data_size: 12545
Tue 14 Oct 2025 20:32:38 INFO multi_pay_size: 6475
Tue 14 Oct 2025 20:32:38 INFO Testing Day 13...
Tue 14 Oct 2025 20:32:39 INFO Day 13 - Test AUC: 0.8119, Test ACC: 0.2688, Test ALPR: 0.7991
Pretrain Test AUC: 0.8114, Pretrain Test ACC: 0.2627, Pretrain ALPR:0.7971

Tue 14 Oct 2025 20:32:39 INFO data_size: 10707
Tue 14 Oct 2025 20:32:39 INFO multi_pay_size: 5618
Tue 14 Oct 2025 20:32:39 INFO Testing Day 14...
Tue 14 Oct 2025 20:32:40 INFO Day 14 - Test AUC: 0.8020, Test ACC: 0.2566, Test ALPR: 0.8245
Pretrain Test AUC: 0.8013, Pretrain Test ACC: 0.2481, Pretrain ALPR:0.8226

Tue 14 Oct 2025 20:32:40 INFO data_size: 11343
Tue 14 Oct 2025 20:32:40 INFO multi_pay_size: 5776
Tue 14 Oct 2025 20:32:40 INFO Testing Day 15...
Tue 14 Oct 2025 20:32:41 INFO Day 15 - Test AUC: 0.8127, Test ACC: 0.2601, Test ALPR: 0.7889
Pretrain Test AUC: 0.8121, Pretrain Test ACC: 0.2587, Pretrain ALPR:0.7884

Tue 14 Oct 2025 20:32:41 INFO data_size: 3802
Tue 14 Oct 2025 20:32:41 INFO multi_pay_size: 1994
Tue 14 Oct 2025 20:32:41 INFO Testing Day 16...
Tue 14 Oct 2025 20:32:41 INFO Day 16 - Test AUC: 0.8045, Test ACC: 0.2641, Test ALPR: 0.7929
Pretrain Test AUC: 0.8039, Pretrain Test ACC: 0.2570, Pretrain ALPR:0.7906

Tue 14 Oct 2025 20:32:42 INFO data_size: 67173
Tue 14 Oct 2025 20:32:42 INFO multi_pay_size: 35279
Tue 14 Oct 2025 20:32:44 INFO Train Day 1 - Epoch 1 - Avg Loss: 0.5469
Tue 14 Oct 2025 20:32:44 INFO data_size: 1559
Tue 14 Oct 2025 20:32:44 INFO multi_pay_size: 778
Tue 14 Oct 2025 20:32:44 INFO Testing Day 17...
Tue 14 Oct 2025 20:32:45 INFO Day 17 - Test AUC: 0.8125, Test ACC: 0.2508, Test ALPR: 0.8067
Pretrain Test AUC: 0.8118, Pretrain Test ACC: 0.2463, Pretrain ALPR:0.8106

Tue 14 Oct 2025 20:32:45 INFO data_size: 7834
Tue 14 Oct 2025 20:32:45 INFO multi_pay_size: 4000
Tue 14 Oct 2025 20:32:45 INFO Testing Day 18...
Tue 14 Oct 2025 20:32:46 INFO Day 18 - Test AUC: 0.8086, Test ACC: 0.2524, Test ALPR: 0.8172
Pretrain Test AUC: 0.8079, Pretrain Test ACC: 0.2496, Pretrain ALPR:0.8209

Tue 14 Oct 2025 20:32:46 INFO data_size: 14716
Tue 14 Oct 2025 20:32:46 INFO multi_pay_size: 7787
Tue 14 Oct 2025 20:32:46 INFO Testing Day 19...
Tue 14 Oct 2025 20:32:47 INFO Day 19 - Test AUC: 0.8046, Test ACC: 0.2543, Test ALPR: 0.8013
Pretrain Test AUC: 0.8037, Pretrain Test ACC: 0.2533, Pretrain ALPR:0.8081

Tue 14 Oct 2025 20:32:47 INFO data_size: 13412
Tue 14 Oct 2025 20:32:47 INFO multi_pay_size: 7154
Tue 14 Oct 2025 20:32:47 INFO Testing Day 20...
Tue 14 Oct 2025 20:32:48 INFO Day 20 - Test AUC: 0.8053, Test ACC: 0.2550, Test ALPR: 0.8097
Pretrain Test AUC: 0.8044, Pretrain Test ACC: 0.2508, Pretrain ALPR:0.8150

Tue 14 Oct 2025 20:32:48 INFO data_size: 12628
Tue 14 Oct 2025 20:32:48 INFO multi_pay_size: 6708
Tue 14 Oct 2025 20:32:48 INFO Testing Day 21...
Tue 14 Oct 2025 20:32:49 INFO Day 21 - Test AUC: 0.8057, Test ACC: 0.2635, Test ALPR: 0.8007
Pretrain Test AUC: 0.8049, Pretrain Test ACC: 0.2591, Pretrain ALPR:0.8056

Tue 14 Oct 2025 20:32:49 INFO data_size: 11033
Tue 14 Oct 2025 20:32:49 INFO multi_pay_size: 5801
Tue 14 Oct 2025 20:32:49 INFO Testing Day 22...
Tue 14 Oct 2025 20:32:50 INFO Day 22 - Test AUC: 0.8114, Test ACC: 0.2610, Test ALPR: 0.7948
Pretrain Test AUC: 0.8103, Pretrain Test ACC: 0.2611, Pretrain ALPR:0.7984

Tue 14 Oct 2025 20:32:50 INFO data_size: 11356
Tue 14 Oct 2025 20:32:50 INFO multi_pay_size: 5765
Tue 14 Oct 2025 20:32:50 INFO Testing Day 23...
Tue 14 Oct 2025 20:32:51 INFO Day 23 - Test AUC: 0.8143, Test ACC: 0.2633, Test ALPR: 0.7815
Pretrain Test AUC: 0.8132, Pretrain Test ACC: 0.2597, Pretrain ALPR:0.7860

Tue 14 Oct 2025 20:32:51 INFO data_size: 3842
Tue 14 Oct 2025 20:32:51 INFO multi_pay_size: 2027
Tue 14 Oct 2025 20:32:51 INFO Testing Day 24...
Tue 14 Oct 2025 20:32:51 INFO Day 24 - Test AUC: 0.8021, Test ACC: 0.2543, Test ALPR: 0.7923
Pretrain Test AUC: 0.8018, Pretrain Test ACC: 0.2413, Pretrain ALPR:0.8009

Tue 14 Oct 2025 20:32:52 INFO data_size: 70033
Tue 14 Oct 2025 20:32:52 INFO multi_pay_size: 36790
Tue 14 Oct 2025 20:32:54 INFO Train Day 2 - Epoch 1 - Avg Loss: 0.5395
Tue 14 Oct 2025 20:32:54 INFO data_size: 1547
Tue 14 Oct 2025 20:32:54 INFO multi_pay_size: 785
Tue 14 Oct 2025 20:32:54 INFO Testing Day 25...
Tue 14 Oct 2025 20:32:55 INFO Day 25 - Test AUC: 0.8109, Test ACC: 0.2644, Test ALPR: 0.7886
Pretrain Test AUC: 0.8094, Pretrain Test ACC: 0.2515, Pretrain ALPR:0.7950

Tue 14 Oct 2025 20:32:55 INFO data_size: 8123
Tue 14 Oct 2025 20:32:55 INFO multi_pay_size: 4213
Tue 14 Oct 2025 20:32:55 INFO Testing Day 26...
Tue 14 Oct 2025 20:32:56 INFO Day 26 - Test AUC: 0.8082, Test ACC: 0.2602, Test ALPR: 0.7958
Pretrain Test AUC: 0.8071, Pretrain Test ACC: 0.2605, Pretrain ALPR:0.8020

Tue 14 Oct 2025 20:32:56 INFO data_size: 15058
Tue 14 Oct 2025 20:32:56 INFO multi_pay_size: 7962
Tue 14 Oct 2025 20:32:56 INFO Testing Day 27...
Tue 14 Oct 2025 20:32:57 INFO Day 27 - Test AUC: 0.8044, Test ACC: 0.2623, Test ALPR: 0.7984
Pretrain Test AUC: 0.8032, Pretrain Test ACC: 0.2569, Pretrain ALPR:0.8065

Tue 14 Oct 2025 20:32:57 INFO data_size: 14011
Tue 14 Oct 2025 20:32:57 INFO multi_pay_size: 7296
Tue 14 Oct 2025 20:32:57 INFO Testing Day 28...
Tue 14 Oct 2025 20:32:58 INFO Day 28 - Test AUC: 0.8067, Test ACC: 0.2742, Test ALPR: 0.7902
Pretrain Test AUC: 0.8052, Pretrain Test ACC: 0.2629, Pretrain ALPR:0.8000

Tue 14 Oct 2025 20:32:58 INFO data_size: 12286
Tue 14 Oct 2025 20:32:58 INFO multi_pay_size: 6540
Tue 14 Oct 2025 20:32:58 INFO Testing Day 29...
Tue 14 Oct 2025 20:32:59 INFO Day 29 - Test AUC: 0.8031, Test ACC: 0.2565, Test ALPR: 0.8196
Pretrain Test AUC: 0.8020, Pretrain Test ACC: 0.2473, Pretrain ALPR:0.8272

Tue 14 Oct 2025 20:32:59 INFO data_size: 10697
Tue 14 Oct 2025 20:32:59 INFO multi_pay_size: 5814
Tue 14 Oct 2025 20:32:59 INFO Testing Day 30...
Tue 14 Oct 2025 20:33:00 INFO Day 30 - Test AUC: 0.8076, Test ACC: 0.2585, Test ALPR: 0.8095
Pretrain Test AUC: 0.8069, Pretrain Test ACC: 0.2560, Pretrain ALPR:0.8155

Tue 14 Oct 2025 20:33:00 INFO data_size: 10636
Tue 14 Oct 2025 20:33:00 INFO multi_pay_size: 5539
Tue 14 Oct 2025 20:33:00 INFO Testing Day 31...
Tue 14 Oct 2025 20:33:01 INFO Day 31 - Test AUC: 0.8115, Test ACC: 0.2619, Test ALPR: 0.7902
Pretrain Test AUC: 0.8106, Pretrain Test ACC: 0.2589, Pretrain ALPR:0.7976

Tue 14 Oct 2025 20:33:01 INFO data_size: 3631
Tue 14 Oct 2025 20:33:01 INFO multi_pay_size: 1941
Tue 14 Oct 2025 20:33:01 INFO Testing Day 32...
Tue 14 Oct 2025 20:33:01 INFO Day 32 - Test AUC: 0.8039, Test ACC: 0.2666, Test ALPR: 0.7817
Pretrain Test AUC: 0.8029, Pretrain Test ACC: 0.2589, Pretrain ALPR:0.7902

Tue 14 Oct 2025 20:33:02 INFO data_size: 71225
Tue 14 Oct 2025 20:33:02 INFO multi_pay_size: 37646
Tue 14 Oct 2025 20:33:05 INFO Train Day 3 - Epoch 1 - Avg Loss: 0.5454
Tue 14 Oct 2025 20:33:05 INFO data_size: 1631
Tue 14 Oct 2025 20:33:05 INFO multi_pay_size: 827
Tue 14 Oct 2025 20:33:05 INFO Testing Day 33...
Tue 14 Oct 2025 20:33:06 INFO Day 33 - Test AUC: 0.8074, Test ACC: 0.2422, Test ALPR: 0.8014
Pretrain Test AUC: 0.8058, Pretrain Test ACC: 0.2465, Pretrain ALPR:0.8113

Tue 14 Oct 2025 20:33:06 INFO data_size: 8854
Tue 14 Oct 2025 20:33:06 INFO multi_pay_size: 4627
Tue 14 Oct 2025 20:33:06 INFO Testing Day 34...
Tue 14 Oct 2025 20:33:06 INFO Day 34 - Test AUC: 0.8041, Test ACC: 0.2536, Test ALPR: 0.8211
Pretrain Test AUC: 0.8033, Pretrain Test ACC: 0.2519, Pretrain ALPR:0.8267

Tue 14 Oct 2025 20:33:06 INFO data_size: 14591
Tue 14 Oct 2025 20:33:06 INFO multi_pay_size: 7707
Tue 14 Oct 2025 20:33:06 INFO Testing Day 35...
Tue 14 Oct 2025 20:33:07 INFO Day 35 - Test AUC: 0.8048, Test ACC: 0.2608, Test ALPR: 0.8018
Pretrain Test AUC: 0.8037, Pretrain Test ACC: 0.2577, Pretrain ALPR:0.8097

Tue 14 Oct 2025 20:33:07 INFO data_size: 13916
Tue 14 Oct 2025 20:33:07 INFO multi_pay_size: 7351
Tue 14 Oct 2025 20:33:07 INFO Testing Day 36...
Tue 14 Oct 2025 20:33:08 INFO Day 36 - Test AUC: 0.8086, Test ACC: 0.2611, Test ALPR: 0.8014
Pretrain Test AUC: 0.8071, Pretrain Test ACC: 0.2479, Pretrain ALPR:0.8118

Tue 14 Oct 2025 20:33:08 INFO data_size: 12600
Tue 14 Oct 2025 20:33:08 INFO multi_pay_size: 6607
Tue 14 Oct 2025 20:33:08 INFO Testing Day 37...
Tue 14 Oct 2025 20:33:10 INFO Day 37 - Test AUC: 0.8061, Test ACC: 0.2625, Test ALPR: 0.8062
Pretrain Test AUC: 0.8052, Pretrain Test ACC: 0.2601, Pretrain ALPR:0.8122

Tue 14 Oct 2025 20:33:10 INFO data_size: 10666
Tue 14 Oct 2025 20:33:10 INFO multi_pay_size: 5738
Tue 14 Oct 2025 20:33:10 INFO Testing Day 38...
Tue 14 Oct 2025 20:33:10 INFO Day 38 - Test AUC: 0.8017, Test ACC: 0.2679, Test ALPR: 0.8105
Pretrain Test AUC: 0.8009, Pretrain Test ACC: 0.2554, Pretrain ALPR:0.8197

Tue 14 Oct 2025 20:33:10 INFO data_size: 10758
Tue 14 Oct 2025 20:33:10 INFO multi_pay_size: 5636
Tue 14 Oct 2025 20:33:10 INFO Testing Day 39...
Tue 14 Oct 2025 20:33:11 INFO Day 39 - Test AUC: 0.8103, Test ACC: 0.2667, Test ALPR: 0.7864
Pretrain Test AUC: 0.8092, Pretrain Test ACC: 0.2575, Pretrain ALPR:0.7948

Tue 14 Oct 2025 20:33:11 INFO data_size: 3457
Tue 14 Oct 2025 20:33:11 INFO multi_pay_size: 1831
Tue 14 Oct 2025 20:33:11 INFO Testing Day 40...
Tue 14 Oct 2025 20:33:12 INFO Day 40 - Test AUC: 0.8008, Test ACC: 0.2653, Test ALPR: 0.8037
Pretrain Test AUC: 0.8000, Pretrain Test ACC: 0.2548, Pretrain ALPR:0.8123

Tue 14 Oct 2025 20:33:12 INFO data_size: 71607
Tue 14 Oct 2025 20:33:12 INFO multi_pay_size: 37607
Tue 14 Oct 2025 20:33:16 INFO Train Day 4 - Epoch 1 - Avg Loss: 0.5418
Tue 14 Oct 2025 20:33:16 INFO data_size: 1523
Tue 14 Oct 2025 20:33:17 INFO multi_pay_size: 775
Tue 14 Oct 2025 20:33:17 INFO Testing Day 41...
Tue 14 Oct 2025 20:33:17 INFO Day 41 - Test AUC: 0.8122, Test ACC: 0.2469, Test ALPR: 0.8078
Pretrain Test AUC: 0.8111, Pretrain Test ACC: 0.2456, Pretrain ALPR:0.8170

Tue 14 Oct 2025 20:33:17 INFO data_size: 8518
Tue 14 Oct 2025 20:33:17 INFO multi_pay_size: 4461
Tue 14 Oct 2025 20:33:17 INFO Testing Day 42...
Tue 14 Oct 2025 20:33:18 INFO Day 42 - Test AUC: 0.8035, Test ACC: 0.2610, Test ALPR: 0.8088
Pretrain Test AUC: 0.8026, Pretrain Test ACC: 0.2578, Pretrain ALPR:0.8160

Tue 14 Oct 2025 20:33:18 INFO data_size: 14652
Tue 14 Oct 2025 20:33:18 INFO multi_pay_size: 8010
Tue 14 Oct 2025 20:33:18 INFO Testing Day 43...
Tue 14 Oct 2025 20:33:19 INFO Day 43 - Test AUC: 0.8032, Test ACC: 0.2563, Test ALPR: 0.8093
Pretrain Test AUC: 0.8019, Pretrain Test ACC: 0.2505, Pretrain ALPR:0.8195

Tue 14 Oct 2025 20:33:19 INFO data_size: 13941
Tue 14 Oct 2025 20:33:19 INFO multi_pay_size: 7459
Tue 14 Oct 2025 20:33:19 INFO Testing Day 44...
Tue 14 Oct 2025 20:33:20 INFO Day 44 - Test AUC: 0.8056, Test ACC: 0.2627, Test ALPR: 0.8108
Pretrain Test AUC: 0.8044, Pretrain Test ACC: 0.2556, Pretrain ALPR:0.8198

Tue 14 Oct 2025 20:33:20 INFO data_size: 11773
Tue 14 Oct 2025 20:33:20 INFO multi_pay_size: 6453
Tue 14 Oct 2025 20:33:20 INFO Testing Day 45...
Tue 14 Oct 2025 20:33:21 INFO Day 45 - Test AUC: 0.8035, Test ACC: 0.2624, Test ALPR: 0.8240
Pretrain Test AUC: 0.8021, Pretrain Test ACC: 0.2536, Pretrain ALPR:0.8317

Tue 14 Oct 2025 20:33:21 INFO data_size: 9751
Tue 14 Oct 2025 20:33:21 INFO multi_pay_size: 5372
Tue 14 Oct 2025 20:33:21 INFO Testing Day 46...
Tue 14 Oct 2025 20:33:22 INFO Day 46 - Test AUC: 0.8060, Test ACC: 0.2555, Test ALPR: 0.8121
Pretrain Test AUC: 0.8048, Pretrain Test ACC: 0.2491, Pretrain ALPR:0.8204

Tue 14 Oct 2025 20:33:22 INFO data_size: 10491
Tue 14 Oct 2025 20:33:22 INFO multi_pay_size: 5570
Tue 14 Oct 2025 20:33:22 INFO Testing Day 47...
Tue 14 Oct 2025 20:33:22 INFO Day 47 - Test AUC: 0.8091, Test ACC: 0.2573, Test ALPR: 0.7967
Pretrain Test AUC: 0.8073, Pretrain Test ACC: 0.2509, Pretrain ALPR:0.8070

Tue 14 Oct 2025 20:33:23 INFO data_size: 3502
Tue 14 Oct 2025 20:33:23 INFO multi_pay_size: 1902
Tue 14 Oct 2025 20:33:23 INFO Testing Day 48...
Tue 14 Oct 2025 20:33:23 INFO Day 48 - Test AUC: 0.7916, Test ACC: 0.2590, Test ALPR: 0.8224
Pretrain Test AUC: 0.7907, Pretrain Test ACC: 0.2550, Pretrain ALPR:0.8298

Tue 14 Oct 2025 20:33:23 INFO data_size: 77161
Tue 14 Oct 2025 20:33:23 INFO multi_pay_size: 40683
Tue 14 Oct 2025 20:33:28 INFO Train Day 5 - Epoch 1 - Avg Loss: 0.5470
Tue 14 Oct 2025 20:33:28 INFO data_size: 1465
Tue 14 Oct 2025 20:33:28 INFO multi_pay_size: 739
Tue 14 Oct 2025 20:33:28 INFO Testing Day 49...
Tue 14 Oct 2025 20:33:28 INFO Day 49 - Test AUC: 0.8106, Test ACC: 0.2512, Test ALPR: 0.8032
Pretrain Test AUC: 0.8088, Pretrain Test ACC: 0.2416, Pretrain ALPR:0.8117

Tue 14 Oct 2025 20:33:29 INFO data_size: 8653
Tue 14 Oct 2025 20:33:29 INFO multi_pay_size: 4575
Tue 14 Oct 2025 20:33:29 INFO Testing Day 50...
Tue 14 Oct 2025 20:33:30 INFO Day 50 - Test AUC: 0.8104, Test ACC: 0.2487, Test ALPR: 0.8112
Pretrain Test AUC: 0.8092, Pretrain Test ACC: 0.2455, Pretrain ALPR:0.8169

Tue 14 Oct 2025 20:33:30 INFO data_size: 14688
Tue 14 Oct 2025 20:33:30 INFO multi_pay_size: 7909
Tue 14 Oct 2025 20:33:30 INFO Testing Day 51...
Tue 14 Oct 2025 20:33:31 INFO Day 51 - Test AUC: 0.8032, Test ACC: 0.2606, Test ALPR: 0.8097
Pretrain Test AUC: 0.8018, Pretrain Test ACC: 0.2493, Pretrain ALPR:0.8170

Tue 14 Oct 2025 20:33:31 INFO data_size: 14356
Tue 14 Oct 2025 20:33:31 INFO multi_pay_size: 7828
Tue 14 Oct 2025 20:33:31 INFO Testing Day 52...
Tue 14 Oct 2025 20:33:32 INFO Day 52 - Test AUC: 0.8024, Test ACC: 0.2669, Test ALPR: 0.8142
Pretrain Test AUC: 0.8008, Pretrain Test ACC: 0.2579, Pretrain ALPR:0.8217

Tue 14 Oct 2025 20:33:32 INFO data_size: 12882
Tue 14 Oct 2025 20:33:32 INFO multi_pay_size: 6879
Tue 14 Oct 2025 20:33:32 INFO Testing Day 53...
Tue 14 Oct 2025 20:33:33 INFO Day 53 - Test AUC: 0.8054, Test ACC: 0.2638, Test ALPR: 0.8180
Pretrain Test AUC: 0.8041, Pretrain Test ACC: 0.2555, Pretrain ALPR:0.8264

Tue 14 Oct 2025 20:33:33 INFO data_size: 11182
Tue 14 Oct 2025 20:33:33 INFO multi_pay_size: 6112
Tue 14 Oct 2025 20:33:33 INFO Testing Day 54...
Tue 14 Oct 2025 20:33:34 INFO Day 54 - Test AUC: 0.8071, Test ACC: 0.2558, Test ALPR: 0.8124
Pretrain Test AUC: 0.8057, Pretrain Test ACC: 0.2468, Pretrain ALPR:0.8191

Tue 14 Oct 2025 20:33:34 INFO data_size: 12062
Tue 14 Oct 2025 20:33:34 INFO multi_pay_size: 6287
Tue 14 Oct 2025 20:33:34 INFO Testing Day 55...
Tue 14 Oct 2025 20:33:35 INFO Day 55 - Test AUC: 0.8123, Test ACC: 0.2592, Test ALPR: 0.7993
Pretrain Test AUC: 0.8102, Pretrain Test ACC: 0.2512, Pretrain ALPR:0.8091

Tue 14 Oct 2025 20:33:35 INFO data_size: 3872
Tue 14 Oct 2025 20:33:35 INFO multi_pay_size: 2096
Tue 14 Oct 2025 20:33:35 INFO Testing Day 56...
Tue 14 Oct 2025 20:33:35 INFO Day 56 - Test AUC: 0.8001, Test ACC: 0.2523, Test ALPR: 0.8043
Pretrain Test AUC: 0.7990, Pretrain Test ACC: 0.2531, Pretrain ALPR:0.8070

Tue 14 Oct 2025 20:33:36 INFO data_size: 77886
Tue 14 Oct 2025 20:33:36 INFO multi_pay_size: 41049
Tue 14 Oct 2025 20:33:40 INFO Train Day 6 - Epoch 1 - Avg Loss: 0.5493
Tue 14 Oct 2025 20:33:40 INFO data_size: 1718
Tue 14 Oct 2025 20:33:40 INFO multi_pay_size: 874
Tue 14 Oct 2025 20:33:40 INFO Testing Day 57...
Tue 14 Oct 2025 20:33:40 INFO Day 57 - Test AUC: 0.7848, Test ACC: 0.2288, Test ALPR: 0.8773
Pretrain Test AUC: 0.7827, Pretrain Test ACC: 0.2276, Pretrain ALPR:0.8890

Tue 14 Oct 2025 20:33:40 INFO data_size: 9327
Tue 14 Oct 2025 20:33:40 INFO multi_pay_size: 4993
Tue 14 Oct 2025 20:33:40 INFO Testing Day 58...
Tue 14 Oct 2025 20:33:41 INFO Day 58 - Test AUC: 0.8059, Test ACC: 0.2475, Test ALPR: 0.8152
Pretrain Test AUC: 0.8046, Pretrain Test ACC: 0.2427, Pretrain ALPR:0.8237

Tue 14 Oct 2025 20:33:41 INFO data_size: 15275
Tue 14 Oct 2025 20:33:41 INFO multi_pay_size: 8315
Tue 14 Oct 2025 20:33:41 INFO Testing Day 59...
Tue 14 Oct 2025 20:33:42 INFO Day 59 - Test AUC: 0.8048, Test ACC: 0.2601, Test ALPR: 0.8131
Pretrain Test AUC: 0.8031, Pretrain Test ACC: 0.2527, Pretrain ALPR:0.8223

Tue 14 Oct 2025 20:33:43 INFO data_size: 14438
Tue 14 Oct 2025 20:33:43 INFO multi_pay_size: 7756
Tue 14 Oct 2025 20:33:43 INFO Testing Day 60...
Tue 14 Oct 2025 20:33:43 INFO Day 60 - Test AUC: 0.8054, Test ACC: 0.2595, Test ALPR: 0.8170
Pretrain Test AUC: 0.8039, Pretrain Test ACC: 0.2534, Pretrain ALPR:0.8252

Tue 14 Oct 2025 20:33:44 INFO data_size: 12530
Tue 14 Oct 2025 20:33:44 INFO multi_pay_size: 6709
Tue 14 Oct 2025 20:33:44 INFO Testing Day 61...
Tue 14 Oct 2025 20:33:44 INFO Day 61 - Test AUC: 0.8035, Test ACC: 0.2597, Test ALPR: 0.8102
Pretrain Test AUC: 0.8017, Pretrain Test ACC: 0.2547, Pretrain ALPR:0.8182

Tue 14 Oct 2025 20:33:44 INFO data_size: 10325
Tue 14 Oct 2025 20:33:44 INFO multi_pay_size: 5782
Tue 14 Oct 2025 20:33:44 INFO Testing Day 62...
Tue 14 Oct 2025 20:33:45 INFO Day 62 - Test AUC: 0.8060, Test ACC: 0.2529, Test ALPR: 0.8141
Pretrain Test AUC: 0.8049, Pretrain Test ACC: 0.2442, Pretrain ALPR:0.8218

Tue 14 Oct 2025 20:33:45 INFO data_size: 11145
Tue 14 Oct 2025 20:33:45 INFO multi_pay_size: 5953
Tue 14 Oct 2025 20:33:45 INFO Testing Day 63...
Tue 14 Oct 2025 20:33:46 INFO Day 63 - Test AUC: 0.8107, Test ACC: 0.2633, Test ALPR: 0.8043
Pretrain Test AUC: 0.8088, Pretrain Test ACC: 0.2536, Pretrain ALPR:0.8132

Tue 14 Oct 2025 20:33:46 INFO data_size: 4097
Tue 14 Oct 2025 20:33:46 INFO multi_pay_size: 2253
Tue 14 Oct 2025 20:33:46 INFO Testing Day 64...
Tue 14 Oct 2025 20:33:47 INFO Day 64 - Test AUC: 0.8102, Test ACC: 0.2670, Test ALPR: 0.7813
Pretrain Test AUC: 0.8089, Pretrain Test ACC: 0.2665, Pretrain ALPR:0.7884

Tue 14 Oct 2025 20:33:47 INFO data_size: 73802
Tue 14 Oct 2025 20:33:47 INFO multi_pay_size: 38549
Tue 14 Oct 2025 20:33:50 INFO Train Day 7 - Epoch 1 - Avg Loss: 0.5504
Tue 14 Oct 2025 20:33:50 INFO data_size: 1648
Tue 14 Oct 2025 20:33:50 INFO multi_pay_size: 856
Tue 14 Oct 2025 20:33:50 INFO Testing Day 65...
Tue 14 Oct 2025 20:33:51 INFO Day 65 - Test AUC: 0.8036, Test ACC: 0.2470, Test ALPR: 0.8267
Pretrain Test AUC: 0.8010, Pretrain Test ACC: 0.2373, Pretrain ALPR:0.8368

Tue 14 Oct 2025 20:33:51 INFO data_size: 8694
Tue 14 Oct 2025 20:33:51 INFO multi_pay_size: 4518
Tue 14 Oct 2025 20:33:51 INFO Testing Day 66...
Tue 14 Oct 2025 20:33:52 INFO Day 66 - Test AUC: 0.8069, Test ACC: 0.2567, Test ALPR: 0.8123
Pretrain Test AUC: 0.8055, Pretrain Test ACC: 0.2475, Pretrain ALPR:0.8216

Tue 14 Oct 2025 20:33:52 INFO data_size: 15448
Tue 14 Oct 2025 20:33:52 INFO multi_pay_size: 8350
Tue 14 Oct 2025 20:33:52 INFO Testing Day 67...
Tue 14 Oct 2025 20:33:53 INFO Day 67 - Test AUC: 0.8059, Test ACC: 0.2563, Test ALPR: 0.8099
Pretrain Test AUC: 0.8046, Pretrain Test ACC: 0.2510, Pretrain ALPR:0.8172

Tue 14 Oct 2025 20:33:53 INFO data_size: 15034
Tue 14 Oct 2025 20:33:53 INFO multi_pay_size: 8223
Tue 14 Oct 2025 20:33:53 INFO Testing Day 68...
Tue 14 Oct 2025 20:33:54 INFO Day 68 - Test AUC: 0.8094, Test ACC: 0.2620, Test ALPR: 0.8148
Pretrain Test AUC: 0.8080, Pretrain Test ACC: 0.2572, Pretrain ALPR:0.8241

Tue 14 Oct 2025 20:33:54 INFO data_size: 13816
Tue 14 Oct 2025 20:33:54 INFO multi_pay_size: 7350
Tue 14 Oct 2025 20:33:54 INFO Testing Day 69...
Tue 14 Oct 2025 20:33:55 INFO Day 69 - Test AUC: 0.8064, Test ACC: 0.2601, Test ALPR: 0.8112
Pretrain Test AUC: 0.8042, Pretrain Test ACC: 0.2489, Pretrain ALPR:0.8217

Tue 14 Oct 2025 20:33:56 INFO data_size: 10802
Tue 14 Oct 2025 20:33:56 INFO multi_pay_size: 5812
Tue 14 Oct 2025 20:33:56 INFO Testing Day 70...
Tue 14 Oct 2025 20:33:56 INFO Day 70 - Test AUC: 0.8108, Test ACC: 0.2628, Test ALPR: 0.8036
Pretrain Test AUC: 0.8089, Pretrain Test ACC: 0.2556, Pretrain ALPR:0.8129

Tue 14 Oct 2025 20:33:57 INFO data_size: 11193
Tue 14 Oct 2025 20:33:57 INFO multi_pay_size: 5814
Tue 14 Oct 2025 20:33:57 INFO Testing Day 71...
Tue 14 Oct 2025 20:33:58 INFO Day 71 - Test AUC: 0.8117, Test ACC: 0.2588, Test ALPR: 0.7974
Pretrain Test AUC: 0.8103, Pretrain Test ACC: 0.2535, Pretrain ALPR:0.8060

Tue 14 Oct 2025 20:33:58 INFO data_size: 4416
Tue 14 Oct 2025 20:33:58 INFO multi_pay_size: 2376
Tue 14 Oct 2025 20:33:58 INFO Testing Day 72...
Tue 14 Oct 2025 20:33:58 INFO Day 72 - Test AUC: 0.8108, Test ACC: 0.2486, Test ALPR: 0.7874
Pretrain Test AUC: 0.8094, Pretrain Test ACC: 0.2489, Pretrain ALPR:0.7941

Tue 14 Oct 2025 20:33:59 INFO data_size: 75575
Tue 14 Oct 2025 20:33:59 INFO multi_pay_size: 39097
Tue 14 Oct 2025 20:34:02 INFO Train Day 8 - Epoch 1 - Avg Loss: 0.5419
Tue 14 Oct 2025 20:34:02 INFO data_size: 1782
Tue 14 Oct 2025 20:34:02 INFO multi_pay_size: 930
Tue 14 Oct 2025 20:34:02 INFO Testing Day 73...
Tue 14 Oct 2025 20:34:03 INFO Day 73 - Test AUC: 0.8094, Test ACC: 0.2621, Test ALPR: 0.8145
Pretrain Test AUC: 0.8078, Pretrain Test ACC: 0.2581, Pretrain ALPR:0.8242

Tue 14 Oct 2025 20:34:03 INFO data_size: 8869
Tue 14 Oct 2025 20:34:03 INFO multi_pay_size: 4770
Tue 14 Oct 2025 20:34:03 INFO Testing Day 74...
Tue 14 Oct 2025 20:34:03 INFO Day 74 - Test AUC: 0.8078, Test ACC: 0.2457, Test ALPR: 0.8226
Pretrain Test AUC: 0.8060, Pretrain Test ACC: 0.2375, Pretrain ALPR:0.8302

Tue 14 Oct 2025 20:34:04 INFO data_size: 16368
Tue 14 Oct 2025 20:34:04 INFO multi_pay_size: 8856
Tue 14 Oct 2025 20:34:04 INFO Testing Day 75...
Tue 14 Oct 2025 20:34:05 INFO Day 75 - Test AUC: 0.8093, Test ACC: 0.2593, Test ALPR: 0.8055
Pretrain Test AUC: 0.8075, Pretrain Test ACC: 0.2551, Pretrain ALPR:0.8124

Tue 14 Oct 2025 20:34:05 INFO data_size: 15840
Tue 14 Oct 2025 20:34:05 INFO multi_pay_size: 8483
Tue 14 Oct 2025 20:34:05 INFO Testing Day 76...
Tue 14 Oct 2025 20:34:06 INFO Day 76 - Test AUC: 0.8103, Test ACC: 0.2503, Test ALPR: 0.8139
Pretrain Test AUC: 0.8086, Pretrain Test ACC: 0.2447, Pretrain ALPR:0.8209

Tue 14 Oct 2025 20:34:06 INFO data_size: 15293
Tue 14 Oct 2025 20:34:06 INFO multi_pay_size: 8266
Tue 14 Oct 2025 20:34:06 INFO Testing Day 77...
Tue 14 Oct 2025 20:34:08 INFO Day 77 - Test AUC: 0.8039, Test ACC: 0.2618, Test ALPR: 0.8168
Pretrain Test AUC: 0.8021, Pretrain Test ACC: 0.2519, Pretrain ALPR:0.8250

Tue 14 Oct 2025 20:34:08 INFO data_size: 12258
Tue 14 Oct 2025 20:34:08 INFO multi_pay_size: 6724
Tue 14 Oct 2025 20:34:08 INFO Testing Day 78...
Tue 14 Oct 2025 20:34:09 INFO Day 78 - Test AUC: 0.8085, Test ACC: 0.2530, Test ALPR: 0.8140
Pretrain Test AUC: 0.8067, Pretrain Test ACC: 0.2502, Pretrain ALPR:0.8232

Tue 14 Oct 2025 20:34:09 INFO data_size: 12801
Tue 14 Oct 2025 20:34:09 INFO multi_pay_size: 6805
Tue 14 Oct 2025 20:34:09 INFO Testing Day 79...
Tue 14 Oct 2025 20:34:10 INFO Day 79 - Test AUC: 0.8100, Test ACC: 0.2591, Test ALPR: 0.8049
Pretrain Test AUC: 0.8080, Pretrain Test ACC: 0.2508, Pretrain ALPR:0.8152

Tue 14 Oct 2025 20:34:10 INFO data_size: 4688
Tue 14 Oct 2025 20:34:10 INFO multi_pay_size: 2583
Tue 14 Oct 2025 20:34:10 INFO Testing Day 80...
Tue 14 Oct 2025 20:34:10 INFO Day 80 - Test AUC: 0.8021, Test ACC: 0.2562, Test ALPR: 0.8112
Pretrain Test AUC: 0.8007, Pretrain Test ACC: 0.2462, Pretrain ALPR:0.8180

Tue 14 Oct 2025 20:34:11 INFO data_size: 76340
Tue 14 Oct 2025 20:34:11 INFO multi_pay_size: 39987
Tue 14 Oct 2025 20:34:15 INFO Train Day 9 - Epoch 1 - Avg Loss: 0.5416
Tue 14 Oct 2025 20:34:15 INFO data_size: 1722
Tue 14 Oct 2025 20:34:15 INFO multi_pay_size: 900
Tue 14 Oct 2025 20:34:15 INFO Testing Day 81...
Tue 14 Oct 2025 20:34:15 INFO Day 81 - Test AUC: 0.8038, Test ACC: 0.2555, Test ALPR: 0.8430
Pretrain Test AUC: 0.8035, Pretrain Test ACC: 0.2567, Pretrain ALPR:0.8459

Tue 14 Oct 2025 20:34:15 INFO data_size: 9404
Tue 14 Oct 2025 20:34:15 INFO multi_pay_size: 4979
Tue 14 Oct 2025 20:34:15 INFO Testing Day 82...
Tue 14 Oct 2025 20:34:16 INFO Day 82 - Test AUC: 0.8104, Test ACC: 0.2404, Test ALPR: 0.8160
Pretrain Test AUC: 0.8085, Pretrain Test ACC: 0.2384, Pretrain ALPR:0.8228

Tue 14 Oct 2025 20:34:16 INFO data_size: 16750
Tue 14 Oct 2025 20:34:16 INFO multi_pay_size: 9019
Tue 14 Oct 2025 20:34:16 INFO Testing Day 83...
Tue 14 Oct 2025 20:34:18 INFO Day 83 - Test AUC: 0.8065, Test ACC: 0.2539, Test ALPR: 0.8088
Pretrain Test AUC: 0.8044, Pretrain Test ACC: 0.2485, Pretrain ALPR:0.8182

Tue 14 Oct 2025 20:34:18 INFO data_size: 17051
Tue 14 Oct 2025 20:34:18 INFO multi_pay_size: 9247
Tue 14 Oct 2025 20:34:18 INFO Testing Day 84...
Tue 14 Oct 2025 20:34:19 INFO Day 84 - Test AUC: 0.8073, Test ACC: 0.2498, Test ALPR: 0.8238
Pretrain Test AUC: 0.8058, Pretrain Test ACC: 0.2473, Pretrain ALPR:0.8304

Tue 14 Oct 2025 20:34:19 INFO data_size: 14820
Tue 14 Oct 2025 20:34:19 INFO multi_pay_size: 7854
Tue 14 Oct 2025 20:34:19 INFO Testing Day 85...
Tue 14 Oct 2025 20:34:20 INFO Day 85 - Test AUC: 0.8104, Test ACC: 0.2590, Test ALPR: 0.8175
Pretrain Test AUC: 0.8084, Pretrain Test ACC: 0.2473, Pretrain ALPR:0.8277

Tue 14 Oct 2025 20:34:20 INFO data_size: 11983
Tue 14 Oct 2025 20:34:20 INFO multi_pay_size: 6558
Tue 14 Oct 2025 20:34:20 INFO Testing Day 86...
Tue 14 Oct 2025 20:34:22 INFO Day 86 - Test AUC: 0.8051, Test ACC: 0.2586, Test ALPR: 0.8110
Pretrain Test AUC: 0.8034, Pretrain Test ACC: 0.2445, Pretrain ALPR:0.8202

Tue 14 Oct 2025 20:34:22 INFO data_size: 12498
Tue 14 Oct 2025 20:34:22 INFO multi_pay_size: 6610
Tue 14 Oct 2025 20:34:22 INFO Testing Day 87...
Tue 14 Oct 2025 20:34:22 INFO Day 87 - Test AUC: 0.8132, Test ACC: 0.2608, Test ALPR: 0.7923
Pretrain Test AUC: 0.8115, Pretrain Test ACC: 0.2524, Pretrain ALPR:0.8019

Tue 14 Oct 2025 20:34:23 INFO data_size: 4137
Tue 14 Oct 2025 20:34:23 INFO multi_pay_size: 2230
Tue 14 Oct 2025 20:34:23 INFO Testing Day 88...
Tue 14 Oct 2025 20:34:23 INFO Day 88 - Test AUC: 0.8030, Test ACC: 0.2514, Test ALPR: 0.8082
Pretrain Test AUC: 0.8021, Pretrain Test ACC: 0.2475, Pretrain ALPR:0.8147

Tue 14 Oct 2025 20:34:24 INFO data_size: 76200
Tue 14 Oct 2025 20:34:24 INFO multi_pay_size: 40176
Tue 14 Oct 2025 20:34:27 INFO Train Day 10 - Epoch 1 - Avg Loss: 0.5423
Tue 14 Oct 2025 20:34:27 INFO data_size: 1794
Tue 14 Oct 2025 20:34:27 INFO multi_pay_size: 940
Tue 14 Oct 2025 20:34:27 INFO Testing Day 89...
Tue 14 Oct 2025 20:34:27 INFO Day 89 - Test AUC: 0.8109, Test ACC: 0.2536, Test ALPR: 0.8207
Pretrain Test AUC: 0.8091, Pretrain Test ACC: 0.2520, Pretrain ALPR:0.8317

Tue 14 Oct 2025 20:34:27 INFO data_size: 9825
Tue 14 Oct 2025 20:34:27 INFO multi_pay_size: 5008
Tue 14 Oct 2025 20:34:27 INFO Testing Day 90...
Tue 14 Oct 2025 20:34:28 INFO Day 90 - Test AUC: 0.8076, Test ACC: 0.2479, Test ALPR: 0.8091
Pretrain Test AUC: 0.8059, Pretrain Test ACC: 0.2408, Pretrain ALPR:0.8200

Tue 14 Oct 2025 20:34:28 INFO data_size: 16536
Tue 14 Oct 2025 20:34:28 INFO multi_pay_size: 8769
Tue 14 Oct 2025 20:34:28 INFO Testing Day 91...
Tue 14 Oct 2025 20:34:29 INFO Day 91 - Test AUC: 0.8052, Test ACC: 0.2518, Test ALPR: 0.8098
Pretrain Test AUC: 0.8035, Pretrain Test ACC: 0.2444, Pretrain ALPR:0.8197

Tue 14 Oct 2025 20:34:30 INFO data_size: 17003
Tue 14 Oct 2025 20:34:30 INFO multi_pay_size: 9046
Tue 14 Oct 2025 20:34:30 INFO Testing Day 92...
Tue 14 Oct 2025 20:34:31 INFO Day 92 - Test AUC: 0.8085, Test ACC: 0.2568, Test ALPR: 0.8113
Pretrain Test AUC: 0.8065, Pretrain Test ACC: 0.2489, Pretrain ALPR:0.8228

Tue 14 Oct 2025 20:34:31 INFO data_size: 14694
Tue 14 Oct 2025 20:34:31 INFO multi_pay_size: 7698
Tue 14 Oct 2025 20:34:31 INFO Testing Day 93...
Tue 14 Oct 2025 20:34:32 INFO Day 93 - Test AUC: 0.8059, Test ACC: 0.2579, Test ALPR: 0.8069
Pretrain Test AUC: 0.8035, Pretrain Test ACC: 0.2494, Pretrain ALPR:0.8190

Tue 14 Oct 2025 20:34:32 INFO data_size: 15451
Tue 14 Oct 2025 20:34:32 INFO multi_pay_size: 7923
Tue 14 Oct 2025 20:34:32 INFO Testing Day 94...
Tue 14 Oct 2025 20:34:34 INFO Day 94 - Test AUC: 0.8129, Test ACC: 0.2556, Test ALPR: 0.7891
Pretrain Test AUC: 0.8110, Pretrain Test ACC: 0.2505, Pretrain ALPR:0.7993

Tue 14 Oct 2025 20:34:34 INFO data_size: 14962
Tue 14 Oct 2025 20:34:34 INFO multi_pay_size: 7054
Tue 14 Oct 2025 20:34:34 INFO Testing Day 95...
Tue 14 Oct 2025 20:34:35 INFO Day 95 - Test AUC: 0.8104, Test ACC: 0.2625, Test ALPR: 0.7787
Pretrain Test AUC: 0.8085, Pretrain Test ACC: 0.2590, Pretrain ALPR:0.7893

Tue 14 Oct 2025 20:34:35 INFO data_size: 5093
Tue 14 Oct 2025 20:34:35 INFO multi_pay_size: 2457
Tue 14 Oct 2025 20:34:35 INFO Testing Day 96...
Tue 14 Oct 2025 20:34:35 INFO Day 96 - Test AUC: 0.8055, Test ACC: 0.2653, Test ALPR: 0.7881
Pretrain Test AUC: 0.8034, Pretrain Test ACC: 0.2492, Pretrain ALPR:0.7991

Tue 14 Oct 2025 20:34:36 INFO data_size: 76647
Tue 14 Oct 2025 20:34:36 INFO multi_pay_size: 40434
Tue 14 Oct 2025 20:34:39 INFO Train Day 11 - Epoch 1 - Avg Loss: 0.5450
Tue 14 Oct 2025 20:34:39 INFO data_size: 2065
Tue 14 Oct 2025 20:34:39 INFO multi_pay_size: 960
Tue 14 Oct 2025 20:34:39 INFO Testing Day 97...
Tue 14 Oct 2025 20:34:40 INFO Day 97 - Test AUC: 0.8025, Test ACC: 0.2431, Test ALPR: 0.8265
Pretrain Test AUC: 0.8003, Pretrain Test ACC: 0.2373, Pretrain ALPR:0.8402

Tue 14 Oct 2025 20:34:40 INFO data_size: 10591
Tue 14 Oct 2025 20:34:40 INFO multi_pay_size: 5064
Tue 14 Oct 2025 20:34:40 INFO Testing Day 98...
Tue 14 Oct 2025 20:34:40 INFO Day 98 - Test AUC: 0.8062, Test ACC: 0.2518, Test ALPR: 0.7985
Pretrain Test AUC: 0.8047, Pretrain Test ACC: 0.2514, Pretrain ALPR:0.8067

Tue 14 Oct 2025 20:34:41 INFO data_size: 17918
Tue 14 Oct 2025 20:34:41 INFO multi_pay_size: 8701
Tue 14 Oct 2025 20:34:41 INFO Testing Day 99...
Tue 14 Oct 2025 20:34:42 INFO Day 99 - Test AUC: 0.8055, Test ACC: 0.2558, Test ALPR: 0.7915
Pretrain Test AUC: 0.8032, Pretrain Test ACC: 0.2491, Pretrain ALPR:0.8033

Tue 14 Oct 2025 20:34:42 INFO data_size: 15089
Tue 14 Oct 2025 20:34:42 INFO multi_pay_size: 7403
Tue 14 Oct 2025 20:34:42 INFO Testing Day 100...
Tue 14 Oct 2025 20:34:43 INFO Day 100 - Test AUC: 0.8058, Test ACC: 0.2609, Test ALPR: 0.7990
Pretrain Test AUC: 0.8041, Pretrain Test ACC: 0.2532, Pretrain ALPR:0.8103

Tue 14 Oct 2025 20:34:43 INFO data_size: 13792
Tue 14 Oct 2025 20:34:43 INFO multi_pay_size: 6860
Tue 14 Oct 2025 20:34:43 INFO Testing Day 101...
Tue 14 Oct 2025 20:34:45 INFO Day 101 - Test AUC: 0.8078, Test ACC: 0.2612, Test ALPR: 0.7929
Pretrain Test AUC: 0.8054, Pretrain Test ACC: 0.2514, Pretrain ALPR:0.8046

Tue 14 Oct 2025 20:34:45 INFO data_size: 11821
Tue 14 Oct 2025 20:34:45 INFO multi_pay_size: 6002
Tue 14 Oct 2025 20:34:45 INFO Testing Day 102...
Tue 14 Oct 2025 20:34:46 INFO Day 102 - Test AUC: 0.8072, Test ACC: 0.2558, Test ALPR: 0.7898
Pretrain Test AUC: 0.8052, Pretrain Test ACC: 0.2492, Pretrain ALPR:0.8020

Tue 14 Oct 2025 20:34:46 INFO data_size: 11789
Tue 14 Oct 2025 20:34:46 INFO multi_pay_size: 5770
Tue 14 Oct 2025 20:34:46 INFO Testing Day 103...
Tue 14 Oct 2025 20:34:47 INFO Day 103 - Test AUC: 0.8099, Test ACC: 0.2580, Test ALPR: 0.7918
Pretrain Test AUC: 0.8084, Pretrain Test ACC: 0.2458, Pretrain ALPR:0.8026

Tue 14 Oct 2025 20:34:47 INFO data_size: 3969
Tue 14 Oct 2025 20:34:47 INFO multi_pay_size: 2059
Tue 14 Oct 2025 20:34:47 INFO Testing Day 104...
Tue 14 Oct 2025 20:34:48 INFO Day 104 - Test AUC: 0.8025, Test ACC: 0.2545, Test ALPR: 0.8077
Pretrain Test AUC: 0.8004, Pretrain Test ACC: 0.2499, Pretrain ALPR:0.8174

Tue 14 Oct 2025 20:34:48 INFO data_size: 74106
Tue 14 Oct 2025 20:34:48 INFO multi_pay_size: 39931
Tue 14 Oct 2025 20:34:52 INFO Train Day 12 - Epoch 1 - Avg Loss: 0.5505
Tue 14 Oct 2025 20:34:52 INFO data_size: 1611
Tue 14 Oct 2025 20:34:52 INFO multi_pay_size: 805
Tue 14 Oct 2025 20:34:52 INFO Testing Day 105...
Tue 14 Oct 2025 20:34:53 INFO Day 105 - Test AUC: 0.8004, Test ACC: 0.2439, Test ALPR: 0.8423
Pretrain Test AUC: 0.7984, Pretrain Test ACC: 0.2315, Pretrain ALPR:0.8547

Tue 14 Oct 2025 20:34:53 INFO data_size: 8724
Tue 14 Oct 2025 20:34:53 INFO multi_pay_size: 4518
Tue 14 Oct 2025 20:34:53 INFO Testing Day 106...
Tue 14 Oct 2025 20:34:54 INFO Day 106 - Test AUC: 0.8044, Test ACC: 0.2525, Test ALPR: 0.8226
Pretrain Test AUC: 0.8022, Pretrain Test ACC: 0.2471, Pretrain ALPR:0.8331

Tue 14 Oct 2025 20:34:54 INFO data_size: 15602
Tue 14 Oct 2025 20:34:54 INFO multi_pay_size: 8332
Tue 14 Oct 2025 20:34:54 INFO Testing Day 107...
Tue 14 Oct 2025 20:34:55 INFO Day 107 - Test AUC: 0.8016, Test ACC: 0.2573, Test ALPR: 0.8137
Pretrain Test AUC: 0.7996, Pretrain Test ACC: 0.2473, Pretrain ALPR:0.8252

Tue 14 Oct 2025 20:34:55 INFO data_size: 13902
Tue 14 Oct 2025 20:34:55 INFO multi_pay_size: 7266
Tue 14 Oct 2025 20:34:55 INFO Testing Day 108...
Tue 14 Oct 2025 20:34:56 INFO Day 108 - Test AUC: 0.8047, Test ACC: 0.2599, Test ALPR: 0.8148
Pretrain Test AUC: 0.8025, Pretrain Test ACC: 0.2531, Pretrain ALPR:0.8270

Tue 14 Oct 2025 20:34:56 INFO data_size: 12941
Tue 14 Oct 2025 20:34:56 INFO multi_pay_size: 6775
Tue 14 Oct 2025 20:34:56 INFO Testing Day 109...
Tue 14 Oct 2025 20:34:57 INFO Day 109 - Test AUC: 0.7998, Test ACC: 0.2491, Test ALPR: 0.8277
Pretrain Test AUC: 0.7973, Pretrain Test ACC: 0.2435, Pretrain ALPR:0.8395

Tue 14 Oct 2025 20:34:57 INFO data_size: 11055
Tue 14 Oct 2025 20:34:57 INFO multi_pay_size: 5929
Tue 14 Oct 2025 20:34:57 INFO Testing Day 110...
Tue 14 Oct 2025 20:34:58 INFO Day 110 - Test AUC: 0.8038, Test ACC: 0.2623, Test ALPR: 0.8077
Pretrain Test AUC: 0.8023, Pretrain Test ACC: 0.2527, Pretrain ALPR:0.8184

Tue 14 Oct 2025 20:34:58 INFO data_size: 11031
Tue 14 Oct 2025 20:34:58 INFO multi_pay_size: 5650
Tue 14 Oct 2025 20:34:58 INFO Testing Day 111...
Tue 14 Oct 2025 20:34:59 INFO Day 111 - Test AUC: 0.8056, Test ACC: 0.2633, Test ALPR: 0.8034
Pretrain Test AUC: 0.8023, Pretrain Test ACC: 0.2489, Pretrain ALPR:0.8198

Tue 14 Oct 2025 20:34:59 INFO data_size: 3748
Tue 14 Oct 2025 20:34:59 INFO multi_pay_size: 1932
Tue 14 Oct 2025 20:34:59 INFO Testing Day 112...
Tue 14 Oct 2025 20:35:00 INFO Day 112 - Test AUC: 0.8014, Test ACC: 0.2583, Test ALPR: 0.7884
Pretrain Test AUC: 0.7993, Pretrain Test ACC: 0.2588, Pretrain ALPR:0.7980

Tue 14 Oct 2025 20:35:00 INFO data_size: 78790
Tue 14 Oct 2025 20:35:00 INFO multi_pay_size: 42231
Tue 14 Oct 2025 20:35:04 INFO Train Day 13 - Epoch 1 - Avg Loss: 0.5497
Tue 14 Oct 2025 20:35:04 INFO data_size: 1575
Tue 14 Oct 2025 20:35:04 INFO multi_pay_size: 793
Tue 14 Oct 2025 20:35:04 INFO Testing Day 113...
Tue 14 Oct 2025 20:35:05 INFO Day 113 - Test AUC: 0.7925, Test ACC: 0.2406, Test ALPR: 0.8489
Pretrain Test AUC: 0.7910, Pretrain Test ACC: 0.2337, Pretrain ALPR:0.8564

Tue 14 Oct 2025 20:35:05 INFO data_size: 9046
Tue 14 Oct 2025 20:35:05 INFO multi_pay_size: 4713
Tue 14 Oct 2025 20:35:05 INFO Testing Day 114...
Tue 14 Oct 2025 20:35:06 INFO Day 114 - Test AUC: 0.8040, Test ACC: 0.2436, Test ALPR: 0.8248
Pretrain Test AUC: 0.8018, Pretrain Test ACC: 0.2394, Pretrain ALPR:0.8378

Tue 14 Oct 2025 20:35:06 INFO data_size: 15172
Tue 14 Oct 2025 20:35:06 INFO multi_pay_size: 8054
Tue 14 Oct 2025 20:35:06 INFO Testing Day 115...
Tue 14 Oct 2025 20:35:07 INFO Day 115 - Test AUC: 0.8028, Test ACC: 0.2529, Test ALPR: 0.8198
Pretrain Test AUC: 0.8003, Pretrain Test ACC: 0.2468, Pretrain ALPR:0.8319

Tue 14 Oct 2025 20:35:07 INFO data_size: 13692
Tue 14 Oct 2025 20:35:07 INFO multi_pay_size: 7348
Tue 14 Oct 2025 20:35:07 INFO Testing Day 116...
Tue 14 Oct 2025 20:35:08 INFO Day 116 - Test AUC: 0.8023, Test ACC: 0.2538, Test ALPR: 0.8312
Pretrain Test AUC: 0.8000, Pretrain Test ACC: 0.2470, Pretrain ALPR:0.8431

Tue 14 Oct 2025 20:35:08 INFO data_size: 12250
Tue 14 Oct 2025 20:35:08 INFO multi_pay_size: 6601
Tue 14 Oct 2025 20:35:08 INFO Testing Day 117...
Tue 14 Oct 2025 20:35:09 INFO Day 117 - Test AUC: 0.8039, Test ACC: 0.2517, Test ALPR: 0.8392
Pretrain Test AUC: 0.8016, Pretrain Test ACC: 0.2454, Pretrain ALPR:0.8509

Tue 14 Oct 2025 20:35:10 INFO data_size: 10591
Tue 14 Oct 2025 20:35:10 INFO multi_pay_size: 5651
Tue 14 Oct 2025 20:35:10 INFO Testing Day 118...
Tue 14 Oct 2025 20:35:10 INFO Day 118 - Test AUC: 0.8092, Test ACC: 0.2509, Test ALPR: 0.8352
Pretrain Test AUC: 0.8064, Pretrain Test ACC: 0.2419, Pretrain ALPR:0.8494

Tue 14 Oct 2025 20:35:11 INFO data_size: 10316
Tue 14 Oct 2025 20:35:11 INFO multi_pay_size: 5280
Tue 14 Oct 2025 20:35:11 INFO Testing Day 119...
Tue 14 Oct 2025 20:35:11 INFO Day 119 - Test AUC: 0.8006, Test ACC: 0.2654, Test ALPR: 0.7968
Pretrain Test AUC: 0.7973, Pretrain Test ACC: 0.2510, Pretrain ALPR:0.8121

Tue 14 Oct 2025 20:35:11 INFO data_size: 3916
Tue 14 Oct 2025 20:35:11 INFO multi_pay_size: 2058
Tue 14 Oct 2025 20:35:11 INFO Testing Day 120...
Tue 14 Oct 2025 20:35:12 INFO Day 120 - Test AUC: 0.7993, Test ACC: 0.2546, Test ALPR: 0.8048
Pretrain Test AUC: 0.7972, Pretrain Test ACC: 0.2554, Pretrain ALPR:0.8129

Tue 14 Oct 2025 20:35:12 INFO data_size: 78630
Tue 14 Oct 2025 20:35:12 INFO multi_pay_size: 42478
Tue 14 Oct 2025 20:35:17 INFO Train Day 14 - Epoch 1 - Avg Loss: 0.5519
Tue 14 Oct 2025 20:35:17 INFO data_size: 1601
Tue 14 Oct 2025 20:35:17 INFO multi_pay_size: 836
Tue 14 Oct 2025 20:35:17 INFO Testing Day 121...
Tue 14 Oct 2025 20:35:17 INFO Day 121 - Test AUC: 0.8033, Test ACC: 0.2380, Test ALPR: 0.8218
Pretrain Test AUC: 0.8012, Pretrain Test ACC: 0.2286, Pretrain ALPR:0.8359

Tue 14 Oct 2025 20:35:17 INFO data_size: 7484
Tue 14 Oct 2025 20:35:17 INFO multi_pay_size: 3920
Tue 14 Oct 2025 20:35:17 INFO Testing Day 122...
Tue 14 Oct 2025 20:35:18 INFO Day 122 - Test AUC: 0.7980, Test ACC: 0.2425, Test ALPR: 0.8333
Pretrain Test AUC: 0.7955, Pretrain Test ACC: 0.2382, Pretrain ALPR:0.8440

Tue 14 Oct 2025 20:35:18 INFO data_size: 13662
Tue 14 Oct 2025 20:35:18 INFO multi_pay_size: 7323
Tue 14 Oct 2025 20:35:18 INFO Testing Day 123...
Tue 14 Oct 2025 20:35:20 INFO Day 123 - Test AUC: 0.8046, Test ACC: 0.2614, Test ALPR: 0.8070
Pretrain Test AUC: 0.8019, Pretrain Test ACC: 0.2525, Pretrain ALPR:0.8200

Tue 14 Oct 2025 20:35:20 INFO data_size: 13403
Tue 14 Oct 2025 20:35:20 INFO multi_pay_size: 7162
Tue 14 Oct 2025 20:35:20 INFO Testing Day 124...
Tue 14 Oct 2025 20:35:21 INFO Day 124 - Test AUC: 0.8061, Test ACC: 0.2617, Test ALPR: 0.8009
Pretrain Test AUC: 0.8037, Pretrain Test ACC: 0.2541, Pretrain ALPR:0.8136

Tue 14 Oct 2025 20:35:21 INFO data_size: 12676
Tue 14 Oct 2025 20:35:21 INFO multi_pay_size: 6684
Tue 14 Oct 2025 20:35:21 INFO Testing Day 125...
Tue 14 Oct 2025 20:35:22 INFO Day 125 - Test AUC: 0.8062, Test ACC: 0.2567, Test ALPR: 0.8270
Pretrain Test AUC: 0.8037, Pretrain Test ACC: 0.2506, Pretrain ALPR:0.8398

Tue 14 Oct 2025 20:35:22 INFO data_size: 10329
Tue 14 Oct 2025 20:35:22 INFO multi_pay_size: 5663
Tue 14 Oct 2025 20:35:22 INFO Testing Day 126...
Tue 14 Oct 2025 20:35:23 INFO Day 126 - Test AUC: 0.8066, Test ACC: 0.2570, Test ALPR: 0.8181
Pretrain Test AUC: 0.8048, Pretrain Test ACC: 0.2496, Pretrain ALPR:0.8303

Tue 14 Oct 2025 20:35:23 INFO data_size: 11173
Tue 14 Oct 2025 20:35:23 INFO multi_pay_size: 5839
Tue 14 Oct 2025 20:35:23 INFO Testing Day 127...
Tue 14 Oct 2025 20:35:24 INFO Day 127 - Test AUC: 0.8118, Test ACC: 0.2618, Test ALPR: 0.7829
Pretrain Test AUC: 0.8089, Pretrain Test ACC: 0.2504, Pretrain ALPR:0.7992

Tue 14 Oct 2025 20:35:24 INFO data_size: 4125
Tue 14 Oct 2025 20:35:24 INFO multi_pay_size: 2281
Tue 14 Oct 2025 20:35:24 INFO Testing Day 128...
Tue 14 Oct 2025 20:35:25 INFO Day 128 - Test AUC: 0.8059, Test ACC: 0.2526, Test ALPR: 0.8033
Pretrain Test AUC: 0.8038, Pretrain Test ACC: 0.2555, Pretrain ALPR:0.8125

Tue 14 Oct 2025 20:35:26 INFO data_size: 80732
Tue 14 Oct 2025 20:35:26 INFO multi_pay_size: 43176
Tue 14 Oct 2025 20:35:31 INFO Train Day 15 - Epoch 1 - Avg Loss: 0.5482
Tue 14 Oct 2025 20:35:31 INFO data_size: 1539
Tue 14 Oct 2025 20:35:31 INFO multi_pay_size: 777
Tue 14 Oct 2025 20:35:31 INFO Testing Day 129...
Tue 14 Oct 2025 20:35:32 INFO Day 129 - Test AUC: 0.8016, Test ACC: 0.2248, Test ALPR: 0.8356
Pretrain Test AUC: 0.8004, Pretrain Test ACC: 0.2255, Pretrain ALPR:0.8430

Tue 14 Oct 2025 20:35:32 INFO data_size: 8091
Tue 14 Oct 2025 20:35:32 INFO multi_pay_size: 4240
Tue 14 Oct 2025 20:35:32 INFO Testing Day 130...
Tue 14 Oct 2025 20:35:33 INFO Day 130 - Test AUC: 0.8066, Test ACC: 0.2509, Test ALPR: 0.8113
Pretrain Test AUC: 0.8044, Pretrain Test ACC: 0.2445, Pretrain ALPR:0.8210

Tue 14 Oct 2025 20:35:33 INFO data_size: 14557
Tue 14 Oct 2025 20:35:33 INFO multi_pay_size: 7908
Tue 14 Oct 2025 20:35:33 INFO Testing Day 131...
Tue 14 Oct 2025 20:35:34 INFO Day 131 - Test AUC: 0.8061, Test ACC: 0.2582, Test ALPR: 0.8093
Pretrain Test AUC: 0.8036, Pretrain Test ACC: 0.2526, Pretrain ALPR:0.8208

Tue 14 Oct 2025 20:35:34 INFO data_size: 13664
Tue 14 Oct 2025 20:35:34 INFO multi_pay_size: 7486
Tue 14 Oct 2025 20:35:34 INFO Testing Day 132...
Tue 14 Oct 2025 20:35:35 INFO Day 132 - Test AUC: 0.8049, Test ACC: 0.2632, Test ALPR: 0.8064
Pretrain Test AUC: 0.8026, Pretrain Test ACC: 0.2577, Pretrain ALPR:0.8180

Tue 14 Oct 2025 20:35:35 INFO data_size: 13135
Tue 14 Oct 2025 20:35:35 INFO multi_pay_size: 7222
Tue 14 Oct 2025 20:35:35 INFO Testing Day 133...
Tue 14 Oct 2025 20:35:37 INFO Day 133 - Test AUC: 0.8046, Test ACC: 0.2586, Test ALPR: 0.8100
Pretrain Test AUC: 0.8021, Pretrain Test ACC: 0.2520, Pretrain ALPR:0.8230

Tue 14 Oct 2025 20:35:37 INFO data_size: 10901
Tue 14 Oct 2025 20:35:37 INFO multi_pay_size: 5997
Tue 14 Oct 2025 20:35:37 INFO Testing Day 134...
Tue 14 Oct 2025 20:35:38 INFO Day 134 - Test AUC: 0.8062, Test ACC: 0.2506, Test ALPR: 0.8226
Pretrain Test AUC: 0.8037, Pretrain Test ACC: 0.2414, Pretrain ALPR:0.8363

Tue 14 Oct 2025 20:35:38 INFO data_size: 11898
Tue 14 Oct 2025 20:35:38 INFO multi_pay_size: 6309
Tue 14 Oct 2025 20:35:38 INFO Testing Day 135...
Tue 14 Oct 2025 20:35:39 INFO Day 135 - Test AUC: 0.8090, Test ACC: 0.2621, Test ALPR: 0.7979
Pretrain Test AUC: 0.8065, Pretrain Test ACC: 0.2506, Pretrain ALPR:0.8111

Tue 14 Oct 2025 20:35:39 INFO data_size: 4161
Tue 14 Oct 2025 20:35:39 INFO multi_pay_size: 2220
Tue 14 Oct 2025 20:35:39 INFO Testing Day 136...
Tue 14 Oct 2025 20:35:39 INFO Day 136 - Test AUC: 0.8052, Test ACC: 0.2531, Test ALPR: 0.7935
Pretrain Test AUC: 0.8022, Pretrain Test ACC: 0.2487, Pretrain ALPR:0.8057

Tue 14 Oct 2025 20:35:40 INFO data_size: 87627
Tue 14 Oct 2025 20:35:40 INFO multi_pay_size: 47210
Tue 14 Oct 2025 20:35:45 INFO Train Day 16 - Epoch 1 - Avg Loss: 0.5498
Tue 14 Oct 2025 20:35:45 INFO data_size: 1435
Tue 14 Oct 2025 20:35:45 INFO multi_pay_size: 741
Tue 14 Oct 2025 20:35:45 INFO Testing Day 137...
Tue 14 Oct 2025 20:35:45 INFO Day 137 - Test AUC: 0.8025, Test ACC: 0.2557, Test ALPR: 0.8379
Pretrain Test AUC: 0.8006, Pretrain Test ACC: 0.2641, Pretrain ALPR:0.8497

Tue 14 Oct 2025 20:35:46 INFO data_size: 7918
Tue 14 Oct 2025 20:35:46 INFO multi_pay_size: 4214
Tue 14 Oct 2025 20:35:46 INFO Testing Day 138...
Tue 14 Oct 2025 20:35:46 INFO Day 138 - Test AUC: 0.8058, Test ACC: 0.2472, Test ALPR: 0.8270
Pretrain Test AUC: 0.8033, Pretrain Test ACC: 0.2402, Pretrain ALPR:0.8385

Tue 14 Oct 2025 20:35:47 INFO data_size: 15325
Tue 14 Oct 2025 20:35:47 INFO multi_pay_size: 8493
Tue 14 Oct 2025 20:35:47 INFO Testing Day 139...
Tue 14 Oct 2025 20:35:48 INFO Day 139 - Test AUC: 0.8057, Test ACC: 0.2530, Test ALPR: 0.8146
Pretrain Test AUC: 0.8032, Pretrain Test ACC: 0.2459, Pretrain ALPR:0.8278

Tue 14 Oct 2025 20:35:48 INFO data_size: 14575
Tue 14 Oct 2025 20:35:48 INFO multi_pay_size: 7976
Tue 14 Oct 2025 20:35:48 INFO Testing Day 140...
Tue 14 Oct 2025 20:35:49 INFO Day 140 - Test AUC: 0.8063, Test ACC: 0.2556, Test ALPR: 0.8123
Pretrain Test AUC: 0.8033, Pretrain Test ACC: 0.2465, Pretrain ALPR:0.8267

Tue 14 Oct 2025 20:35:49 INFO data_size: 13527
Tue 14 Oct 2025 20:35:49 INFO multi_pay_size: 7359
Tue 14 Oct 2025 20:35:49 INFO Testing Day 141...
Tue 14 Oct 2025 20:35:50 INFO Day 141 - Test AUC: 0.8062, Test ACC: 0.2570, Test ALPR: 0.8129
Pretrain Test AUC: 0.8035, Pretrain Test ACC: 0.2491, Pretrain ALPR:0.8252

Tue 14 Oct 2025 20:35:50 INFO data_size: 11474
Tue 14 Oct 2025 20:35:50 INFO multi_pay_size: 6355
Tue 14 Oct 2025 20:35:50 INFO Testing Day 142...
Tue 14 Oct 2025 20:35:52 INFO Day 142 - Test AUC: 0.8070, Test ACC: 0.2654, Test ALPR: 0.8149
Pretrain Test AUC: 0.8047, Pretrain Test ACC: 0.2580, Pretrain ALPR:0.8275

Tue 14 Oct 2025 20:35:52 INFO data_size: 12079
Tue 14 Oct 2025 20:35:52 INFO multi_pay_size: 6393
Tue 14 Oct 2025 20:35:52 INFO Testing Day 143...
Tue 14 Oct 2025 20:35:53 INFO Day 143 - Test AUC: 0.8095, Test ACC: 0.2583, Test ALPR: 0.8053
Pretrain Test AUC: 0.8060, Pretrain Test ACC: 0.2480, Pretrain ALPR:0.8211

Tue 14 Oct 2025 20:35:53 INFO data_size: 4176
Tue 14 Oct 2025 20:35:53 INFO multi_pay_size: 2276
Tue 14 Oct 2025 20:35:53 INFO Testing Day 144...
Tue 14 Oct 2025 20:35:53 INFO Day 144 - Test AUC: 0.8048, Test ACC: 0.2663, Test ALPR: 0.7846
Pretrain Test AUC: 0.8025, Pretrain Test ACC: 0.2610, Pretrain ALPR:0.7947

Tue 14 Oct 2025 20:35:54 INFO data_size: 88916
Tue 14 Oct 2025 20:35:54 INFO multi_pay_size: 47750
Tue 14 Oct 2025 20:35:58 INFO Train Day 17 - Epoch 1 - Avg Loss: 0.5518
Tue 14 Oct 2025 20:35:58 INFO data_size: 1666
Tue 14 Oct 2025 20:35:58 INFO multi_pay_size: 884
Tue 14 Oct 2025 20:35:58 INFO Testing Day 145...
Tue 14 Oct 2025 20:35:59 INFO Day 145 - Test AUC: 0.8087, Test ACC: 0.2455, Test ALPR: 0.8228
Pretrain Test AUC: 0.8069, Pretrain Test ACC: 0.2467, Pretrain ALPR:0.8320

Tue 14 Oct 2025 20:35:59 INFO data_size: 9357
Tue 14 Oct 2025 20:35:59 INFO multi_pay_size: 5006
Tue 14 Oct 2025 20:35:59 INFO Testing Day 146...
Tue 14 Oct 2025 20:36:00 INFO Day 146 - Test AUC: 0.8077, Test ACC: 0.2522, Test ALPR: 0.8203
Pretrain Test AUC: 0.8051, Pretrain Test ACC: 0.2383, Pretrain ALPR:0.8341

Tue 14 Oct 2025 20:36:00 INFO data_size: 16717
Tue 14 Oct 2025 20:36:00 INFO multi_pay_size: 9230
Tue 14 Oct 2025 20:36:00 INFO Testing Day 147...
Tue 14 Oct 2025 20:36:02 INFO Day 147 - Test AUC: 0.8055, Test ACC: 0.2476, Test ALPR: 0.8157
Pretrain Test AUC: 0.8029, Pretrain Test ACC: 0.2414, Pretrain ALPR:0.8289

Tue 14 Oct 2025 20:36:02 INFO data_size: 15584
Tue 14 Oct 2025 20:36:02 INFO multi_pay_size: 8619
Tue 14 Oct 2025 20:36:02 INFO Testing Day 148...
Tue 14 Oct 2025 20:36:03 INFO Day 148 - Test AUC: 0.8076, Test ACC: 0.2621, Test ALPR: 0.8142
Pretrain Test AUC: 0.8051, Pretrain Test ACC: 0.2573, Pretrain ALPR:0.8271

Tue 14 Oct 2025 20:36:03 INFO data_size: 13553
Tue 14 Oct 2025 20:36:03 INFO multi_pay_size: 7499
Tue 14 Oct 2025 20:36:03 INFO Testing Day 149...
Tue 14 Oct 2025 20:36:04 INFO Day 149 - Test AUC: 0.8067, Test ACC: 0.2545, Test ALPR: 0.8111
Pretrain Test AUC: 0.8038, Pretrain Test ACC: 0.2461, Pretrain ALPR:0.8250

Tue 14 Oct 2025 20:36:04 INFO data_size: 11776
Tue 14 Oct 2025 20:36:04 INFO multi_pay_size: 6594
Tue 14 Oct 2025 20:36:04 INFO Testing Day 150...
Tue 14 Oct 2025 20:36:05 INFO Day 150 - Test AUC: 0.8049, Test ACC: 0.2561, Test ALPR: 0.8107
Pretrain Test AUC: 0.8020, Pretrain Test ACC: 0.2455, Pretrain ALPR:0.8249

Tue 14 Oct 2025 20:36:05 INFO data_size: 12385
Tue 14 Oct 2025 20:36:05 INFO multi_pay_size: 6789
Tue 14 Oct 2025 20:36:05 INFO Testing Day 151...
Tue 14 Oct 2025 20:36:07 INFO Day 151 - Test AUC: 0.8111, Test ACC: 0.2624, Test ALPR: 0.7963
Pretrain Test AUC: 0.8083, Pretrain Test ACC: 0.2488, Pretrain ALPR:0.8115

Tue 14 Oct 2025 20:36:07 INFO data_size: 4290
Tue 14 Oct 2025 20:36:07 INFO multi_pay_size: 2417
Tue 14 Oct 2025 20:36:07 INFO Testing Day 152...
Tue 14 Oct 2025 20:36:07 INFO Day 152 - Test AUC: 0.8076, Test ACC: 0.2459, Test ALPR: 0.8135
Pretrain Test AUC: 0.8041, Pretrain Test ACC: 0.2340, Pretrain ALPR:0.8283

Tue 14 Oct 2025 20:36:08 INFO data_size: 94402
Tue 14 Oct 2025 20:36:08 INFO multi_pay_size: 48668
Tue 14 Oct 2025 20:36:12 INFO Train Day 18 - Epoch 1 - Avg Loss: 0.5448
Tue 14 Oct 2025 20:36:12 INFO data_size: 1682
Tue 14 Oct 2025 20:36:12 INFO multi_pay_size: 907
Tue 14 Oct 2025 20:36:12 INFO Testing Day 153...
Tue 14 Oct 2025 20:36:13 INFO Day 153 - Test AUC: 0.7935, Test ACC: 0.2307, Test ALPR: 0.8882
Pretrain Test AUC: 0.7904, Pretrain Test ACC: 0.2099, Pretrain ALPR:0.8934

Tue 14 Oct 2025 20:36:13 INFO data_size: 9755
Tue 14 Oct 2025 20:36:13 INFO multi_pay_size: 5174
Tue 14 Oct 2025 20:36:13 INFO Testing Day 154...
Tue 14 Oct 2025 20:36:14 INFO Day 154 - Test AUC: 0.8044, Test ACC: 0.2486, Test ALPR: 0.8267
Pretrain Test AUC: 0.8020, Pretrain Test ACC: 0.2443, Pretrain ALPR:0.8296

Tue 14 Oct 2025 20:36:14 INFO data_size: 17558
Tue 14 Oct 2025 20:36:14 INFO multi_pay_size: 9687
Tue 14 Oct 2025 20:36:14 INFO Testing Day 155...
Tue 14 Oct 2025 20:36:16 INFO Day 155 - Test AUC: 0.8047, Test ACC: 0.2536, Test ALPR: 0.8204
Pretrain Test AUC: 0.8018, Pretrain Test ACC: 0.2498, Pretrain ALPR:0.8242

Tue 14 Oct 2025 20:36:16 INFO data_size: 16427
Tue 14 Oct 2025 20:36:16 INFO multi_pay_size: 9131
Tue 14 Oct 2025 20:36:16 INFO Testing Day 156...
Tue 14 Oct 2025 20:36:17 INFO Day 156 - Test AUC: 0.8029, Test ACC: 0.2520, Test ALPR: 0.8355
Pretrain Test AUC: 0.8004, Pretrain Test ACC: 0.2469, Pretrain ALPR:0.8404

Tue 14 Oct 2025 20:36:17 INFO data_size: 14205
Tue 14 Oct 2025 20:36:17 INFO multi_pay_size: 7783
Tue 14 Oct 2025 20:36:17 INFO Testing Day 157...
Tue 14 Oct 2025 20:36:19 INFO Day 157 - Test AUC: 0.8095, Test ACC: 0.2554, Test ALPR: 0.8177
Pretrain Test AUC: 0.8068, Pretrain Test ACC: 0.2475, Pretrain ALPR:0.8241

Tue 14 Oct 2025 20:36:19 INFO data_size: 12234
Tue 14 Oct 2025 20:36:19 INFO multi_pay_size: 6901
Tue 14 Oct 2025 20:36:19 INFO Testing Day 158...
Tue 14 Oct 2025 20:36:20 INFO Day 158 - Test AUC: 0.8033, Test ACC: 0.2503, Test ALPR: 0.8292
Pretrain Test AUC: 0.8008, Pretrain Test ACC: 0.2448, Pretrain ALPR:0.8353

Tue 14 Oct 2025 20:36:20 INFO data_size: 12837
Tue 14 Oct 2025 20:36:20 INFO multi_pay_size: 6980
Tue 14 Oct 2025 20:36:20 INFO Testing Day 159...
Tue 14 Oct 2025 20:36:21 INFO Day 159 - Test AUC: 0.8087, Test ACC: 0.2571, Test ALPR: 0.8150
Pretrain Test AUC: 0.8057, Pretrain Test ACC: 0.2564, Pretrain ALPR:0.8246

Tue 14 Oct 2025 20:36:22 INFO data_size: 4449
Tue 14 Oct 2025 20:36:22 INFO multi_pay_size: 2455
Tue 14 Oct 2025 20:36:22 INFO Testing Day 160...
Tue 14 Oct 2025 20:36:22 INFO Day 160 - Test AUC: 0.8048, Test ACC: 0.2547, Test ALPR: 0.8219
Pretrain Test AUC: 0.8026, Pretrain Test ACC: 0.2463, Pretrain ALPR:0.8248

Tue 14 Oct 2025 20:36:23 INFO data_size: 88158
Tue 14 Oct 2025 20:36:23 INFO multi_pay_size: 43217
Tue 14 Oct 2025 20:36:26 INFO Train Day 19 - Epoch 1 - Avg Loss: 0.5405
Tue 14 Oct 2025 20:36:26 INFO data_size: 1779
Tue 14 Oct 2025 20:36:26 INFO multi_pay_size: 956
Tue 14 Oct 2025 20:36:26 INFO Testing Day 161...
Tue 14 Oct 2025 20:36:27 INFO Day 161 - Test AUC: 0.7936, Test ACC: 0.2507, Test ALPR: 0.8482
Pretrain Test AUC: 0.7912, Pretrain Test ACC: 0.2299, Pretrain ALPR:0.8617

Tue 14 Oct 2025 20:36:27 INFO data_size: 9868
Tue 14 Oct 2025 20:36:27 INFO multi_pay_size: 5292
Tue 14 Oct 2025 20:36:27 INFO Testing Day 162...
Tue 14 Oct 2025 20:36:28 INFO Day 162 - Test AUC: 0.8048, Test ACC: 0.2556, Test ALPR: 0.8286
Pretrain Test AUC: 0.8021, Pretrain Test ACC: 0.2457, Pretrain ALPR:0.8378

Tue 14 Oct 2025 20:36:28 INFO data_size: 17884
Tue 14 Oct 2025 20:36:28 INFO multi_pay_size: 9824
Tue 14 Oct 2025 20:36:28 INFO Testing Day 163...
Tue 14 Oct 2025 20:36:29 INFO Day 163 - Test AUC: 0.8068, Test ACC: 0.2548, Test ALPR: 0.8097
Pretrain Test AUC: 0.8037, Pretrain Test ACC: 0.2416, Pretrain ALPR:0.8228

Tue 14 Oct 2025 20:36:29 INFO data_size: 16166
Tue 14 Oct 2025 20:36:29 INFO multi_pay_size: 8898
Tue 14 Oct 2025 20:36:29 INFO Testing Day 164...
Tue 14 Oct 2025 20:36:31 INFO Day 164 - Test AUC: 0.8069, Test ACC: 0.2601, Test ALPR: 0.8060
Pretrain Test AUC: 0.8041, Pretrain Test ACC: 0.2472, Pretrain ALPR:0.8171

Tue 14 Oct 2025 20:36:31 INFO data_size: 14405
Tue 14 Oct 2025 20:36:31 INFO multi_pay_size: 7940
Tue 14 Oct 2025 20:36:31 INFO Testing Day 165...
Tue 14 Oct 2025 20:36:32 INFO Day 165 - Test AUC: 0.8083, Test ACC: 0.2594, Test ALPR: 0.8151
Pretrain Test AUC: 0.8055, Pretrain Test ACC: 0.2512, Pretrain ALPR:0.8253

Tue 14 Oct 2025 20:36:32 INFO data_size: 12656
Tue 14 Oct 2025 20:36:32 INFO multi_pay_size: 7134
Tue 14 Oct 2025 20:36:32 INFO Testing Day 166...
Tue 14 Oct 2025 20:36:33 INFO Day 166 - Test AUC: 0.8065, Test ACC: 0.2547, Test ALPR: 0.8219
Pretrain Test AUC: 0.8035, Pretrain Test ACC: 0.2442, Pretrain ALPR:0.8349

Tue 14 Oct 2025 20:36:33 INFO data_size: 13179
Tue 14 Oct 2025 20:36:33 INFO multi_pay_size: 7237
Tue 14 Oct 2025 20:36:33 INFO Testing Day 167...
Tue 14 Oct 2025 20:36:35 INFO Day 167 - Test AUC: 0.8065, Test ACC: 0.2565, Test ALPR: 0.8095
Pretrain Test AUC: 0.8036, Pretrain Test ACC: 0.2467, Pretrain ALPR:0.8226

Tue 14 Oct 2025 20:36:35 INFO data_size: 4716
Tue 14 Oct 2025 20:36:35 INFO multi_pay_size: 2333
Tue 14 Oct 2025 20:36:35 INFO Testing Day 168...
Tue 14 Oct 2025 20:36:36 INFO Day 168 - Test AUC: 0.8056, Test ACC: 0.2625, Test ALPR: 0.7903
Pretrain Test AUC: 0.8037, Pretrain Test ACC: 0.2506, Pretrain ALPR:0.8000

Tue 14 Oct 2025 20:36:36 INFO data_size: 78835
Tue 14 Oct 2025 20:36:36 INFO multi_pay_size: 41334
Tue 14 Oct 2025 20:36:40 INFO Train Day 20 - Epoch 1 - Avg Loss: 0.5534
Tue 14 Oct 2025 20:36:40 INFO data_size: 1963
Tue 14 Oct 2025 20:36:40 INFO multi_pay_size: 963
Tue 14 Oct 2025 20:36:40 INFO Testing Day 169...
Tue 14 Oct 2025 20:36:41 INFO Day 169 - Test AUC: 0.8061, Test ACC: 0.2491, Test ALPR: 0.8311
Pretrain Test AUC: 0.8040, Pretrain Test ACC: 0.2338, Pretrain ALPR:0.8429

Tue 14 Oct 2025 20:36:41 INFO data_size: 10763
Tue 14 Oct 2025 20:36:41 INFO multi_pay_size: 5248
Tue 14 Oct 2025 20:36:41 INFO Testing Day 170...
Tue 14 Oct 2025 20:36:42 INFO Day 170 - Test AUC: 0.8117, Test ACC: 0.2505, Test ALPR: 0.8065
Pretrain Test AUC: 0.8090, Pretrain Test ACC: 0.2463, Pretrain ALPR:0.8205

Tue 14 Oct 2025 20:36:42 INFO data_size: 17441
Tue 14 Oct 2025 20:36:42 INFO multi_pay_size: 8883
Tue 14 Oct 2025 20:36:42 INFO Testing Day 171...
Tue 14 Oct 2025 20:36:43 INFO Day 171 - Test AUC: 0.8080, Test ACC: 0.2531, Test ALPR: 0.8089
Pretrain Test AUC: 0.8053, Pretrain Test ACC: 0.2418, Pretrain ALPR:0.8215

Tue 14 Oct 2025 20:36:43 INFO data_size: 16041
Tue 14 Oct 2025 20:36:43 INFO multi_pay_size: 8226
Tue 14 Oct 2025 20:36:43 INFO Testing Day 172...
Tue 14 Oct 2025 20:36:44 INFO Day 172 - Test AUC: 0.8065, Test ACC: 0.2596, Test ALPR: 0.8119
Pretrain Test AUC: 0.8036, Pretrain Test ACC: 0.2513, Pretrain ALPR:0.8271

Tue 14 Oct 2025 20:36:44 INFO data_size: 13244
Tue 14 Oct 2025 20:36:44 INFO multi_pay_size: 6724
Tue 14 Oct 2025 20:36:44 INFO Testing Day 173...
Tue 14 Oct 2025 20:36:45 INFO Day 173 - Test AUC: 0.8067, Test ACC: 0.2478, Test ALPR: 0.8132
Pretrain Test AUC: 0.8041, Pretrain Test ACC: 0.2412, Pretrain ALPR:0.8262

Tue 14 Oct 2025 20:36:45 INFO data_size: 11068
Tue 14 Oct 2025 20:36:45 INFO multi_pay_size: 5663
Tue 14 Oct 2025 20:36:45 INFO Testing Day 174...
Tue 14 Oct 2025 20:36:47 INFO Day 174 - Test AUC: 0.8069, Test ACC: 0.2515, Test ALPR: 0.8094
Pretrain Test AUC: 0.8040, Pretrain Test ACC: 0.2407, Pretrain ALPR:0.8240

Tue 14 Oct 2025 20:36:47 INFO data_size: 12027
Tue 14 Oct 2025 20:36:47 INFO multi_pay_size: 5974
Tue 14 Oct 2025 20:36:47 INFO Testing Day 175...
Tue 14 Oct 2025 20:36:48 INFO Day 175 - Test AUC: 0.8120, Test ACC: 0.2513, Test ALPR: 0.8007
Pretrain Test AUC: 0.8092, Pretrain Test ACC: 0.2399, Pretrain ALPR:0.8179

Tue 14 Oct 2025 20:36:48 INFO data_size: 4154
Tue 14 Oct 2025 20:36:48 INFO multi_pay_size: 2108
Tue 14 Oct 2025 20:36:48 INFO Testing Day 176...
Tue 14 Oct 2025 20:36:49 INFO Day 176 - Test AUC: 0.7945, Test ACC: 0.2354, Test ALPR: 0.8462
Pretrain Test AUC: 0.7918, Pretrain Test ACC: 0.2313, Pretrain ALPR:0.8582

Tue 14 Oct 2025 20:36:49 INFO data_size: 76390
Tue 14 Oct 2025 20:36:49 INFO multi_pay_size: 40372
Tue 14 Oct 2025 20:36:53 INFO Train Day 21 - Epoch 1 - Avg Loss: 0.5587
Tue 14 Oct 2025 20:36:53 INFO data_size: 1666
Tue 14 Oct 2025 20:36:53 INFO multi_pay_size: 814
Tue 14 Oct 2025 20:36:53 INFO Testing Day 177...
Tue 14 Oct 2025 20:36:53 INFO Day 177 - Test AUC: 0.8088, Test ACC: 0.2467, Test ALPR: 0.8275
Pretrain Test AUC: 0.8058, Pretrain Test ACC: 0.2389, Pretrain ALPR:0.8414

Tue 14 Oct 2025 20:36:53 INFO data_size: 8214
Tue 14 Oct 2025 20:36:53 INFO multi_pay_size: 3995
Tue 14 Oct 2025 20:36:53 INFO Testing Day 178...
Tue 14 Oct 2025 20:36:54 INFO Day 178 - Test AUC: 0.8051, Test ACC: 0.2544, Test ALPR: 0.8129
Pretrain Test AUC: 0.8022, Pretrain Test ACC: 0.2459, Pretrain ALPR:0.8282

Tue 14 Oct 2025 20:36:54 INFO data_size: 15048
Tue 14 Oct 2025 20:36:54 INFO multi_pay_size: 7662
Tue 14 Oct 2025 20:36:54 INFO Testing Day 179...
Tue 14 Oct 2025 20:36:55 INFO Day 179 - Test AUC: 0.8058, Test ACC: 0.2534, Test ALPR: 0.8088
Pretrain Test AUC: 0.8030, Pretrain Test ACC: 0.2503, Pretrain ALPR:0.8222

Tue 14 Oct 2025 20:36:55 INFO data_size: 14137
Tue 14 Oct 2025 20:36:55 INFO multi_pay_size: 7227
Tue 14 Oct 2025 20:36:55 INFO Testing Day 180...
Tue 14 Oct 2025 20:36:56 INFO Day 180 - Test AUC: 0.8053, Test ACC: 0.2510, Test ALPR: 0.8266
Pretrain Test AUC: 0.8023, Pretrain Test ACC: 0.2477, Pretrain ALPR:0.8403

Tue 14 Oct 2025 20:36:56 INFO data_size: 12864
Tue 14 Oct 2025 20:36:56 INFO multi_pay_size: 6459
Tue 14 Oct 2025 20:36:56 INFO Testing Day 181...
Tue 14 Oct 2025 20:36:57 INFO Day 181 - Test AUC: 0.8044, Test ACC: 0.2527, Test ALPR: 0.8249
Pretrain Test AUC: 0.8007, Pretrain Test ACC: 0.2446, Pretrain ALPR:0.8432

Tue 14 Oct 2025 20:36:57 INFO data_size: 10602
Tue 14 Oct 2025 20:36:57 INFO multi_pay_size: 5539
Tue 14 Oct 2025 20:36:57 INFO Testing Day 182...
Tue 14 Oct 2025 20:36:58 INFO Day 182 - Test AUC: 0.8109, Test ACC: 0.2628, Test ALPR: 0.8062
Pretrain Test AUC: 0.8079, Pretrain Test ACC: 0.2518, Pretrain ALPR:0.8196

Tue 14 Oct 2025 20:36:58 INFO data_size: 11565
Tue 14 Oct 2025 20:36:58 INFO multi_pay_size: 5674
Tue 14 Oct 2025 20:36:58 INFO Testing Day 183...
Tue 14 Oct 2025 20:36:59 INFO Day 183 - Test AUC: 0.8064, Test ACC: 0.2606, Test ALPR: 0.8063
Pretrain Test AUC: 0.8033, Pretrain Test ACC: 0.2475, Pretrain ALPR:0.8215

Tue 14 Oct 2025 20:36:59 INFO data_size: 4007
Tue 14 Oct 2025 20:36:59 INFO multi_pay_size: 2179
Tue 14 Oct 2025 20:36:59 INFO Testing Day 184...
Tue 14 Oct 2025 20:37:00 INFO Day 184 - Test AUC: 0.8037, Test ACC: 0.2481, Test ALPR: 0.8039
Pretrain Test AUC: 0.8007, Pretrain Test ACC: 0.2436, Pretrain ALPR:0.8190

Tue 14 Oct 2025 20:37:00 INFO data_size: 74244
Tue 14 Oct 2025 20:37:00 INFO multi_pay_size: 39485
Tue 14 Oct 2025 20:37:05 INFO Train Day 22 - Epoch 1 - Avg Loss: 0.5507
Tue 14 Oct 2025 20:37:05 INFO data_size: 1383
Tue 14 Oct 2025 20:37:05 INFO multi_pay_size: 707
Tue 14 Oct 2025 20:37:05 INFO Testing Day 185...
Tue 14 Oct 2025 20:37:05 INFO Day 185 - Test AUC: 0.8046, Test ACC: 0.2646, Test ALPR: 0.7926
Pretrain Test AUC: 0.8031, Pretrain Test ACC: 0.2531, Pretrain ALPR:0.8044

Tue 14 Oct 2025 20:37:05 INFO data_size: 7103
Tue 14 Oct 2025 20:37:05 INFO multi_pay_size: 3701
Tue 14 Oct 2025 20:37:05 INFO Testing Day 186...
Tue 14 Oct 2025 20:37:06 INFO Day 186 - Test AUC: 0.7937, Test ACC: 0.2490, Test ALPR: 0.8430
Pretrain Test AUC: 0.7911, Pretrain Test ACC: 0.2426, Pretrain ALPR:0.8542

Tue 14 Oct 2025 20:37:06 INFO data_size: 13172
Tue 14 Oct 2025 20:37:06 INFO multi_pay_size: 7095
Tue 14 Oct 2025 20:37:06 INFO Testing Day 187...
Tue 14 Oct 2025 20:37:07 INFO Day 187 - Test AUC: 0.8051, Test ACC: 0.2516, Test ALPR: 0.8109
Pretrain Test AUC: 0.8025, Pretrain Test ACC: 0.2436, Pretrain ALPR:0.8236

Tue 14 Oct 2025 20:37:07 INFO data_size: 13156
Tue 14 Oct 2025 20:37:07 INFO multi_pay_size: 7301
Tue 14 Oct 2025 20:37:07 INFO Testing Day 188...
Tue 14 Oct 2025 20:37:08 INFO Day 188 - Test AUC: 0.8015, Test ACC: 0.2578, Test ALPR: 0.8251
Pretrain Test AUC: 0.7983, Pretrain Test ACC: 0.2482, Pretrain ALPR:0.8427

Tue 14 Oct 2025 20:37:08 INFO data_size: 12462
Tue 14 Oct 2025 20:37:08 INFO multi_pay_size: 6663
Tue 14 Oct 2025 20:37:08 INFO Testing Day 189...
Tue 14 Oct 2025 20:37:09 INFO Day 189 - Test AUC: 0.8048, Test ACC: 0.2610, Test ALPR: 0.8137
Pretrain Test AUC: 0.8011, Pretrain Test ACC: 0.2505, Pretrain ALPR:0.8312

Tue 14 Oct 2025 20:37:09 INFO data_size: 10694
Tue 14 Oct 2025 20:37:09 INFO multi_pay_size: 5733
Tue 14 Oct 2025 20:37:09 INFO Testing Day 190...
Tue 14 Oct 2025 20:37:11 INFO Day 190 - Test AUC: 0.8096, Test ACC: 0.2573, Test ALPR: 0.7998
Pretrain Test AUC: 0.8062, Pretrain Test ACC: 0.2487, Pretrain ALPR:0.8157

Tue 14 Oct 2025 20:37:11 INFO data_size: 11242
Tue 14 Oct 2025 20:37:11 INFO multi_pay_size: 5929
Tue 14 Oct 2025 20:37:11 INFO Testing Day 191...
Tue 14 Oct 2025 20:37:13 INFO Day 191 - Test AUC: 0.8064, Test ACC: 0.2585, Test ALPR: 0.8005
Pretrain Test AUC: 0.8028, Pretrain Test ACC: 0.2428, Pretrain ALPR:0.8172

Tue 14 Oct 2025 20:37:13 INFO data_size: 3860
Tue 14 Oct 2025 20:37:13 INFO multi_pay_size: 2121
Tue 14 Oct 2025 20:37:13 INFO Testing Day 192...
Tue 14 Oct 2025 20:37:13 INFO Day 192 - Test AUC: 0.8011, Test ACC: 0.2521, Test ALPR: 0.8139
Pretrain Test AUC: 0.7986, Pretrain Test ACC: 0.2422, Pretrain ALPR:0.8270

Tue 14 Oct 2025 20:37:14 INFO data_size: 77910
Tue 14 Oct 2025 20:37:14 INFO multi_pay_size: 42220
Tue 14 Oct 2025 20:37:19 INFO Train Day 23 - Epoch 1 - Avg Loss: 0.5491
Tue 14 Oct 2025 20:37:19 INFO data_size: 1379
Tue 14 Oct 2025 20:37:19 INFO multi_pay_size: 723
Tue 14 Oct 2025 20:37:19 INFO Testing Day 193...
Tue 14 Oct 2025 20:37:19 INFO Day 193 - Test AUC: 0.7847, Test ACC: 0.2422, Test ALPR: 0.8731
Pretrain Test AUC: 0.7822, Pretrain Test ACC: 0.2473, Pretrain ALPR:0.8848

Tue 14 Oct 2025 20:37:19 INFO data_size: 7352
Tue 14 Oct 2025 20:37:19 INFO multi_pay_size: 3899
Tue 14 Oct 2025 20:37:19 INFO Testing Day 194...
Tue 14 Oct 2025 20:37:20 INFO Day 194 - Test AUC: 0.8016, Test ACC: 0.2511, Test ALPR: 0.8359
Pretrain Test AUC: 0.7982, Pretrain Test ACC: 0.2418, Pretrain ALPR:0.8521

Tue 14 Oct 2025 20:37:20 INFO data_size: 14248
Tue 14 Oct 2025 20:37:20 INFO multi_pay_size: 7653
Tue 14 Oct 2025 20:37:20 INFO Testing Day 195...
Tue 14 Oct 2025 20:37:21 INFO Day 195 - Test AUC: 0.7953, Test ACC: 0.2537, Test ALPR: 0.8356
Pretrain Test AUC: 0.7926, Pretrain Test ACC: 0.2490, Pretrain ALPR:0.8478

Tue 14 Oct 2025 20:37:21 INFO data_size: 13764
Tue 14 Oct 2025 20:37:21 INFO multi_pay_size: 7420
Tue 14 Oct 2025 20:37:21 INFO Testing Day 196...
Tue 14 Oct 2025 20:37:22 INFO Day 196 - Test AUC: 0.8002, Test ACC: 0.2618, Test ALPR: 0.8309
Pretrain Test AUC: 0.7970, Pretrain Test ACC: 0.2483, Pretrain ALPR:0.8461

Tue 14 Oct 2025 20:37:22 INFO data_size: 11960
Tue 14 Oct 2025 20:37:22 INFO multi_pay_size: 6466
Tue 14 Oct 2025 20:37:22 INFO Testing Day 197...
Tue 14 Oct 2025 20:37:23 INFO Day 197 - Test AUC: 0.8011, Test ACC: 0.2567, Test ALPR: 0.8278
Pretrain Test AUC: 0.7977, Pretrain Test ACC: 0.2445, Pretrain ALPR:0.8433

Tue 14 Oct 2025 20:37:23 INFO data_size: 10120
Tue 14 Oct 2025 20:37:23 INFO multi_pay_size: 5556
Tue 14 Oct 2025 20:37:23 INFO Testing Day 198...
Tue 14 Oct 2025 20:37:24 INFO Day 198 - Test AUC: 0.8042, Test ACC: 0.2559, Test ALPR: 0.8195
Pretrain Test AUC: 0.8008, Pretrain Test ACC: 0.2425, Pretrain ALPR:0.8351

Tue 14 Oct 2025 20:37:24 INFO data_size: 11037
Tue 14 Oct 2025 20:37:24 INFO multi_pay_size: 5791
Tue 14 Oct 2025 20:37:24 INFO Testing Day 199...
Tue 14 Oct 2025 20:37:26 INFO Day 199 - Test AUC: 0.8049, Test ACC: 0.2580, Test ALPR: 0.8058
Pretrain Test AUC: 0.8011, Pretrain Test ACC: 0.2494, Pretrain ALPR:0.8231

Tue 14 Oct 2025 20:37:26 INFO Training completed for all days.
Tue 14 Oct 2025 20:37:26 INFO Average test_auc: 0.8055
Tue 14 Oct 2025 20:37:26 INFO Average test_acc: 0.2556
Tue 14 Oct 2025 20:37:26 INFO Average test_alpr: 0.8125
Tue 14 Oct 2025 20:37:26 INFO Average pretrain_test_auc: 0.8035
Tue 14 Oct 2025 20:37:26 INFO Average pretrain_test_acc: 0.2488
Tue 14 Oct 2025 20:37:26 INFO Average pretrain_test_alpr: 0.8220
Tue 14 Oct 2025 20:37:26 INFO =============lr_0.0001 -bw_weight_0 - ga_weight_0================
============lr: 0.0001============
Average test_auc: 0.8055
Average test_acc: 0.2556
Average test_alpr: 0.8125
Average pretrain_test_auc: 0.8035
Average pretrain_test_acc: 0.2488
Average pretrain_test_alpr: 0.8220
========================================


