Tue 14 Oct 2025 20:31:43 INFO Namespace(batch_size=1024, bdl_stream_step=1, boost_weight=0, data_cache_path='./data/', data_path='./data/', dataset_name='gmv_each_pay_multi_user_with_prev.txt', embed_dim=16, epochs=1, ga_loss_weight=0, gmv_attr_window=7, gpu_id='4', l2_reg=1e-05, learning_rate_scheduler=[0.95, 2], loss_pho_weight=1, lr=0.01, mode='stream', model='sharedbottom_twotower_vanilla', model_save_pth='./pretrain_model/', num_workers=4, optimizer='Adam', pkl_remarks='None', pretrain_model='gmvcalibmlp', pretrain_remarks='sharedtwotower', remarks='rerun', seed=2025, stopping_step=2, stream_step=0.125, test_end_day=82, test_start_day=57.125, train_end_day=81.875, train_start_day=57.0, weight_decay=0.0)
Tue 14 Oct 2025 20:31:43 INFO ===============lr_0.01 -bw_weight_0 -ga_weight_0================
Tue 14 Oct 2025 20:31:43 INFO Loading data from cache path: ./data/
Tue 14 Oct 2025 20:31:43 INFO cache_path ./data/vanilla_backfill_stream_backfill.pkl exists.
Tue 14 Oct 2025 20:31:43 INFO loading cached data...
Tue 14 Oct 2025 20:31:52 INFO Pretrained Calibrator:calibrator_pretrain_2025_calibrator.pth
Tue 14 Oct 2025 20:31:54 INFO pretrained_model: sharebottom_twotower_pretrain_2025_sharedtwotower.pth
Tue 14 Oct 2025 20:31:54 INFO Pretrained Classifier:classifier_pretrain_2025_classifier.pth
Tue 14 Oct 2025 20:31:55 INFO data_size: 5613
Tue 14 Oct 2025 20:31:55 INFO multi_pay_size: 3860
Tue 14 Oct 2025 20:31:56 INFO Day 0 - Epoch 1 - Avg Loss: 1.1984
Tue 14 Oct 2025 20:31:56 INFO data_size: 1776
Tue 14 Oct 2025 20:31:56 INFO multi_pay_size: 935
Tue 14 Oct 2025 20:31:56 INFO Testing Day 1...
Tue 14 Oct 2025 20:31:57 INFO Day 1 - Test AUC: 0.7849, Test ACC: 0.1751, Test ALPR: 1.2428
Pretrain Test AUC: 0.8042, Pretrain Test ACC: 0.2224, Pretrain ALPR:0.8408

Tue 14 Oct 2025 20:31:57 INFO data_size: 2248
Tue 14 Oct 2025 20:31:57 INFO multi_pay_size: 1538
Tue 14 Oct 2025 20:31:57 INFO Day 1 - Epoch 1 - Avg Loss: 0.7342
Tue 14 Oct 2025 20:31:57 INFO data_size: 8970
Tue 14 Oct 2025 20:31:57 INFO multi_pay_size: 4594
Tue 14 Oct 2025 20:31:57 INFO Testing Day 2...
Tue 14 Oct 2025 20:31:58 INFO Day 2 - Test AUC: 0.7507, Test ACC: 0.1899, Test ALPR: 1.0483
Pretrain Test AUC: 0.8057, Pretrain Test ACC: 0.2476, Pretrain ALPR:0.8171

Tue 14 Oct 2025 20:31:58 INFO data_size: 11118
Tue 14 Oct 2025 20:31:58 INFO multi_pay_size: 7662
Tue 14 Oct 2025 20:31:59 INFO Day 2 - Epoch 1 - Avg Loss: 0.6205
Tue 14 Oct 2025 20:31:59 INFO data_size: 14174
Tue 14 Oct 2025 20:31:59 INFO multi_pay_size: 7505
Tue 14 Oct 2025 20:31:59 INFO Testing Day 3...
Tue 14 Oct 2025 20:32:01 INFO Day 3 - Test AUC: 0.7920, Test ACC: 0.1964, Test ALPR: 1.0389
Pretrain Test AUC: 0.8093, Pretrain Test ACC: 0.2495, Pretrain ALPR:0.8020

Tue 14 Oct 2025 20:32:01 INFO data_size: 23320
Tue 14 Oct 2025 20:32:01 INFO multi_pay_size: 16600
Tue 14 Oct 2025 20:32:02 INFO Day 3 - Epoch 1 - Avg Loss: 0.5846
Tue 14 Oct 2025 20:32:02 INFO data_size: 13320
Tue 14 Oct 2025 20:32:02 INFO multi_pay_size: 6971
Tue 14 Oct 2025 20:32:02 INFO Testing Day 4...
Tue 14 Oct 2025 20:32:03 INFO Day 4 - Test AUC: 0.7908, Test ACC: 0.2282, Test ALPR: 0.9203
Pretrain Test AUC: 0.8053, Pretrain Test ACC: 0.2461, Pretrain ALPR:0.8064

Tue 14 Oct 2025 20:32:04 INFO data_size: 21487
Tue 14 Oct 2025 20:32:04 INFO multi_pay_size: 15092
Tue 14 Oct 2025 20:32:05 INFO Day 4 - Epoch 1 - Avg Loss: 0.5577
Tue 14 Oct 2025 20:32:05 INFO data_size: 11732
Tue 14 Oct 2025 20:32:05 INFO multi_pay_size: 6186
Tue 14 Oct 2025 20:32:05 INFO Testing Day 5...
Tue 14 Oct 2025 20:32:06 INFO Day 5 - Test AUC: 0.7891, Test ACC: 0.2297, Test ALPR: 0.9422
Pretrain Test AUC: 0.8048, Pretrain Test ACC: 0.2571, Pretrain ALPR:0.8308

Tue 14 Oct 2025 20:32:06 INFO data_size: 19613
Tue 14 Oct 2025 20:32:06 INFO multi_pay_size: 13931
Tue 14 Oct 2025 20:32:07 INFO Day 5 - Epoch 1 - Avg Loss: 0.5749
Tue 14 Oct 2025 20:32:07 INFO data_size: 9746
Tue 14 Oct 2025 20:32:07 INFO multi_pay_size: 5148
Tue 14 Oct 2025 20:32:07 INFO Testing Day 6...
Tue 14 Oct 2025 20:32:08 INFO Day 6 - Test AUC: 0.7992, Test ACC: 0.2451, Test ALPR: 0.8861
Pretrain Test AUC: 0.8064, Pretrain Test ACC: 0.2551, Pretrain ALPR:0.8145

Tue 14 Oct 2025 20:32:08 INFO data_size: 18395
Tue 14 Oct 2025 20:32:08 INFO multi_pay_size: 12834
Tue 14 Oct 2025 20:32:10 INFO Day 6 - Epoch 1 - Avg Loss: 0.5198
Tue 14 Oct 2025 20:32:10 INFO data_size: 10403
Tue 14 Oct 2025 20:32:10 INFO multi_pay_size: 5330
Tue 14 Oct 2025 20:32:10 INFO Testing Day 7...
Tue 14 Oct 2025 20:32:11 INFO Day 7 - Test AUC: 0.7969, Test ACC: 0.2147, Test ALPR: 0.9723
Pretrain Test AUC: 0.8126, Pretrain Test ACC: 0.2519, Pretrain ALPR:0.8121

Tue 14 Oct 2025 20:32:11 INFO data_size: 19142
Tue 14 Oct 2025 20:32:11 INFO multi_pay_size: 13139
Tue 14 Oct 2025 20:32:12 INFO Day 7 - Epoch 1 - Avg Loss: 0.5346
Tue 14 Oct 2025 20:32:12 INFO data_size: 3760
Tue 14 Oct 2025 20:32:12 INFO multi_pay_size: 1955
Tue 14 Oct 2025 20:32:12 INFO Testing Day 8...
Tue 14 Oct 2025 20:32:13 INFO Day 8 - Test AUC: 0.7681, Test ACC: 0.2027, Test ALPR: 0.9715
Pretrain Test AUC: 0.7992, Pretrain Test ACC: 0.2606, Pretrain ALPR:0.8091

Tue 14 Oct 2025 20:32:13 INFO data_size: 5918
Tue 14 Oct 2025 20:32:13 INFO multi_pay_size: 4096
Tue 14 Oct 2025 20:32:14 INFO Day 8 - Epoch 1 - Avg Loss: 0.5495
Tue 14 Oct 2025 20:32:14 INFO data_size: 1620
Tue 14 Oct 2025 20:32:14 INFO multi_pay_size: 823
Tue 14 Oct 2025 20:32:14 INFO Testing Day 9...
Tue 14 Oct 2025 20:32:15 INFO Day 9 - Test AUC: 0.7706, Test ACC: 0.1747, Test ALPR: 1.2041
Pretrain Test AUC: 0.7969, Pretrain Test ACC: 0.2506, Pretrain ALPR:0.8451

Tue 14 Oct 2025 20:32:15 INFO data_size: 2092
Tue 14 Oct 2025 20:32:15 INFO multi_pay_size: 1432
Tue 14 Oct 2025 20:32:15 INFO Day 9 - Epoch 1 - Avg Loss: 0.5755
Tue 14 Oct 2025 20:32:15 INFO data_size: 8045
Tue 14 Oct 2025 20:32:15 INFO multi_pay_size: 4044
Tue 14 Oct 2025 20:32:15 INFO Testing Day 10...
Tue 14 Oct 2025 20:32:16 INFO Day 10 - Test AUC: 0.8030, Test ACC: 0.2251, Test ALPR: 0.9176
Pretrain Test AUC: 0.8110, Pretrain Test ACC: 0.2424, Pretrain ALPR:0.7919

Tue 14 Oct 2025 20:32:16 INFO data_size: 10184
Tue 14 Oct 2025 20:32:16 INFO multi_pay_size: 6944
Tue 14 Oct 2025 20:32:17 INFO Day 10 - Epoch 1 - Avg Loss: 0.5350
Tue 14 Oct 2025 20:32:17 INFO data_size: 13978
Tue 14 Oct 2025 20:32:17 INFO multi_pay_size: 7380
Tue 14 Oct 2025 20:32:17 INFO Testing Day 11...
Tue 14 Oct 2025 20:32:18 INFO Day 11 - Test AUC: 0.7952, Test ACC: 0.2317, Test ALPR: 0.8986
Pretrain Test AUC: 0.8043, Pretrain Test ACC: 0.2510, Pretrain ALPR:0.8094

Tue 14 Oct 2025 20:32:18 INFO data_size: 21563
Tue 14 Oct 2025 20:32:18 INFO multi_pay_size: 15255
Tue 14 Oct 2025 20:32:20 INFO Day 11 - Epoch 1 - Avg Loss: 0.5351
Tue 14 Oct 2025 20:32:20 INFO data_size: 13577
Tue 14 Oct 2025 20:32:20 INFO multi_pay_size: 7026
Tue 14 Oct 2025 20:32:20 INFO Testing Day 12...
Tue 14 Oct 2025 20:32:21 INFO Day 12 - Test AUC: 0.7920, Test ACC: 0.2270, Test ALPR: 0.9167
Pretrain Test AUC: 0.8070, Pretrain Test ACC: 0.2579, Pretrain ALPR:0.8015

Tue 14 Oct 2025 20:32:22 INFO data_size: 21844
Tue 14 Oct 2025 20:32:22 INFO multi_pay_size: 15245
Tue 14 Oct 2025 20:32:23 INFO Day 12 - Epoch 1 - Avg Loss: 0.5352
Tue 14 Oct 2025 20:32:23 INFO data_size: 12545
Tue 14 Oct 2025 20:32:23 INFO multi_pay_size: 6475
Tue 14 Oct 2025 20:32:23 INFO Testing Day 13...
Tue 14 Oct 2025 20:32:24 INFO Day 13 - Test AUC: 0.8091, Test ACC: 0.2454, Test ALPR: 0.8438
Pretrain Test AUC: 0.8124, Pretrain Test ACC: 0.2555, Pretrain ALPR:0.7996

Tue 14 Oct 2025 20:32:24 INFO data_size: 20851
Tue 14 Oct 2025 20:32:24 INFO multi_pay_size: 14592
Tue 14 Oct 2025 20:32:26 INFO Day 13 - Epoch 1 - Avg Loss: 0.5279
Tue 14 Oct 2025 20:32:26 INFO data_size: 10707
Tue 14 Oct 2025 20:32:26 INFO multi_pay_size: 5618
Tue 14 Oct 2025 20:32:26 INFO Testing Day 14...
Tue 14 Oct 2025 20:32:27 INFO Day 14 - Test AUC: 0.8022, Test ACC: 0.2426, Test ALPR: 0.8882
Pretrain Test AUC: 0.8032, Pretrain Test ACC: 0.2538, Pretrain ALPR:0.8183

Tue 14 Oct 2025 20:32:27 INFO data_size: 18928
Tue 14 Oct 2025 20:32:27 INFO multi_pay_size: 13291
Tue 14 Oct 2025 20:32:28 INFO Day 14 - Epoch 1 - Avg Loss: 0.5092
Tue 14 Oct 2025 20:32:28 INFO data_size: 11343
Tue 14 Oct 2025 20:32:28 INFO multi_pay_size: 5776
Tue 14 Oct 2025 20:32:28 INFO Testing Day 15...
Tue 14 Oct 2025 20:32:29 INFO Day 15 - Test AUC: 0.8123, Test ACC: 0.2416, Test ALPR: 0.8666
Pretrain Test AUC: 0.8127, Pretrain Test ACC: 0.2595, Pretrain ALPR:0.7924

Tue 14 Oct 2025 20:32:30 INFO data_size: 19505
Tue 14 Oct 2025 20:32:30 INFO multi_pay_size: 13424
Tue 14 Oct 2025 20:32:31 INFO Day 15 - Epoch 1 - Avg Loss: 0.5001
Tue 14 Oct 2025 20:32:31 INFO data_size: 3802
Tue 14 Oct 2025 20:32:31 INFO multi_pay_size: 1994
Tue 14 Oct 2025 20:32:31 INFO Testing Day 16...
Tue 14 Oct 2025 20:32:32 INFO Day 16 - Test AUC: 0.8037, Test ACC: 0.2475, Test ALPR: 0.8574
Pretrain Test AUC: 0.8041, Pretrain Test ACC: 0.2496, Pretrain ALPR:0.7899

Tue 14 Oct 2025 20:32:32 INFO data_size: 6145
Tue 14 Oct 2025 20:32:32 INFO multi_pay_size: 4190
Tue 14 Oct 2025 20:32:33 INFO Day 16 - Epoch 1 - Avg Loss: 0.4418
Tue 14 Oct 2025 20:32:33 INFO data_size: 1559
Tue 14 Oct 2025 20:32:33 INFO multi_pay_size: 778
Tue 14 Oct 2025 20:32:33 INFO Testing Day 17...
Tue 14 Oct 2025 20:32:33 INFO Day 17 - Test AUC: 0.8066, Test ACC: 0.0872, Test ALPR: 1.4552
Pretrain Test AUC: 0.8134, Pretrain Test ACC: 0.2405, Pretrain ALPR:0.8133

Tue 14 Oct 2025 20:32:33 INFO data_size: 2073
Tue 14 Oct 2025 20:32:33 INFO multi_pay_size: 1382
Tue 14 Oct 2025 20:32:34 INFO Day 17 - Epoch 1 - Avg Loss: 0.7248
Tue 14 Oct 2025 20:32:34 INFO data_size: 7834
Tue 14 Oct 2025 20:32:34 INFO multi_pay_size: 4000
Tue 14 Oct 2025 20:32:34 INFO Testing Day 18...
Tue 14 Oct 2025 20:32:35 INFO Day 18 - Test AUC: 0.7833, Test ACC: 0.2055, Test ALPR: 0.9185
Pretrain Test AUC: 0.8081, Pretrain Test ACC: 0.2470, Pretrain ALPR:0.8230

Tue 14 Oct 2025 20:32:35 INFO data_size: 9771
Tue 14 Oct 2025 20:32:35 INFO multi_pay_size: 6652
Tue 14 Oct 2025 20:32:36 INFO Day 18 - Epoch 1 - Avg Loss: 0.5853
Tue 14 Oct 2025 20:32:37 INFO data_size: 14716
Tue 14 Oct 2025 20:32:37 INFO multi_pay_size: 7787
Tue 14 Oct 2025 20:32:37 INFO Testing Day 19...
Tue 14 Oct 2025 20:32:38 INFO Day 19 - Test AUC: 0.7927, Test ACC: 0.2265, Test ALPR: 0.8942
Pretrain Test AUC: 0.8059, Pretrain Test ACC: 0.2469, Pretrain ALPR:0.8009

Tue 14 Oct 2025 20:32:38 INFO data_size: 22507
Tue 14 Oct 2025 20:32:38 INFO multi_pay_size: 15790
Tue 14 Oct 2025 20:32:39 INFO Day 19 - Epoch 1 - Avg Loss: 0.5369
Tue 14 Oct 2025 20:32:39 INFO data_size: 13412
Tue 14 Oct 2025 20:32:39 INFO multi_pay_size: 7154
Tue 14 Oct 2025 20:32:39 INFO Testing Day 20...
Tue 14 Oct 2025 20:32:41 INFO Day 20 - Test AUC: 0.8030, Test ACC: 0.2422, Test ALPR: 0.8615
Pretrain Test AUC: 0.8059, Pretrain Test ACC: 0.2425, Pretrain ALPR:0.8123

Tue 14 Oct 2025 20:32:41 INFO data_size: 21698
Tue 14 Oct 2025 20:32:41 INFO multi_pay_size: 15444
Tue 14 Oct 2025 20:32:43 INFO Day 20 - Epoch 1 - Avg Loss: 0.5189
Tue 14 Oct 2025 20:32:43 INFO data_size: 12628
Tue 14 Oct 2025 20:32:43 INFO multi_pay_size: 6708
Tue 14 Oct 2025 20:32:43 INFO Testing Day 21...
Tue 14 Oct 2025 20:32:44 INFO Day 21 - Test AUC: 0.8062, Test ACC: 0.2519, Test ALPR: 0.8577
Pretrain Test AUC: 0.8060, Pretrain Test ACC: 0.2550, Pretrain ALPR:0.8067

Tue 14 Oct 2025 20:32:44 INFO data_size: 21088
Tue 14 Oct 2025 20:32:44 INFO multi_pay_size: 14875
Tue 14 Oct 2025 20:32:46 INFO Day 21 - Epoch 1 - Avg Loss: 0.5169
Tue 14 Oct 2025 20:32:46 INFO data_size: 11033
Tue 14 Oct 2025 20:32:46 INFO multi_pay_size: 5801
Tue 14 Oct 2025 20:32:46 INFO Testing Day 22...
Tue 14 Oct 2025 20:32:47 INFO Day 22 - Test AUC: 0.8120, Test ACC: 0.2570, Test ALPR: 0.8434
Pretrain Test AUC: 0.8111, Pretrain Test ACC: 0.2532, Pretrain ALPR:0.8013

Tue 14 Oct 2025 20:32:47 INFO data_size: 18563
Tue 14 Oct 2025 20:32:47 INFO multi_pay_size: 13287
Tue 14 Oct 2025 20:32:48 INFO Day 22 - Epoch 1 - Avg Loss: 0.4996
Tue 14 Oct 2025 20:32:48 INFO data_size: 11356
Tue 14 Oct 2025 20:32:48 INFO multi_pay_size: 5765
Tue 14 Oct 2025 20:32:48 INFO Testing Day 23...
Tue 14 Oct 2025 20:32:49 INFO Day 23 - Test AUC: 0.8157, Test ACC: 0.2494, Test ALPR: 0.8173
Pretrain Test AUC: 0.8144, Pretrain Test ACC: 0.2558, Pretrain ALPR:0.7900

Tue 14 Oct 2025 20:32:49 INFO data_size: 19753
Tue 14 Oct 2025 20:32:49 INFO multi_pay_size: 13731
Tue 14 Oct 2025 20:32:50 INFO Day 23 - Epoch 1 - Avg Loss: 0.4821
Tue 14 Oct 2025 20:32:50 INFO data_size: 3842
Tue 14 Oct 2025 20:32:51 INFO multi_pay_size: 2027
Tue 14 Oct 2025 20:32:51 INFO Testing Day 24...
Tue 14 Oct 2025 20:32:51 INFO Day 24 - Test AUC: 0.8062, Test ACC: 0.2314, Test ALPR: 0.8759
Pretrain Test AUC: 0.8027, Pretrain Test ACC: 0.2540, Pretrain ALPR:0.7930

Tue 14 Oct 2025 20:32:51 INFO data_size: 5617
Tue 14 Oct 2025 20:32:51 INFO multi_pay_size: 3861
Tue 14 Oct 2025 20:32:52 INFO Day 24 - Epoch 1 - Avg Loss: 0.4895
Tue 14 Oct 2025 20:32:52 INFO data_size: 1547
Tue 14 Oct 2025 20:32:52 INFO multi_pay_size: 785
Tue 14 Oct 2025 20:32:52 INFO Testing Day 25...
Tue 14 Oct 2025 20:32:53 INFO Day 25 - Test AUC: 0.8154, Test ACC: 0.2683, Test ALPR: 0.8332
Pretrain Test AUC: 0.8122, Pretrain Test ACC: 0.2424, Pretrain ALPR:0.7987

Tue 14 Oct 2025 20:32:53 INFO data_size: 2016
Tue 14 Oct 2025 20:32:53 INFO multi_pay_size: 1345
Tue 14 Oct 2025 20:32:53 INFO Day 25 - Epoch 1 - Avg Loss: 0.4918
Tue 14 Oct 2025 20:32:53 INFO data_size: 8123
Tue 14 Oct 2025 20:32:53 INFO multi_pay_size: 4213
Tue 14 Oct 2025 20:32:53 INFO Testing Day 26...
Tue 14 Oct 2025 20:32:54 INFO Day 26 - Test AUC: 0.8109, Test ACC: 0.2452, Test ALPR: 0.8700
Pretrain Test AUC: 0.8078, Pretrain Test ACC: 0.2462, Pretrain ALPR:0.8049

Tue 14 Oct 2025 20:32:54 INFO data_size: 9882
Tue 14 Oct 2025 20:32:54 INFO multi_pay_size: 6894
Tue 14 Oct 2025 20:32:55 INFO Day 26 - Epoch 1 - Avg Loss: 0.5030
Tue 14 Oct 2025 20:32:55 INFO data_size: 15058
Tue 14 Oct 2025 20:32:55 INFO multi_pay_size: 7962
Tue 14 Oct 2025 20:32:55 INFO Testing Day 27...
Tue 14 Oct 2025 20:32:57 INFO Day 27 - Test AUC: 0.8067, Test ACC: 0.2401, Test ALPR: 0.8506
Pretrain Test AUC: 0.8047, Pretrain Test ACC: 0.2551, Pretrain ALPR:0.8010

Tue 14 Oct 2025 20:32:57 INFO data_size: 23383
Tue 14 Oct 2025 20:32:57 INFO multi_pay_size: 16501
Tue 14 Oct 2025 20:32:58 INFO Day 27 - Epoch 1 - Avg Loss: 0.5064
Tue 14 Oct 2025 20:32:58 INFO data_size: 14011
Tue 14 Oct 2025 20:32:58 INFO multi_pay_size: 7296
Tue 14 Oct 2025 20:32:58 INFO Testing Day 28...
Tue 14 Oct 2025 20:32:59 INFO Day 28 - Test AUC: 0.8106, Test ACC: 0.2605, Test ALPR: 0.8227
Pretrain Test AUC: 0.8072, Pretrain Test ACC: 0.2680, Pretrain ALPR:0.7959

Tue 14 Oct 2025 20:32:59 INFO data_size: 22410
Tue 14 Oct 2025 20:32:59 INFO multi_pay_size: 15872
Tue 14 Oct 2025 20:33:01 INFO Day 28 - Epoch 1 - Avg Loss: 0.5001
Tue 14 Oct 2025 20:33:01 INFO data_size: 12286
Tue 14 Oct 2025 20:33:01 INFO multi_pay_size: 6540
Tue 14 Oct 2025 20:33:01 INFO Testing Day 29...
Tue 14 Oct 2025 20:33:03 INFO Day 29 - Test AUC: 0.8075, Test ACC: 0.2505, Test ALPR: 0.8906
Pretrain Test AUC: 0.8034, Pretrain Test ACC: 0.2493, Pretrain ALPR:0.8241

Tue 14 Oct 2025 20:33:03 INFO data_size: 20863
Tue 14 Oct 2025 20:33:03 INFO multi_pay_size: 14766
Tue 14 Oct 2025 20:33:05 INFO Day 29 - Epoch 1 - Avg Loss: 0.5024
Tue 14 Oct 2025 20:33:05 INFO data_size: 10697
Tue 14 Oct 2025 20:33:05 INFO multi_pay_size: 5814
Tue 14 Oct 2025 20:33:05 INFO Testing Day 30...
Tue 14 Oct 2025 20:33:06 INFO Day 30 - Test AUC: 0.8142, Test ACC: 0.2507, Test ALPR: 0.8520
Pretrain Test AUC: 0.8082, Pretrain Test ACC: 0.2565, Pretrain ALPR:0.8129

Tue 14 Oct 2025 20:33:06 INFO data_size: 19709
Tue 14 Oct 2025 20:33:06 INFO multi_pay_size: 14302
Tue 14 Oct 2025 20:33:08 INFO Day 30 - Epoch 1 - Avg Loss: 0.4857
Tue 14 Oct 2025 20:33:08 INFO data_size: 10636
Tue 14 Oct 2025 20:33:08 INFO multi_pay_size: 5539
Tue 14 Oct 2025 20:33:08 INFO Testing Day 31...
Tue 14 Oct 2025 20:33:09 INFO Day 31 - Test AUC: 0.8162, Test ACC: 0.2555, Test ALPR: 0.8403
Pretrain Test AUC: 0.8108, Pretrain Test ACC: 0.2579, Pretrain ALPR:0.7986

Tue 14 Oct 2025 20:33:09 INFO data_size: 20167
Tue 14 Oct 2025 20:33:09 INFO multi_pay_size: 14089
Tue 14 Oct 2025 20:33:11 INFO Day 31 - Epoch 1 - Avg Loss: 0.4630
Tue 14 Oct 2025 20:33:11 INFO data_size: 3631
Tue 14 Oct 2025 20:33:11 INFO multi_pay_size: 1941
Tue 14 Oct 2025 20:33:11 INFO Testing Day 32...
Tue 14 Oct 2025 20:33:11 INFO Day 32 - Test AUC: 0.8108, Test ACC: 0.2415, Test ALPR: 0.8679
Pretrain Test AUC: 0.8040, Pretrain Test ACC: 0.2586, Pretrain ALPR:0.7850

Tue 14 Oct 2025 20:33:11 INFO data_size: 6093
Tue 14 Oct 2025 20:33:12 INFO multi_pay_size: 4224
Tue 14 Oct 2025 20:33:12 INFO Day 32 - Epoch 1 - Avg Loss: 0.4718
Tue 14 Oct 2025 20:33:12 INFO data_size: 1631
Tue 14 Oct 2025 20:33:12 INFO multi_pay_size: 827
Tue 14 Oct 2025 20:33:12 INFO Testing Day 33...
Tue 14 Oct 2025 20:33:13 INFO Day 33 - Test AUC: 0.8179, Test ACC: 0.2563, Test ALPR: 0.8333
Pretrain Test AUC: 0.8064, Pretrain Test ACC: 0.2391, Pretrain ALPR:0.8039

Tue 14 Oct 2025 20:33:13 INFO data_size: 2205
Tue 14 Oct 2025 20:33:13 INFO multi_pay_size: 1475
Tue 14 Oct 2025 20:33:14 INFO Day 33 - Epoch 1 - Avg Loss: 0.4716
Tue 14 Oct 2025 20:33:14 INFO data_size: 8854
Tue 14 Oct 2025 20:33:14 INFO multi_pay_size: 4627
Tue 14 Oct 2025 20:33:14 INFO Testing Day 34...
Tue 14 Oct 2025 20:33:15 INFO Day 34 - Test AUC: 0.8098, Test ACC: 0.2516, Test ALPR: 0.8831
Pretrain Test AUC: 0.8037, Pretrain Test ACC: 0.2451, Pretrain ALPR:0.8266

Tue 14 Oct 2025 20:33:15 INFO data_size: 11382
Tue 14 Oct 2025 20:33:15 INFO multi_pay_size: 7866
Tue 14 Oct 2025 20:33:17 INFO Day 34 - Epoch 1 - Avg Loss: 0.4828
Tue 14 Oct 2025 20:33:17 INFO data_size: 14591
Tue 14 Oct 2025 20:33:17 INFO multi_pay_size: 7707
Tue 14 Oct 2025 20:33:17 INFO Testing Day 35...
Tue 14 Oct 2025 20:33:18 INFO Day 35 - Test AUC: 0.8109, Test ACC: 0.2511, Test ALPR: 0.8690
Pretrain Test AUC: 0.8052, Pretrain Test ACC: 0.2473, Pretrain ALPR:0.8036

Tue 14 Oct 2025 20:33:18 INFO data_size: 23132
Tue 14 Oct 2025 20:33:18 INFO multi_pay_size: 16258
Tue 14 Oct 2025 20:33:20 INFO Day 35 - Epoch 1 - Avg Loss: 0.4969
Tue 14 Oct 2025 20:33:20 INFO data_size: 13916
Tue 14 Oct 2025 20:33:20 INFO multi_pay_size: 7351
Tue 14 Oct 2025 20:33:20 INFO Testing Day 36...
Tue 14 Oct 2025 20:33:21 INFO Day 36 - Test AUC: 0.8158, Test ACC: 0.2525, Test ALPR: 0.8314
Pretrain Test AUC: 0.8095, Pretrain Test ACC: 0.2530, Pretrain ALPR:0.8015

Tue 14 Oct 2025 20:33:21 INFO data_size: 22422
Tue 14 Oct 2025 20:33:21 INFO multi_pay_size: 15746
Tue 14 Oct 2025 20:33:23 INFO Day 36 - Epoch 1 - Avg Loss: 0.4957
Tue 14 Oct 2025 20:33:23 INFO data_size: 12600
Tue 14 Oct 2025 20:33:23 INFO multi_pay_size: 6607
Tue 14 Oct 2025 20:33:23 INFO Testing Day 37...
Tue 14 Oct 2025 20:33:24 INFO Day 37 - Test AUC: 0.8130, Test ACC: 0.2632, Test ALPR: 0.8264
Pretrain Test AUC: 0.8063, Pretrain Test ACC: 0.2577, Pretrain ALPR:0.8136

Tue 14 Oct 2025 20:33:25 INFO data_size: 21163
Tue 14 Oct 2025 20:33:25 INFO multi_pay_size: 14826
Tue 14 Oct 2025 20:33:28 INFO Day 37 - Epoch 1 - Avg Loss: 0.4913
Tue 14 Oct 2025 20:33:28 INFO data_size: 10666
Tue 14 Oct 2025 20:33:28 INFO multi_pay_size: 5738
Tue 14 Oct 2025 20:33:28 INFO Testing Day 38...
Tue 14 Oct 2025 20:33:29 INFO Day 38 - Test AUC: 0.8092, Test ACC: 0.2683, Test ALPR: 0.8239
Pretrain Test AUC: 0.8011, Pretrain Test ACC: 0.2500, Pretrain ALPR:0.8201

Tue 14 Oct 2025 20:33:29 INFO data_size: 18958
Tue 14 Oct 2025 20:33:29 INFO multi_pay_size: 13876
Tue 14 Oct 2025 20:33:30 INFO Day 38 - Epoch 1 - Avg Loss: 0.4774
Tue 14 Oct 2025 20:33:30 INFO data_size: 10758
Tue 14 Oct 2025 20:33:30 INFO multi_pay_size: 5636
Tue 14 Oct 2025 20:33:30 INFO Testing Day 39...
Tue 14 Oct 2025 20:33:31 INFO Day 39 - Test AUC: 0.8160, Test ACC: 0.2590, Test ALPR: 0.8258
Pretrain Test AUC: 0.8107, Pretrain Test ACC: 0.2647, Pretrain ALPR:0.7905

Tue 14 Oct 2025 20:33:32 INFO data_size: 19571
Tue 14 Oct 2025 20:33:32 INFO multi_pay_size: 13710
Tue 14 Oct 2025 20:33:33 INFO Day 39 - Epoch 1 - Avg Loss: 0.4645
Tue 14 Oct 2025 20:33:33 INFO data_size: 3457
Tue 14 Oct 2025 20:33:33 INFO multi_pay_size: 1831
Tue 14 Oct 2025 20:33:33 INFO Testing Day 40...
Tue 14 Oct 2025 20:33:34 INFO Day 40 - Test AUC: 0.8108, Test ACC: 0.2441, Test ALPR: 0.8413
Pretrain Test AUC: 0.8022, Pretrain Test ACC: 0.2444, Pretrain ALPR:0.8089

Tue 14 Oct 2025 20:33:34 INFO data_size: 5671
Tue 14 Oct 2025 20:33:34 INFO multi_pay_size: 3942
Tue 14 Oct 2025 20:33:34 INFO Day 40 - Epoch 1 - Avg Loss: 0.4539
Tue 14 Oct 2025 20:33:34 INFO data_size: 1523
Tue 14 Oct 2025 20:33:35 INFO multi_pay_size: 775
Tue 14 Oct 2025 20:33:35 INFO Testing Day 41...
Tue 14 Oct 2025 20:33:35 INFO Day 41 - Test AUC: 0.8192, Test ACC: 0.2692, Test ALPR: 0.8331
Pretrain Test AUC: 0.8143, Pretrain Test ACC: 0.2456, Pretrain ALPR:0.8136

Tue 14 Oct 2025 20:33:35 INFO data_size: 2093
Tue 14 Oct 2025 20:33:35 INFO multi_pay_size: 1438
Tue 14 Oct 2025 20:33:36 INFO Day 41 - Epoch 1 - Avg Loss: 0.4173
Tue 14 Oct 2025 20:33:36 INFO data_size: 8518
Tue 14 Oct 2025 20:33:36 INFO multi_pay_size: 4461
Tue 14 Oct 2025 20:33:36 INFO Testing Day 42...
Tue 14 Oct 2025 20:33:37 INFO Day 42 - Test AUC: 0.8115, Test ACC: 0.2521, Test ALPR: 0.8662
Pretrain Test AUC: 0.8022, Pretrain Test ACC: 0.2526, Pretrain ALPR:0.8170

Tue 14 Oct 2025 20:33:37 INFO data_size: 10970
Tue 14 Oct 2025 20:33:37 INFO multi_pay_size: 7689
Tue 14 Oct 2025 20:33:39 INFO Day 42 - Epoch 1 - Avg Loss: 0.4831
Tue 14 Oct 2025 20:33:39 INFO data_size: 14652
Tue 14 Oct 2025 20:33:39 INFO multi_pay_size: 8010
Tue 14 Oct 2025 20:33:39 INFO Testing Day 43...
Tue 14 Oct 2025 20:33:41 INFO Day 43 - Test AUC: 0.8111, Test ACC: 0.2540, Test ALPR: 0.8424
Pretrain Test AUC: 0.8036, Pretrain Test ACC: 0.2482, Pretrain ALPR:0.8146

Tue 14 Oct 2025 20:33:41 INFO data_size: 22730
Tue 14 Oct 2025 20:33:41 INFO multi_pay_size: 16112
Tue 14 Oct 2025 20:33:42 INFO Day 43 - Epoch 1 - Avg Loss: 0.4922
Tue 14 Oct 2025 20:33:42 INFO data_size: 13941
Tue 14 Oct 2025 20:33:42 INFO multi_pay_size: 7459
Tue 14 Oct 2025 20:33:42 INFO Testing Day 44...
Tue 14 Oct 2025 20:33:44 INFO Day 44 - Test AUC: 0.8137, Test ACC: 0.2571, Test ALPR: 0.8333
Pretrain Test AUC: 0.8059, Pretrain Test ACC: 0.2483, Pretrain ALPR:0.8178

Tue 14 Oct 2025 20:33:44 INFO data_size: 21949
Tue 14 Oct 2025 20:33:44 INFO multi_pay_size: 15591
Tue 14 Oct 2025 20:33:45 INFO Day 44 - Epoch 1 - Avg Loss: 0.4879
Tue 14 Oct 2025 20:33:45 INFO data_size: 11773
Tue 14 Oct 2025 20:33:45 INFO multi_pay_size: 6453
Tue 14 Oct 2025 20:33:45 INFO Testing Day 45...
Tue 14 Oct 2025 20:33:46 INFO Day 45 - Test AUC: 0.8137, Test ACC: 0.2461, Test ALPR: 0.8926
Pretrain Test AUC: 0.8034, Pretrain Test ACC: 0.2537, Pretrain ALPR:0.8268

Tue 14 Oct 2025 20:33:46 INFO data_size: 20281
Tue 14 Oct 2025 20:33:46 INFO multi_pay_size: 14470
Tue 14 Oct 2025 20:33:48 INFO Day 45 - Epoch 1 - Avg Loss: 0.4963
Tue 14 Oct 2025 20:33:49 INFO data_size: 9751
Tue 14 Oct 2025 20:33:49 INFO multi_pay_size: 5372
Tue 14 Oct 2025 20:33:49 INFO Testing Day 46...
Tue 14 Oct 2025 20:33:50 INFO Day 46 - Test AUC: 0.8160, Test ACC: 0.2532, Test ALPR: 0.8538
Pretrain Test AUC: 0.8058, Pretrain Test ACC: 0.2515, Pretrain ALPR:0.8158

Tue 14 Oct 2025 20:33:50 INFO data_size: 17894
Tue 14 Oct 2025 20:33:50 INFO multi_pay_size: 13188
Tue 14 Oct 2025 20:33:52 INFO Day 46 - Epoch 1 - Avg Loss: 0.4741
Tue 14 Oct 2025 20:33:52 INFO data_size: 10491
Tue 14 Oct 2025 20:33:52 INFO multi_pay_size: 5570
Tue 14 Oct 2025 20:33:52 INFO Testing Day 47...
Tue 14 Oct 2025 20:33:53 INFO Day 47 - Test AUC: 0.8187, Test ACC: 0.2552, Test ALPR: 0.8508
Pretrain Test AUC: 0.8087, Pretrain Test ACC: 0.2582, Pretrain ALPR:0.8034

Tue 14 Oct 2025 20:33:53 INFO data_size: 19587
Tue 14 Oct 2025 20:33:53 INFO multi_pay_size: 13929
Tue 14 Oct 2025 20:33:55 INFO Day 47 - Epoch 1 - Avg Loss: 0.4506
Tue 14 Oct 2025 20:33:55 INFO data_size: 3502
Tue 14 Oct 2025 20:33:55 INFO multi_pay_size: 1902
Tue 14 Oct 2025 20:33:55 INFO Testing Day 48...
Tue 14 Oct 2025 20:33:56 INFO Day 48 - Test AUC: 0.8071, Test ACC: 0.2564, Test ALPR: 0.8549
Pretrain Test AUC: 0.7942, Pretrain Test ACC: 0.2713, Pretrain ALPR:0.8119

Tue 14 Oct 2025 20:33:56 INFO data_size: 5677
Tue 14 Oct 2025 20:33:56 INFO multi_pay_size: 3970
Tue 14 Oct 2025 20:33:57 INFO Day 48 - Epoch 1 - Avg Loss: 0.4596
Tue 14 Oct 2025 20:33:57 INFO data_size: 1465
Tue 14 Oct 2025 20:33:57 INFO multi_pay_size: 739
Tue 14 Oct 2025 20:33:57 INFO Testing Day 49...
Tue 14 Oct 2025 20:33:57 INFO Day 49 - Test AUC: 0.8212, Test ACC: 0.2491, Test ALPR: 0.8325
Pretrain Test AUC: 0.8101, Pretrain Test ACC: 0.2464, Pretrain ALPR:0.8160

Tue 14 Oct 2025 20:33:57 INFO data_size: 1985
Tue 14 Oct 2025 20:33:57 INFO multi_pay_size: 1358
Tue 14 Oct 2025 20:33:58 INFO Day 49 - Epoch 1 - Avg Loss: 0.4745
Tue 14 Oct 2025 20:33:58 INFO data_size: 8653
Tue 14 Oct 2025 20:33:58 INFO multi_pay_size: 4575
Tue 14 Oct 2025 20:33:58 INFO Testing Day 50...
Tue 14 Oct 2025 20:33:59 INFO Day 50 - Test AUC: 0.8203, Test ACC: 0.2593, Test ALPR: 0.8372
Pretrain Test AUC: 0.8098, Pretrain Test ACC: 0.2420, Pretrain ALPR:0.8149

Tue 14 Oct 2025 20:33:59 INFO data_size: 10852
Tue 14 Oct 2025 20:33:59 INFO multi_pay_size: 7572
Tue 14 Oct 2025 20:34:00 INFO Day 50 - Epoch 1 - Avg Loss: 0.4696
Tue 14 Oct 2025 20:34:00 INFO data_size: 14688
Tue 14 Oct 2025 20:34:00 INFO multi_pay_size: 7909
Tue 14 Oct 2025 20:34:00 INFO Testing Day 51...
Tue 14 Oct 2025 20:34:02 INFO Day 51 - Test AUC: 0.8125, Test ACC: 0.2455, Test ALPR: 0.8845
Pretrain Test AUC: 0.8043, Pretrain Test ACC: 0.2557, Pretrain ALPR:0.8053

Tue 14 Oct 2025 20:34:02 INFO data_size: 22581
Tue 14 Oct 2025 20:34:02 INFO multi_pay_size: 15934
Tue 14 Oct 2025 20:34:05 INFO Day 51 - Epoch 1 - Avg Loss: 0.4821
Tue 14 Oct 2025 20:34:05 INFO data_size: 14356
Tue 14 Oct 2025 20:34:05 INFO multi_pay_size: 7828
Tue 14 Oct 2025 20:34:05 INFO Testing Day 52...
Tue 14 Oct 2025 20:34:06 INFO Day 52 - Test AUC: 0.8147, Test ACC: 0.2586, Test ALPR: 0.8329
Pretrain Test AUC: 0.8030, Pretrain Test ACC: 0.2554, Pretrain ALPR:0.8172

Tue 14 Oct 2025 20:34:06 INFO data_size: 22228
Tue 14 Oct 2025 20:34:06 INFO multi_pay_size: 15918
Tue 14 Oct 2025 20:34:08 INFO Day 52 - Epoch 1 - Avg Loss: 0.4788
Tue 14 Oct 2025 20:34:08 INFO data_size: 12882
Tue 14 Oct 2025 20:34:08 INFO multi_pay_size: 6879
Tue 14 Oct 2025 20:34:08 INFO Testing Day 53...
Tue 14 Oct 2025 20:34:10 INFO Day 53 - Test AUC: 0.8168, Test ACC: 0.2617, Test ALPR: 0.8395
Pretrain Test AUC: 0.8048, Pretrain Test ACC: 0.2544, Pretrain ALPR:0.8261

Tue 14 Oct 2025 20:34:10 INFO data_size: 20779
Tue 14 Oct 2025 20:34:10 INFO multi_pay_size: 14700
Tue 14 Oct 2025 20:34:12 INFO Day 53 - Epoch 1 - Avg Loss: 0.4802
Tue 14 Oct 2025 20:34:12 INFO data_size: 11182
Tue 14 Oct 2025 20:34:12 INFO multi_pay_size: 6112
Tue 14 Oct 2025 20:34:12 INFO Testing Day 54...
Tue 14 Oct 2025 20:34:13 INFO Day 54 - Test AUC: 0.8190, Test ACC: 0.2588, Test ALPR: 0.8400
Pretrain Test AUC: 0.8068, Pretrain Test ACC: 0.2445, Pretrain ALPR:0.8174

Tue 14 Oct 2025 20:34:13 INFO data_size: 17987
Tue 14 Oct 2025 20:34:13 INFO multi_pay_size: 13200
Tue 14 Oct 2025 20:34:15 INFO Day 54 - Epoch 1 - Avg Loss: 0.4734
Tue 14 Oct 2025 20:34:16 INFO data_size: 12062
Tue 14 Oct 2025 20:34:16 INFO multi_pay_size: 6287
Tue 14 Oct 2025 20:34:16 INFO Testing Day 55...
Tue 14 Oct 2025 20:34:17 INFO Day 55 - Test AUC: 0.8225, Test ACC: 0.2576, Test ALPR: 0.7968
Pretrain Test AUC: 0.8118, Pretrain Test ACC: 0.2510, Pretrain ALPR:0.8077

Tue 14 Oct 2025 20:34:17 INFO data_size: 20190
Tue 14 Oct 2025 20:34:17 INFO multi_pay_size: 14291
Tue 14 Oct 2025 20:34:19 INFO Day 55 - Epoch 1 - Avg Loss: 0.4545
Tue 14 Oct 2025 20:34:19 INFO data_size: 3872
Tue 14 Oct 2025 20:34:19 INFO multi_pay_size: 2096
Tue 14 Oct 2025 20:34:19 INFO Testing Day 56...
Tue 14 Oct 2025 20:34:20 INFO Day 56 - Test AUC: 0.8123, Test ACC: 0.2596, Test ALPR: 0.8550
Pretrain Test AUC: 0.8013, Pretrain Test ACC: 0.2423, Pretrain ALPR:0.7993

Tue 14 Oct 2025 20:34:20 INFO data_size: 5867
Tue 14 Oct 2025 20:34:20 INFO multi_pay_size: 4019
Tue 14 Oct 2025 20:34:21 INFO Day 56 - Epoch 1 - Avg Loss: 0.4470
Tue 14 Oct 2025 20:34:21 INFO data_size: 1718
Tue 14 Oct 2025 20:34:21 INFO multi_pay_size: 874
Tue 14 Oct 2025 20:34:21 INFO Testing Day 57...
Tue 14 Oct 2025 20:34:21 INFO Day 57 - Test AUC: 0.8044, Test ACC: 0.2672, Test ALPR: 0.8532
Pretrain Test AUC: 0.7857, Pretrain Test ACC: 0.2369, Pretrain ALPR:0.8756

Tue 14 Oct 2025 20:34:21 INFO data_size: 2166
Tue 14 Oct 2025 20:34:21 INFO multi_pay_size: 1471
Tue 14 Oct 2025 20:34:22 INFO Day 57 - Epoch 1 - Avg Loss: 0.4552
Tue 14 Oct 2025 20:34:22 INFO data_size: 9327
Tue 14 Oct 2025 20:34:22 INFO multi_pay_size: 4993
Tue 14 Oct 2025 20:34:22 INFO Testing Day 58...
Tue 14 Oct 2025 20:34:23 INFO Day 58 - Test AUC: 0.8159, Test ACC: 0.2569, Test ALPR: 0.8853
Pretrain Test AUC: 0.8051, Pretrain Test ACC: 0.2367, Pretrain ALPR:0.8220

Tue 14 Oct 2025 20:34:23 INFO data_size: 11502
Tue 14 Oct 2025 20:34:23 INFO multi_pay_size: 8117
Tue 14 Oct 2025 20:34:25 INFO Day 58 - Epoch 1 - Avg Loss: 0.4641
Tue 14 Oct 2025 20:34:25 INFO data_size: 15275
Tue 14 Oct 2025 20:34:25 INFO multi_pay_size: 8315
Tue 14 Oct 2025 20:34:25 INFO Testing Day 59...
Tue 14 Oct 2025 20:34:26 INFO Day 59 - Test AUC: 0.8150, Test ACC: 0.2542, Test ALPR: 0.8749
Pretrain Test AUC: 0.8037, Pretrain Test ACC: 0.2549, Pretrain ALPR:0.8171

Tue 14 Oct 2025 20:34:26 INFO data_size: 23558
Tue 14 Oct 2025 20:34:26 INFO multi_pay_size: 16689
Tue 14 Oct 2025 20:34:29 INFO Day 59 - Epoch 1 - Avg Loss: 0.4749
Tue 14 Oct 2025 20:34:29 INFO data_size: 14438
Tue 14 Oct 2025 20:34:29 INFO multi_pay_size: 7756
Tue 14 Oct 2025 20:34:29 INFO Testing Day 60...
Tue 14 Oct 2025 20:34:30 INFO Day 60 - Test AUC: 0.8169, Test ACC: 0.2576, Test ALPR: 0.8185
Pretrain Test AUC: 0.8053, Pretrain Test ACC: 0.2507, Pretrain ALPR:0.8199

Tue 14 Oct 2025 20:34:30 INFO data_size: 22469
Tue 14 Oct 2025 20:34:30 INFO multi_pay_size: 15944
Tue 14 Oct 2025 20:34:33 INFO Day 60 - Epoch 1 - Avg Loss: 0.4847
Tue 14 Oct 2025 20:34:33 INFO data_size: 12530
Tue 14 Oct 2025 20:34:33 INFO multi_pay_size: 6709
Tue 14 Oct 2025 20:34:33 INFO Testing Day 61...
Tue 14 Oct 2025 20:34:34 INFO Day 61 - Test AUC: 0.8135, Test ACC: 0.2589, Test ALPR: 0.8418
Pretrain Test AUC: 0.8028, Pretrain Test ACC: 0.2502, Pretrain ALPR:0.8189

Tue 14 Oct 2025 20:34:34 INFO data_size: 20278
Tue 14 Oct 2025 20:34:34 INFO multi_pay_size: 14342
Tue 14 Oct 2025 20:34:36 INFO Day 61 - Epoch 1 - Avg Loss: 0.4912
Tue 14 Oct 2025 20:34:36 INFO data_size: 10325
Tue 14 Oct 2025 20:34:36 INFO multi_pay_size: 5782
Tue 14 Oct 2025 20:34:36 INFO Testing Day 62...
Tue 14 Oct 2025 20:34:38 INFO Day 62 - Test AUC: 0.8183, Test ACC: 0.2514, Test ALPR: 0.8336
Pretrain Test AUC: 0.8060, Pretrain Test ACC: 0.2457, Pretrain ALPR:0.8197

Tue 14 Oct 2025 20:34:38 INFO data_size: 17179
Tue 14 Oct 2025 20:34:38 INFO multi_pay_size: 12834
Tue 14 Oct 2025 20:34:40 INFO Day 62 - Epoch 1 - Avg Loss: 0.4764
Tue 14 Oct 2025 20:34:40 INFO data_size: 11145
Tue 14 Oct 2025 20:34:40 INFO multi_pay_size: 5953
Tue 14 Oct 2025 20:34:40 INFO Testing Day 63...
Tue 14 Oct 2025 20:34:41 INFO Day 63 - Test AUC: 0.8210, Test ACC: 0.2611, Test ALPR: 0.8161
Pretrain Test AUC: 0.8098, Pretrain Test ACC: 0.2572, Pretrain ALPR:0.8147

Tue 14 Oct 2025 20:34:41 INFO data_size: 18564
Tue 14 Oct 2025 20:34:41 INFO multi_pay_size: 13184
Tue 14 Oct 2025 20:34:42 INFO Day 63 - Epoch 1 - Avg Loss: 0.4679
Tue 14 Oct 2025 20:34:42 INFO data_size: 4097
Tue 14 Oct 2025 20:34:42 INFO multi_pay_size: 2253
Tue 14 Oct 2025 20:34:42 INFO Testing Day 64...
Tue 14 Oct 2025 20:34:43 INFO Day 64 - Test AUC: 0.8204, Test ACC: 0.2412, Test ALPR: 0.8564
Pretrain Test AUC: 0.8084, Pretrain Test ACC: 0.2641, Pretrain ALPR:0.7879

Tue 14 Oct 2025 20:34:43 INFO data_size: 6213
Tue 14 Oct 2025 20:34:43 INFO multi_pay_size: 4377
Tue 14 Oct 2025 20:34:44 INFO Day 64 - Epoch 1 - Avg Loss: 0.4560
Tue 14 Oct 2025 20:34:44 INFO data_size: 1648
Tue 14 Oct 2025 20:34:44 INFO multi_pay_size: 856
Tue 14 Oct 2025 20:34:44 INFO Testing Day 65...
Tue 14 Oct 2025 20:34:45 INFO Day 65 - Test AUC: 0.8177, Test ACC: 0.2470, Test ALPR: 0.8105
Pretrain Test AUC: 0.8034, Pretrain Test ACC: 0.2336, Pretrain ALPR:0.8369

Tue 14 Oct 2025 20:34:45 INFO data_size: 2136
Tue 14 Oct 2025 20:34:45 INFO multi_pay_size: 1461
Tue 14 Oct 2025 20:34:46 INFO Day 65 - Epoch 1 - Avg Loss: 0.4832
Tue 14 Oct 2025 20:34:46 INFO data_size: 8694
Tue 14 Oct 2025 20:34:46 INFO multi_pay_size: 4518
Tue 14 Oct 2025 20:34:46 INFO Testing Day 66...
Tue 14 Oct 2025 20:34:47 INFO Day 66 - Test AUC: 0.8184, Test ACC: 0.2543, Test ALPR: 0.8760
Pretrain Test AUC: 0.8064, Pretrain Test ACC: 0.2467, Pretrain ALPR:0.8182

Tue 14 Oct 2025 20:34:47 INFO data_size: 10490
Tue 14 Oct 2025 20:34:47 INFO multi_pay_size: 7328
Tue 14 Oct 2025 20:34:48 INFO Day 66 - Epoch 1 - Avg Loss: 0.4776
Tue 14 Oct 2025 20:34:48 INFO data_size: 15448
Tue 14 Oct 2025 20:34:48 INFO multi_pay_size: 8350
Tue 14 Oct 2025 20:34:48 INFO Testing Day 67...
Tue 14 Oct 2025 20:34:50 INFO Day 67 - Test AUC: 0.8183, Test ACC: 0.2492, Test ALPR: 0.8835
Pretrain Test AUC: 0.8058, Pretrain Test ACC: 0.2494, Pretrain ALPR:0.8122

Tue 14 Oct 2025 20:34:50 INFO data_size: 22500
Tue 14 Oct 2025 20:34:50 INFO multi_pay_size: 16070
Tue 14 Oct 2025 20:34:53 INFO Day 67 - Epoch 1 - Avg Loss: 0.4780
Tue 14 Oct 2025 20:34:53 INFO data_size: 15034
Tue 14 Oct 2025 20:34:53 INFO multi_pay_size: 8223
Tue 14 Oct 2025 20:34:53 INFO Testing Day 68...
Tue 14 Oct 2025 20:34:54 INFO Day 68 - Test AUC: 0.8204, Test ACC: 0.2542, Test ALPR: 0.8593
Pretrain Test AUC: 0.8091, Pretrain Test ACC: 0.2533, Pretrain ALPR:0.8191

Tue 14 Oct 2025 20:34:55 INFO data_size: 22639
Tue 14 Oct 2025 20:34:55 INFO multi_pay_size: 16299
Tue 14 Oct 2025 20:34:56 INFO Day 68 - Epoch 1 - Avg Loss: 0.4838
Tue 14 Oct 2025 20:34:56 INFO data_size: 13816
Tue 14 Oct 2025 20:34:56 INFO multi_pay_size: 7350
Tue 14 Oct 2025 20:34:56 INFO Testing Day 69...
Tue 14 Oct 2025 20:34:58 INFO Day 69 - Test AUC: 0.8193, Test ACC: 0.2607, Test ALPR: 0.8439
Pretrain Test AUC: 0.8059, Pretrain Test ACC: 0.2483, Pretrain ALPR:0.8192

Tue 14 Oct 2025 20:34:58 INFO data_size: 21566
Tue 14 Oct 2025 20:34:58 INFO multi_pay_size: 15420
Tue 14 Oct 2025 20:35:00 INFO Day 69 - Epoch 1 - Avg Loss: 0.4802
Tue 14 Oct 2025 20:35:00 INFO data_size: 10802
Tue 14 Oct 2025 20:35:00 INFO multi_pay_size: 5812
Tue 14 Oct 2025 20:35:00 INFO Testing Day 70...
Tue 14 Oct 2025 20:35:01 INFO Day 70 - Test AUC: 0.8227, Test ACC: 0.2636, Test ALPR: 0.8207
Pretrain Test AUC: 0.8098, Pretrain Test ACC: 0.2500, Pretrain ALPR:0.8150

Tue 14 Oct 2025 20:35:01 INFO data_size: 17698
Tue 14 Oct 2025 20:35:01 INFO multi_pay_size: 12802
Tue 14 Oct 2025 20:35:04 INFO Day 70 - Epoch 1 - Avg Loss: 0.4630
Tue 14 Oct 2025 20:35:04 INFO data_size: 11193
Tue 14 Oct 2025 20:35:04 INFO multi_pay_size: 5814
Tue 14 Oct 2025 20:35:04 INFO Testing Day 71...
Tue 14 Oct 2025 20:35:05 INFO Day 71 - Test AUC: 0.8231, Test ACC: 0.2671, Test ALPR: 0.8124
Pretrain Test AUC: 0.8106, Pretrain Test ACC: 0.2505, Pretrain ALPR:0.8089

Tue 14 Oct 2025 20:35:05 INFO data_size: 19049
Tue 14 Oct 2025 20:35:05 INFO multi_pay_size: 13468
Tue 14 Oct 2025 20:35:07 INFO Day 71 - Epoch 1 - Avg Loss: 0.4513
Tue 14 Oct 2025 20:35:07 INFO data_size: 4416
Tue 14 Oct 2025 20:35:07 INFO multi_pay_size: 2376
Tue 14 Oct 2025 20:35:07 INFO Testing Day 72...
Tue 14 Oct 2025 20:35:07 INFO Day 72 - Test AUC: 0.8230, Test ACC: 0.2520, Test ALPR: 0.8448
Pretrain Test AUC: 0.8084, Pretrain Test ACC: 0.2545, Pretrain ALPR:0.7951

Tue 14 Oct 2025 20:35:07 INFO data_size: 6408
Tue 14 Oct 2025 20:35:07 INFO multi_pay_size: 4488
Tue 14 Oct 2025 20:35:08 INFO Day 72 - Epoch 1 - Avg Loss: 0.4365
Tue 14 Oct 2025 20:35:08 INFO data_size: 1782
Tue 14 Oct 2025 20:35:08 INFO multi_pay_size: 930
Tue 14 Oct 2025 20:35:08 INFO Testing Day 73...
Tue 14 Oct 2025 20:35:09 INFO Day 73 - Test AUC: 0.8223, Test ACC: 0.2503, Test ALPR: 0.8421
Pretrain Test AUC: 0.8102, Pretrain Test ACC: 0.2542, Pretrain ALPR:0.8192

Tue 14 Oct 2025 20:35:09 INFO data_size: 2149
Tue 14 Oct 2025 20:35:09 INFO multi_pay_size: 1475
Tue 14 Oct 2025 20:35:09 INFO Day 73 - Epoch 1 - Avg Loss: 0.4605
Tue 14 Oct 2025 20:35:09 INFO data_size: 8869
Tue 14 Oct 2025 20:35:09 INFO multi_pay_size: 4770
Tue 14 Oct 2025 20:35:09 INFO Testing Day 74...
Tue 14 Oct 2025 20:35:11 INFO Day 74 - Test AUC: 0.8226, Test ACC: 0.2526, Test ALPR: 0.8566
Pretrain Test AUC: 0.8083, Pretrain Test ACC: 0.2397, Pretrain ALPR:0.8239

Tue 14 Oct 2025 20:35:11 INFO data_size: 10597
Tue 14 Oct 2025 20:35:11 INFO multi_pay_size: 7336
Tue 14 Oct 2025 20:35:12 INFO Day 74 - Epoch 1 - Avg Loss: 0.4576
Tue 14 Oct 2025 20:35:13 INFO data_size: 16368
Tue 14 Oct 2025 20:35:13 INFO multi_pay_size: 8856
Tue 14 Oct 2025 20:35:13 INFO Testing Day 75...
Tue 14 Oct 2025 20:35:15 INFO Day 75 - Test AUC: 0.8229, Test ACC: 0.2566, Test ALPR: 0.8395
Pretrain Test AUC: 0.8082, Pretrain Test ACC: 0.2505, Pretrain ALPR:0.8099

Tue 14 Oct 2025 20:35:15 INFO data_size: 22911
Tue 14 Oct 2025 20:35:15 INFO multi_pay_size: 16324
Tue 14 Oct 2025 20:35:17 INFO Day 75 - Epoch 1 - Avg Loss: 0.4738
Tue 14 Oct 2025 20:35:17 INFO data_size: 15840
Tue 14 Oct 2025 20:35:17 INFO multi_pay_size: 8483
Tue 14 Oct 2025 20:35:17 INFO Testing Day 76...
Tue 14 Oct 2025 20:35:19 INFO Day 76 - Test AUC: 0.8226, Test ACC: 0.2549, Test ALPR: 0.8568
Pretrain Test AUC: 0.8100, Pretrain Test ACC: 0.2485, Pretrain ALPR:0.8157

Tue 14 Oct 2025 20:35:19 INFO data_size: 23211
Tue 14 Oct 2025 20:35:19 INFO multi_pay_size: 16529
Tue 14 Oct 2025 20:35:21 INFO Day 76 - Epoch 1 - Avg Loss: 0.4676
Tue 14 Oct 2025 20:35:21 INFO data_size: 15293
Tue 14 Oct 2025 20:35:21 INFO multi_pay_size: 8266
Tue 14 Oct 2025 20:35:21 INFO Testing Day 77...
Tue 14 Oct 2025 20:35:22 INFO Day 77 - Test AUC: 0.8177, Test ACC: 0.2570, Test ALPR: 0.8466
Pretrain Test AUC: 0.8033, Pretrain Test ACC: 0.2491, Pretrain ALPR:0.8230

Tue 14 Oct 2025 20:35:22 INFO data_size: 23523
Tue 14 Oct 2025 20:35:22 INFO multi_pay_size: 16809
Tue 14 Oct 2025 20:35:25 INFO Day 77 - Epoch 1 - Avg Loss: 0.4787
Tue 14 Oct 2025 20:35:25 INFO data_size: 12258
Tue 14 Oct 2025 20:35:25 INFO multi_pay_size: 6724
Tue 14 Oct 2025 20:35:25 INFO Testing Day 78...
Tue 14 Oct 2025 20:35:26 INFO Day 78 - Test AUC: 0.8223, Test ACC: 0.2493, Test ALPR: 0.8584
Pretrain Test AUC: 0.8079, Pretrain Test ACC: 0.2518, Pretrain ALPR:0.8173

Tue 14 Oct 2025 20:35:26 INFO data_size: 18822
Tue 14 Oct 2025 20:35:26 INFO multi_pay_size: 13807
Tue 14 Oct 2025 20:35:29 INFO Day 78 - Epoch 1 - Avg Loss: 0.4623
Tue 14 Oct 2025 20:35:29 INFO data_size: 12801
Tue 14 Oct 2025 20:35:29 INFO multi_pay_size: 6805
Tue 14 Oct 2025 20:35:29 INFO Testing Day 79...
Tue 14 Oct 2025 20:35:32 INFO Day 79 - Test AUC: 0.8231, Test ACC: 0.2691, Test ALPR: 0.8190
Pretrain Test AUC: 0.8091, Pretrain Test ACC: 0.2499, Pretrain ALPR:0.8163

Tue 14 Oct 2025 20:35:32 INFO data_size: 20433
Tue 14 Oct 2025 20:35:32 INFO multi_pay_size: 14643
Tue 14 Oct 2025 20:35:33 INFO Day 79 - Epoch 1 - Avg Loss: 0.4498
Tue 14 Oct 2025 20:35:33 INFO data_size: 4688
Tue 14 Oct 2025 20:35:33 INFO multi_pay_size: 2583
Tue 14 Oct 2025 20:35:33 INFO Testing Day 80...
Tue 14 Oct 2025 20:35:34 INFO Day 80 - Test AUC: 0.8158, Test ACC: 0.2517, Test ALPR: 0.8449
Pretrain Test AUC: 0.8013, Pretrain Test ACC: 0.2477, Pretrain ALPR:0.8140

Tue 14 Oct 2025 20:35:34 INFO data_size: 6335
Tue 14 Oct 2025 20:35:34 INFO multi_pay_size: 4480
Tue 14 Oct 2025 20:35:36 INFO Day 80 - Epoch 1 - Avg Loss: 0.4546
Tue 14 Oct 2025 20:35:36 INFO data_size: 1722
Tue 14 Oct 2025 20:35:36 INFO multi_pay_size: 900
Tue 14 Oct 2025 20:35:36 INFO Testing Day 81...
Tue 14 Oct 2025 20:35:36 INFO Day 81 - Test AUC: 0.8188, Test ACC: 0.2352, Test ALPR: 0.8749
Pretrain Test AUC: 0.8023, Pretrain Test ACC: 0.2567, Pretrain ALPR:0.8499

Tue 14 Oct 2025 20:35:36 INFO data_size: 2097
Tue 14 Oct 2025 20:35:36 INFO multi_pay_size: 1461
Tue 14 Oct 2025 20:35:37 INFO Day 81 - Epoch 1 - Avg Loss: 0.4753
Tue 14 Oct 2025 20:35:37 INFO data_size: 9404
Tue 14 Oct 2025 20:35:37 INFO multi_pay_size: 4979
Tue 14 Oct 2025 20:35:37 INFO Testing Day 82...
Tue 14 Oct 2025 20:35:38 INFO Day 82 - Test AUC: 0.8247, Test ACC: 0.2553, Test ALPR: 0.8117
Pretrain Test AUC: 0.8079, Pretrain Test ACC: 0.2310, Pretrain ALPR:0.8299

Tue 14 Oct 2025 20:35:38 INFO data_size: 10503
Tue 14 Oct 2025 20:35:38 INFO multi_pay_size: 7356
Tue 14 Oct 2025 20:35:39 INFO Day 82 - Epoch 1 - Avg Loss: 0.4729
Tue 14 Oct 2025 20:35:39 INFO data_size: 16750
Tue 14 Oct 2025 20:35:39 INFO multi_pay_size: 9019
Tue 14 Oct 2025 20:35:39 INFO Testing Day 83...
Tue 14 Oct 2025 20:35:41 INFO Day 83 - Test AUC: 0.8200, Test ACC: 0.2541, Test ALPR: 0.8252
Pretrain Test AUC: 0.8058, Pretrain Test ACC: 0.2502, Pretrain ALPR:0.8116

Tue 14 Oct 2025 20:35:41 INFO data_size: 23459
Tue 14 Oct 2025 20:35:41 INFO multi_pay_size: 16752
Tue 14 Oct 2025 20:35:44 INFO Day 83 - Epoch 1 - Avg Loss: 0.4769
Tue 14 Oct 2025 20:35:44 INFO data_size: 17051
Tue 14 Oct 2025 20:35:44 INFO multi_pay_size: 9247
Tue 14 Oct 2025 20:35:44 INFO Testing Day 84...
Tue 14 Oct 2025 20:35:46 INFO Day 84 - Test AUC: 0.8217, Test ACC: 0.2542, Test ALPR: 0.8342
Pretrain Test AUC: 0.8073, Pretrain Test ACC: 0.2470, Pretrain ALPR:0.8249

Tue 14 Oct 2025 20:35:46 INFO data_size: 24013
Tue 14 Oct 2025 20:35:46 INFO multi_pay_size: 17264
Tue 14 Oct 2025 20:35:49 INFO Day 84 - Epoch 1 - Avg Loss: 0.4784
Tue 14 Oct 2025 20:35:49 INFO data_size: 14820
Tue 14 Oct 2025 20:35:49 INFO multi_pay_size: 7854
Tue 14 Oct 2025 20:35:49 INFO Testing Day 85...
Tue 14 Oct 2025 20:35:50 INFO Day 85 - Test AUC: 0.8241, Test ACC: 0.2627, Test ALPR: 0.8329
Pretrain Test AUC: 0.8103, Pretrain Test ACC: 0.2493, Pretrain ALPR:0.8246

Tue 14 Oct 2025 20:35:50 INFO data_size: 22234
Tue 14 Oct 2025 20:35:50 INFO multi_pay_size: 15986
Tue 14 Oct 2025 20:35:52 INFO Day 85 - Epoch 1 - Avg Loss: 0.4808
Tue 14 Oct 2025 20:35:52 INFO data_size: 11983
Tue 14 Oct 2025 20:35:52 INFO multi_pay_size: 6558
Tue 14 Oct 2025 20:35:52 INFO Testing Day 86...
Tue 14 Oct 2025 20:35:54 INFO Day 86 - Test AUC: 0.8193, Test ACC: 0.2605, Test ALPR: 0.8165
Pretrain Test AUC: 0.8054, Pretrain Test ACC: 0.2474, Pretrain ALPR:0.8150

Tue 14 Oct 2025 20:35:54 INFO data_size: 18998
Tue 14 Oct 2025 20:35:54 INFO multi_pay_size: 14266
Tue 14 Oct 2025 20:35:56 INFO Day 86 - Epoch 1 - Avg Loss: 0.4657
Tue 14 Oct 2025 20:35:56 INFO data_size: 12498
Tue 14 Oct 2025 20:35:56 INFO multi_pay_size: 6610
Tue 14 Oct 2025 20:35:56 INFO Testing Day 87...
Tue 14 Oct 2025 20:35:58 INFO Day 87 - Test AUC: 0.8268, Test ACC: 0.2721, Test ALPR: 0.8003
Pretrain Test AUC: 0.8116, Pretrain Test ACC: 0.2544, Pretrain ALPR:0.8067

Tue 14 Oct 2025 20:35:58 INFO data_size: 20921
Tue 14 Oct 2025 20:35:58 INFO multi_pay_size: 15186
Tue 14 Oct 2025 20:36:01 INFO Day 87 - Epoch 1 - Avg Loss: 0.4433
Tue 14 Oct 2025 20:36:01 INFO data_size: 4137
Tue 14 Oct 2025 20:36:01 INFO multi_pay_size: 2230
Tue 14 Oct 2025 20:36:01 INFO Testing Day 88...
Tue 14 Oct 2025 20:36:02 INFO Day 88 - Test AUC: 0.8154, Test ACC: 0.2352, Test ALPR: 0.8520
Pretrain Test AUC: 0.8030, Pretrain Test ACC: 0.2591, Pretrain ALPR:0.8068

Tue 14 Oct 2025 20:36:02 INFO data_size: 4421
Tue 14 Oct 2025 20:36:02 INFO multi_pay_size: 3315
Tue 14 Oct 2025 20:36:03 INFO Day 88 - Epoch 1 - Avg Loss: 0.4704
Tue 14 Oct 2025 20:36:03 INFO data_size: 1794
Tue 14 Oct 2025 20:36:03 INFO multi_pay_size: 940
Tue 14 Oct 2025 20:36:03 INFO Testing Day 89...
Tue 14 Oct 2025 20:36:03 INFO Day 89 - Test AUC: 0.8269, Test ACC: 0.2620, Test ALPR: 0.8250
Pretrain Test AUC: 0.8098, Pretrain Test ACC: 0.2347, Pretrain ALPR:0.8413

Tue 14 Oct 2025 20:36:03 INFO data_size: 1722
Tue 14 Oct 2025 20:36:03 INFO multi_pay_size: 1235
Tue 14 Oct 2025 20:36:04 INFO Day 89 - Epoch 1 - Avg Loss: 0.4988
Tue 14 Oct 2025 20:36:04 INFO data_size: 9825
Tue 14 Oct 2025 20:36:04 INFO multi_pay_size: 5008
Tue 14 Oct 2025 20:36:04 INFO Testing Day 90...
Tue 14 Oct 2025 20:36:05 INFO Day 90 - Test AUC: 0.8224, Test ACC: 0.2662, Test ALPR: 0.8209
Pretrain Test AUC: 0.8065, Pretrain Test ACC: 0.2346, Pretrain ALPR:0.8191

Tue 14 Oct 2025 20:36:05 INFO data_size: 8655
Tue 14 Oct 2025 20:36:05 INFO multi_pay_size: 6227
Tue 14 Oct 2025 20:36:07 INFO Day 90 - Epoch 1 - Avg Loss: 0.4803
Tue 14 Oct 2025 20:36:07 INFO data_size: 16536
Tue 14 Oct 2025 20:36:07 INFO multi_pay_size: 8769
Tue 14 Oct 2025 20:36:07 INFO Testing Day 91...
Tue 14 Oct 2025 20:36:08 INFO Day 91 - Test AUC: 0.8179, Test ACC: 0.2600, Test ALPR: 0.8406
Pretrain Test AUC: 0.8041, Pretrain Test ACC: 0.2445, Pretrain ALPR:0.8144

Tue 14 Oct 2025 20:36:08 INFO data_size: 17645
Tue 14 Oct 2025 20:36:08 INFO multi_pay_size: 13071
Tue 14 Oct 2025 20:36:10 INFO Day 91 - Epoch 1 - Avg Loss: 0.4946
Tue 14 Oct 2025 20:36:10 INFO data_size: 17003
Tue 14 Oct 2025 20:36:10 INFO multi_pay_size: 9046
Tue 14 Oct 2025 20:36:10 INFO Testing Day 92...
Tue 14 Oct 2025 20:36:13 INFO Day 92 - Test AUC: 0.8215, Test ACC: 0.2581, Test ALPR: 0.8468
Pretrain Test AUC: 0.8080, Pretrain Test ACC: 0.2441, Pretrain ALPR:0.8182

Tue 14 Oct 2025 20:36:13 INFO data_size: 17741
Tue 14 Oct 2025 20:36:13 INFO multi_pay_size: 13174
Tue 14 Oct 2025 20:36:15 INFO Day 92 - Epoch 1 - Avg Loss: 0.5023
Tue 14 Oct 2025 20:36:15 INFO data_size: 14694
Tue 14 Oct 2025 20:36:15 INFO multi_pay_size: 7698
Tue 14 Oct 2025 20:36:15 INFO Testing Day 93...
Tue 14 Oct 2025 20:36:16 INFO Day 93 - Test AUC: 0.8203, Test ACC: 0.2589, Test ALPR: 0.8387
Pretrain Test AUC: 0.8049, Pretrain Test ACC: 0.2457, Pretrain ALPR:0.8162

Tue 14 Oct 2025 20:36:16 INFO data_size: 15617
Tue 14 Oct 2025 20:36:16 INFO multi_pay_size: 11650
Tue 14 Oct 2025 20:36:18 INFO Day 93 - Epoch 1 - Avg Loss: 0.5137
Tue 14 Oct 2025 20:36:18 INFO data_size: 15451
Tue 14 Oct 2025 20:36:18 INFO multi_pay_size: 7923
Tue 14 Oct 2025 20:36:18 INFO Testing Day 94...
Tue 14 Oct 2025 20:36:20 INFO Day 94 - Test AUC: 0.8255, Test ACC: 0.2599, Test ALPR: 0.8053
Pretrain Test AUC: 0.8122, Pretrain Test ACC: 0.2474, Pretrain ALPR:0.7978

Tue 14 Oct 2025 20:36:20 INFO data_size: 44496
Tue 14 Oct 2025 20:36:20 INFO multi_pay_size: 30862
Tue 14 Oct 2025 20:36:24 INFO Day 94 - Epoch 1 - Avg Loss: 0.4131
Tue 14 Oct 2025 20:36:24 INFO data_size: 14962
Tue 14 Oct 2025 20:36:24 INFO multi_pay_size: 7054
Tue 14 Oct 2025 20:36:24 INFO Testing Day 95...
Tue 14 Oct 2025 20:36:27 INFO Day 95 - Test AUC: 0.8227, Test ACC: 0.2828, Test ALPR: 0.7684
Pretrain Test AUC: 0.8094, Pretrain Test ACC: 0.2474, Pretrain ALPR:0.7963

Tue 14 Oct 2025 20:36:27 INFO data_size: 54054
Tue 14 Oct 2025 20:36:27 INFO multi_pay_size: 36452
Tue 14 Oct 2025 20:36:31 INFO Day 95 - Epoch 1 - Avg Loss: 0.4054
Tue 14 Oct 2025 20:36:31 INFO data_size: 5093
Tue 14 Oct 2025 20:36:31 INFO multi_pay_size: 2457
Tue 14 Oct 2025 20:36:31 INFO Testing Day 96...
Tue 14 Oct 2025 20:36:32 INFO Day 96 - Test AUC: 0.8203, Test ACC: 0.2822, Test ALPR: 0.7828
Pretrain Test AUC: 0.8059, Pretrain Test ACC: 0.2454, Pretrain ALPR:0.7961

Tue 14 Oct 2025 20:36:32 INFO data_size: 12206
Tue 14 Oct 2025 20:36:32 INFO multi_pay_size: 8155
Tue 14 Oct 2025 20:36:34 INFO Day 96 - Epoch 1 - Avg Loss: 0.4124
Tue 14 Oct 2025 20:36:34 INFO data_size: 2065
Tue 14 Oct 2025 20:36:34 INFO multi_pay_size: 960
Tue 14 Oct 2025 20:36:34 INFO Testing Day 97...
Tue 14 Oct 2025 20:36:35 INFO Day 97 - Test AUC: 0.8204, Test ACC: 0.2847, Test ALPR: 0.7858
Pretrain Test AUC: 0.8020, Pretrain Test ACC: 0.2421, Pretrain ALPR:0.8358

Tue 14 Oct 2025 20:36:35 INFO data_size: 3484
Tue 14 Oct 2025 20:36:35 INFO multi_pay_size: 2316
Tue 14 Oct 2025 20:36:36 INFO Day 97 - Epoch 1 - Avg Loss: 0.4470
Tue 14 Oct 2025 20:36:36 INFO data_size: 10591
Tue 14 Oct 2025 20:36:36 INFO multi_pay_size: 5064
Tue 14 Oct 2025 20:36:36 INFO Testing Day 98...
Tue 14 Oct 2025 20:36:37 INFO Day 98 - Test AUC: 0.8216, Test ACC: 0.2828, Test ALPR: 0.8194
Pretrain Test AUC: 0.8064, Pretrain Test ACC: 0.2386, Pretrain ALPR:0.8080

Tue 14 Oct 2025 20:36:38 INFO data_size: 16341
Tue 14 Oct 2025 20:36:38 INFO multi_pay_size: 11054
Tue 14 Oct 2025 20:36:40 INFO Day 98 - Epoch 1 - Avg Loss: 0.4432
Tue 14 Oct 2025 20:36:40 INFO data_size: 17918
Tue 14 Oct 2025 20:36:40 INFO multi_pay_size: 8701
Tue 14 Oct 2025 20:36:40 INFO Testing Day 99...
Tue 14 Oct 2025 20:36:42 INFO Day 99 - Test AUC: 0.8194, Test ACC: 0.2836, Test ALPR: 0.7997
Pretrain Test AUC: 0.8058, Pretrain Test ACC: 0.2423, Pretrain ALPR:0.8001

Tue 14 Oct 2025 20:36:42 INFO data_size: 32801
Tue 14 Oct 2025 20:36:42 INFO multi_pay_size: 22380
Tue 14 Oct 2025 20:36:45 INFO Day 99 - Epoch 1 - Avg Loss: 0.4467
Tue 14 Oct 2025 20:36:45 INFO data_size: 15089
Tue 14 Oct 2025 20:36:45 INFO multi_pay_size: 7403
Tue 14 Oct 2025 20:36:45 INFO Testing Day 100...
Tue 14 Oct 2025 20:36:47 INFO Day 100 - Test AUC: 0.8191, Test ACC: 0.2732, Test ALPR: 0.7860
Pretrain Test AUC: 0.8045, Pretrain Test ACC: 0.2444, Pretrain ALPR:0.8165

Tue 14 Oct 2025 20:36:47 INFO data_size: 28580
Tue 14 Oct 2025 20:36:47 INFO multi_pay_size: 19660
Tue 14 Oct 2025 20:36:50 INFO Day 100 - Epoch 1 - Avg Loss: 0.4578
Tue 14 Oct 2025 20:36:50 INFO data_size: 13792
Tue 14 Oct 2025 20:36:50 INFO multi_pay_size: 6860
Tue 14 Oct 2025 20:36:50 INFO Testing Day 101...
Tue 14 Oct 2025 20:36:52 INFO Day 101 - Test AUC: 0.8233, Test ACC: 0.2789, Test ALPR: 0.7864
Pretrain Test AUC: 0.8080, Pretrain Test ACC: 0.2508, Pretrain ALPR:0.8016

Tue 14 Oct 2025 20:36:52 INFO data_size: 25865
Tue 14 Oct 2025 20:36:52 INFO multi_pay_size: 17797
Tue 14 Oct 2025 20:36:54 INFO Day 101 - Epoch 1 - Avg Loss: 0.4570
Tue 14 Oct 2025 20:36:54 INFO data_size: 11821
Tue 14 Oct 2025 20:36:54 INFO multi_pay_size: 6002
Tue 14 Oct 2025 20:36:54 INFO Testing Day 102...
Tue 14 Oct 2025 20:36:55 INFO Day 102 - Test AUC: 0.8225, Test ACC: 0.2803, Test ALPR: 0.7924
Pretrain Test AUC: 0.8065, Pretrain Test ACC: 0.2426, Pretrain ALPR:0.8059

Tue 14 Oct 2025 20:36:56 INFO data_size: 25195
Tue 14 Oct 2025 20:36:56 INFO multi_pay_size: 17282
Tue 14 Oct 2025 20:36:57 INFO Day 102 - Epoch 1 - Avg Loss: 0.4394
Tue 14 Oct 2025 20:36:57 INFO data_size: 11789
Tue 14 Oct 2025 20:36:57 INFO multi_pay_size: 5770
Tue 14 Oct 2025 20:36:57 INFO Testing Day 103...
Tue 14 Oct 2025 20:36:59 INFO Day 103 - Test AUC: 0.8239, Test ACC: 0.2806, Test ALPR: 0.8001
Pretrain Test AUC: 0.8086, Pretrain Test ACC: 0.2416, Pretrain ALPR:0.8099

Tue 14 Oct 2025 20:36:59 INFO data_size: 30668
Tue 14 Oct 2025 20:36:59 INFO multi_pay_size: 20403
Tue 14 Oct 2025 20:37:03 INFO Day 103 - Epoch 1 - Avg Loss: 0.4206
Tue 14 Oct 2025 20:37:03 INFO data_size: 3969
Tue 14 Oct 2025 20:37:03 INFO multi_pay_size: 2059
Tue 14 Oct 2025 20:37:03 INFO Testing Day 104...
Tue 14 Oct 2025 20:37:04 INFO Day 104 - Test AUC: 0.8193, Test ACC: 0.2784, Test ALPR: 0.8203
Pretrain Test AUC: 0.8023, Pretrain Test ACC: 0.2494, Pretrain ALPR:0.8125

Tue 14 Oct 2025 20:37:04 INFO data_size: 6523
Tue 14 Oct 2025 20:37:04 INFO multi_pay_size: 4509
Tue 14 Oct 2025 20:37:05 INFO Day 104 - Epoch 1 - Avg Loss: 0.4463
Tue 14 Oct 2025 20:37:05 INFO data_size: 1611
Tue 14 Oct 2025 20:37:05 INFO multi_pay_size: 805
Tue 14 Oct 2025 20:37:05 INFO Testing Day 105...
Tue 14 Oct 2025 20:37:06 INFO Day 105 - Test AUC: 0.8179, Test ACC: 0.2439, Test ALPR: 0.8604
Pretrain Test AUC: 0.7993, Pretrain Test ACC: 0.2353, Pretrain ALPR:0.8424

Tue 14 Oct 2025 20:37:06 INFO data_size: 2060
Tue 14 Oct 2025 20:37:06 INFO multi_pay_size: 1379
Tue 14 Oct 2025 20:37:06 INFO Day 105 - Epoch 1 - Avg Loss: 0.5716
Tue 14 Oct 2025 20:37:06 INFO data_size: 8724
Tue 14 Oct 2025 20:37:06 INFO multi_pay_size: 4518
Tue 14 Oct 2025 20:37:06 INFO Testing Day 106...
Tue 14 Oct 2025 20:37:07 INFO Day 106 - Test AUC: 0.8203, Test ACC: 0.2600, Test ALPR: 0.8193
Pretrain Test AUC: 0.8024, Pretrain Test ACC: 0.2408, Pretrain ALPR:0.8355

Tue 14 Oct 2025 20:37:07 INFO data_size: 10731
Tue 14 Oct 2025 20:37:07 INFO multi_pay_size: 7468
Tue 14 Oct 2025 20:37:09 INFO Day 106 - Epoch 1 - Avg Loss: 0.4575
Tue 14 Oct 2025 20:37:09 INFO data_size: 15602
Tue 14 Oct 2025 20:37:09 INFO multi_pay_size: 8332
Tue 14 Oct 2025 20:37:09 INFO Testing Day 107...
Tue 14 Oct 2025 20:37:12 INFO Day 107 - Test AUC: 0.8160, Test ACC: 0.2653, Test ALPR: 0.8622
Pretrain Test AUC: 0.8002, Pretrain Test ACC: 0.2450, Pretrain ALPR:0.8256

Tue 14 Oct 2025 20:37:12 INFO data_size: 23574
Tue 14 Oct 2025 20:37:12 INFO multi_pay_size: 16541
Tue 14 Oct 2025 20:37:14 INFO Day 107 - Epoch 1 - Avg Loss: 0.4649
Tue 14 Oct 2025 20:37:14 INFO data_size: 13902
Tue 14 Oct 2025 20:37:14 INFO multi_pay_size: 7266
Tue 14 Oct 2025 20:37:14 INFO Testing Day 108...
Tue 14 Oct 2025 20:37:16 INFO Day 108 - Test AUC: 0.8199, Test ACC: 0.2720, Test ALPR: 0.8298
Pretrain Test AUC: 0.8034, Pretrain Test ACC: 0.2454, Pretrain ALPR:0.8296

Tue 14 Oct 2025 20:37:16 INFO data_size: 21933
Tue 14 Oct 2025 20:37:16 INFO multi_pay_size: 15478
Tue 14 Oct 2025 20:37:19 INFO Day 108 - Epoch 1 - Avg Loss: 0.4757
Tue 14 Oct 2025 20:37:19 INFO data_size: 12941
Tue 14 Oct 2025 20:37:19 INFO multi_pay_size: 6775
Tue 14 Oct 2025 20:37:19 INFO Testing Day 109...
Tue 14 Oct 2025 20:37:21 INFO Day 109 - Test AUC: 0.8181, Test ACC: 0.2722, Test ALPR: 0.8278
Pretrain Test AUC: 0.7988, Pretrain Test ACC: 0.2410, Pretrain ALPR:0.8419

Tue 14 Oct 2025 20:37:21 INFO data_size: 21051
Tue 14 Oct 2025 20:37:21 INFO multi_pay_size: 14797
Tue 14 Oct 2025 20:37:23 INFO Day 109 - Epoch 1 - Avg Loss: 0.4815
Tue 14 Oct 2025 20:37:23 INFO data_size: 11055
Tue 14 Oct 2025 20:37:23 INFO multi_pay_size: 5929
Tue 14 Oct 2025 20:37:23 INFO Testing Day 110...
Tue 14 Oct 2025 20:37:24 INFO Day 110 - Test AUC: 0.8186, Test ACC: 0.2663, Test ALPR: 0.8208
Pretrain Test AUC: 0.8026, Pretrain Test ACC: 0.2483, Pretrain ALPR:0.8217

Tue 14 Oct 2025 20:37:24 INFO data_size: 19056
Tue 14 Oct 2025 20:37:24 INFO multi_pay_size: 13714
Tue 14 Oct 2025 20:37:26 INFO Day 110 - Epoch 1 - Avg Loss: 0.4557
Tue 14 Oct 2025 20:37:26 INFO data_size: 11031
Tue 14 Oct 2025 20:37:26 INFO multi_pay_size: 5650
Tue 14 Oct 2025 20:37:26 INFO Testing Day 111...
Tue 14 Oct 2025 20:37:27 INFO Day 111 - Test AUC: 0.8224, Test ACC: 0.2762, Test ALPR: 0.7909
Pretrain Test AUC: 0.8031, Pretrain Test ACC: 0.2500, Pretrain ALPR:0.8242

Tue 14 Oct 2025 20:37:27 INFO data_size: 20198
Tue 14 Oct 2025 20:37:27 INFO multi_pay_size: 14152
Tue 14 Oct 2025 20:37:28 INFO Day 111 - Epoch 1 - Avg Loss: 0.4479
Tue 14 Oct 2025 20:37:28 INFO data_size: 3748
Tue 14 Oct 2025 20:37:28 INFO multi_pay_size: 1932
Tue 14 Oct 2025 20:37:28 INFO Testing Day 112...
Tue 14 Oct 2025 20:37:29 INFO Day 112 - Test AUC: 0.8137, Test ACC: 0.2620, Test ALPR: 0.8170
Pretrain Test AUC: 0.7988, Pretrain Test ACC: 0.2545, Pretrain ALPR:0.8056

Tue 14 Oct 2025 20:37:29 INFO data_size: 5951
Tue 14 Oct 2025 20:37:29 INFO multi_pay_size: 4034
Tue 14 Oct 2025 20:37:30 INFO Day 112 - Epoch 1 - Avg Loss: 0.4377
Tue 14 Oct 2025 20:37:30 INFO data_size: 1575
Tue 14 Oct 2025 20:37:30 INFO multi_pay_size: 793
Tue 14 Oct 2025 20:37:30 INFO Testing Day 113...
Tue 14 Oct 2025 20:37:31 INFO Day 113 - Test AUC: 0.8061, Test ACC: 0.2603, Test ALPR: 0.8874
Pretrain Test AUC: 0.7925, Pretrain Test ACC: 0.2311, Pretrain ALPR:0.8522

Tue 14 Oct 2025 20:37:31 INFO data_size: 2053
Tue 14 Oct 2025 20:37:31 INFO multi_pay_size: 1387
Tue 14 Oct 2025 20:37:32 INFO Day 113 - Epoch 1 - Avg Loss: 0.3908
Tue 14 Oct 2025 20:37:32 INFO data_size: 9046
Tue 14 Oct 2025 20:37:32 INFO multi_pay_size: 4713
Tue 14 Oct 2025 20:37:32 INFO Testing Day 114...
Tue 14 Oct 2025 20:37:33 INFO Day 114 - Test AUC: 0.8225, Test ACC: 0.2619, Test ALPR: 0.8193
Pretrain Test AUC: 0.8032, Pretrain Test ACC: 0.2404, Pretrain ALPR:0.8346

Tue 14 Oct 2025 20:37:33 INFO data_size: 11117
Tue 14 Oct 2025 20:37:33 INFO multi_pay_size: 7614
Tue 14 Oct 2025 20:37:34 INFO Day 114 - Epoch 1 - Avg Loss: 0.4636
Tue 14 Oct 2025 20:37:34 INFO data_size: 15172
Tue 14 Oct 2025 20:37:34 INFO multi_pay_size: 8054
Tue 14 Oct 2025 20:37:34 INFO Testing Day 115...
Tue 14 Oct 2025 20:37:36 INFO Day 115 - Test AUC: 0.8186, Test ACC: 0.2549, Test ALPR: 0.8799
Pretrain Test AUC: 0.8011, Pretrain Test ACC: 0.2417, Pretrain ALPR:0.8315

Tue 14 Oct 2025 20:37:36 INFO data_size: 23700
Tue 14 Oct 2025 20:37:36 INFO multi_pay_size: 16698
Tue 14 Oct 2025 20:37:38 INFO Day 115 - Epoch 1 - Avg Loss: 0.4819
Tue 14 Oct 2025 20:37:38 INFO data_size: 13692
Tue 14 Oct 2025 20:37:38 INFO multi_pay_size: 7348
Tue 14 Oct 2025 20:37:38 INFO Testing Day 116...
Tue 14 Oct 2025 20:37:39 INFO Day 116 - Test AUC: 0.8168, Test ACC: 0.2589, Test ALPR: 0.8291
Pretrain Test AUC: 0.8017, Pretrain Test ACC: 0.2438, Pretrain ALPR:0.8407

Tue 14 Oct 2025 20:37:39 INFO data_size: 22223
Tue 14 Oct 2025 20:37:39 INFO multi_pay_size: 15753
Tue 14 Oct 2025 20:37:41 INFO Day 116 - Epoch 1 - Avg Loss: 0.4707
Tue 14 Oct 2025 20:37:41 INFO data_size: 12250
Tue 14 Oct 2025 20:37:41 INFO multi_pay_size: 6601
Tue 14 Oct 2025 20:37:41 INFO Testing Day 117...
Tue 14 Oct 2025 20:37:42 INFO Day 117 - Test AUC: 0.8204, Test ACC: 0.2711, Test ALPR: 0.8524
Pretrain Test AUC: 0.8032, Pretrain Test ACC: 0.2466, Pretrain ALPR:0.8504

Tue 14 Oct 2025 20:37:43 INFO data_size: 20793
Tue 14 Oct 2025 20:37:43 INFO multi_pay_size: 14815
Tue 14 Oct 2025 20:37:44 INFO Day 117 - Epoch 1 - Avg Loss: 0.4871
Tue 14 Oct 2025 20:37:44 INFO data_size: 10591
Tue 14 Oct 2025 20:37:44 INFO multi_pay_size: 5651
Tue 14 Oct 2025 20:37:44 INFO Testing Day 118...
Tue 14 Oct 2025 20:37:45 INFO Day 118 - Test AUC: 0.8258, Test ACC: 0.2673, Test ALPR: 0.8328
Pretrain Test AUC: 0.8072, Pretrain Test ACC: 0.2436, Pretrain ALPR:0.8579

Tue 14 Oct 2025 20:37:45 INFO data_size: 17744
Tue 14 Oct 2025 20:37:45 INFO multi_pay_size: 12909
Tue 14 Oct 2025 20:37:48 INFO Day 118 - Epoch 1 - Avg Loss: 0.4817
Tue 14 Oct 2025 20:37:48 INFO data_size: 10316
Tue 14 Oct 2025 20:37:48 INFO multi_pay_size: 5280
Tue 14 Oct 2025 20:37:48 INFO Testing Day 119...
Tue 14 Oct 2025 20:37:49 INFO Day 119 - Test AUC: 0.8170, Test ACC: 0.2791, Test ALPR: 0.8064
Pretrain Test AUC: 0.7989, Pretrain Test ACC: 0.2482, Pretrain ALPR:0.8138

Tue 14 Oct 2025 20:37:49 INFO data_size: 18272
Tue 14 Oct 2025 20:37:49 INFO multi_pay_size: 12817
Tue 14 Oct 2025 20:37:51 INFO Day 119 - Epoch 1 - Avg Loss: 0.4448
Tue 14 Oct 2025 20:37:51 INFO data_size: 3916
Tue 14 Oct 2025 20:37:51 INFO multi_pay_size: 2058
Tue 14 Oct 2025 20:37:51 INFO Testing Day 120...
Tue 14 Oct 2025 20:37:52 INFO Day 120 - Test AUC: 0.8155, Test ACC: 0.2686, Test ALPR: 0.8233
Pretrain Test AUC: 0.7965, Pretrain Test ACC: 0.2477, Pretrain ALPR:0.8159

Tue 14 Oct 2025 20:37:52 INFO data_size: 6144
Tue 14 Oct 2025 20:37:52 INFO multi_pay_size: 4206
Tue 14 Oct 2025 20:37:53 INFO Day 120 - Epoch 1 - Avg Loss: 0.4320
Tue 14 Oct 2025 20:37:53 INFO data_size: 1601
Tue 14 Oct 2025 20:37:53 INFO multi_pay_size: 836
Tue 14 Oct 2025 20:37:53 INFO Testing Day 121...
Tue 14 Oct 2025 20:37:53 INFO Day 121 - Test AUC: 0.8162, Test ACC: 0.2573, Test ALPR: 0.8559
Pretrain Test AUC: 0.8031, Pretrain Test ACC: 0.2217, Pretrain ALPR:0.8309

Tue 14 Oct 2025 20:37:53 INFO data_size: 2130
Tue 14 Oct 2025 20:37:53 INFO multi_pay_size: 1470
Tue 14 Oct 2025 20:37:54 INFO Day 121 - Epoch 1 - Avg Loss: 0.4585
Tue 14 Oct 2025 20:37:54 INFO data_size: 7484
Tue 14 Oct 2025 20:37:54 INFO multi_pay_size: 3920
Tue 14 Oct 2025 20:37:54 INFO Testing Day 122...
Tue 14 Oct 2025 20:37:55 INFO Day 122 - Test AUC: 0.8175, Test ACC: 0.2640, Test ALPR: 0.8423
Pretrain Test AUC: 0.7966, Pretrain Test ACC: 0.2332, Pretrain ALPR:0.8421

Tue 14 Oct 2025 20:37:55 INFO data_size: 9704
Tue 14 Oct 2025 20:37:55 INFO multi_pay_size: 6816
Tue 14 Oct 2025 20:37:56 INFO Day 122 - Epoch 1 - Avg Loss: 0.4607
Tue 14 Oct 2025 20:37:56 INFO data_size: 13662
Tue 14 Oct 2025 20:37:56 INFO multi_pay_size: 7323
Tue 14 Oct 2025 20:37:56 INFO Testing Day 123...
Tue 14 Oct 2025 20:37:57 INFO Day 123 - Test AUC: 0.8214, Test ACC: 0.2596, Test ALPR: 0.8320
Pretrain Test AUC: 0.8031, Pretrain Test ACC: 0.2487, Pretrain ALPR:0.8158

Tue 14 Oct 2025 20:37:57 INFO data_size: 21098
Tue 14 Oct 2025 20:37:57 INFO multi_pay_size: 14940
Tue 14 Oct 2025 20:37:59 INFO Day 123 - Epoch 1 - Avg Loss: 0.4628
Tue 14 Oct 2025 20:37:59 INFO data_size: 13403
Tue 14 Oct 2025 20:37:59 INFO multi_pay_size: 7162
Tue 14 Oct 2025 20:37:59 INFO Testing Day 124...
Tue 14 Oct 2025 20:38:01 INFO Day 124 - Test AUC: 0.8200, Test ACC: 0.2679, Test ALPR: 0.8233
Pretrain Test AUC: 0.8045, Pretrain Test ACC: 0.2493, Pretrain ALPR:0.8122

Tue 14 Oct 2025 20:38:01 INFO data_size: 21110
Tue 14 Oct 2025 20:38:01 INFO multi_pay_size: 15042
Tue 14 Oct 2025 20:38:03 INFO Day 124 - Epoch 1 - Avg Loss: 0.4700
Tue 14 Oct 2025 20:38:03 INFO data_size: 12676
Tue 14 Oct 2025 20:38:03 INFO multi_pay_size: 6684
Tue 14 Oct 2025 20:38:03 INFO Testing Day 125...
Tue 14 Oct 2025 20:38:05 INFO Day 125 - Test AUC: 0.8235, Test ACC: 0.2692, Test ALPR: 0.8382
Pretrain Test AUC: 0.8052, Pretrain Test ACC: 0.2468, Pretrain ALPR:0.8380

Tue 14 Oct 2025 20:38:05 INFO data_size: 20999
Tue 14 Oct 2025 20:38:05 INFO multi_pay_size: 14918
Tue 14 Oct 2025 20:38:06 INFO Day 125 - Epoch 1 - Avg Loss: 0.4734
Tue 14 Oct 2025 20:38:06 INFO data_size: 10329
Tue 14 Oct 2025 20:38:06 INFO multi_pay_size: 5663
Tue 14 Oct 2025 20:38:06 INFO Testing Day 126...
Tue 14 Oct 2025 20:38:07 INFO Day 126 - Test AUC: 0.8231, Test ACC: 0.2629, Test ALPR: 0.8271
Pretrain Test AUC: 0.8054, Pretrain Test ACC: 0.2468, Pretrain ALPR:0.8295

Tue 14 Oct 2025 20:38:08 INFO data_size: 17496
Tue 14 Oct 2025 20:38:08 INFO multi_pay_size: 12575
Tue 14 Oct 2025 20:38:09 INFO Day 126 - Epoch 1 - Avg Loss: 0.4593
Tue 14 Oct 2025 20:38:09 INFO data_size: 11173
Tue 14 Oct 2025 20:38:09 INFO multi_pay_size: 5839
Tue 14 Oct 2025 20:38:09 INFO Testing Day 127...
Tue 14 Oct 2025 20:38:11 INFO Day 127 - Test AUC: 0.8272, Test ACC: 0.2732, Test ALPR: 0.7883
Pretrain Test AUC: 0.8095, Pretrain Test ACC: 0.2564, Pretrain ALPR:0.8009

Tue 14 Oct 2025 20:38:11 INFO data_size: 19423
Tue 14 Oct 2025 20:38:11 INFO multi_pay_size: 13557
Tue 14 Oct 2025 20:38:13 INFO Day 127 - Epoch 1 - Avg Loss: 0.4375
Tue 14 Oct 2025 20:38:13 INFO data_size: 4125
Tue 14 Oct 2025 20:38:13 INFO multi_pay_size: 2281
Tue 14 Oct 2025 20:38:13 INFO Testing Day 128...
Tue 14 Oct 2025 20:38:14 INFO Day 128 - Test AUC: 0.8235, Test ACC: 0.2584, Test ALPR: 0.8490
Pretrain Test AUC: 0.8050, Pretrain Test ACC: 0.2512, Pretrain ALPR:0.8053

Tue 14 Oct 2025 20:38:14 INFO data_size: 6396
Tue 14 Oct 2025 20:38:14 INFO multi_pay_size: 4538
Tue 14 Oct 2025 20:38:15 INFO Day 128 - Epoch 1 - Avg Loss: 0.4517
Tue 14 Oct 2025 20:38:15 INFO data_size: 1539
Tue 14 Oct 2025 20:38:15 INFO multi_pay_size: 777
Tue 14 Oct 2025 20:38:15 INFO Testing Day 129...
Tue 14 Oct 2025 20:38:16 INFO Day 129 - Test AUC: 0.8207, Test ACC: 0.2859, Test ALPR: 0.8280
Pretrain Test AUC: 0.8028, Pretrain Test ACC: 0.2242, Pretrain ALPR:0.8369

Tue 14 Oct 2025 20:38:16 INFO data_size: 1977
Tue 14 Oct 2025 20:38:16 INFO multi_pay_size: 1308
Tue 14 Oct 2025 20:38:17 INFO Day 129 - Epoch 1 - Avg Loss: 0.4298
Tue 14 Oct 2025 20:38:17 INFO data_size: 8091
Tue 14 Oct 2025 20:38:17 INFO multi_pay_size: 4240
Tue 14 Oct 2025 20:38:17 INFO Testing Day 130...
Tue 14 Oct 2025 20:38:18 INFO Day 130 - Test AUC: 0.8219, Test ACC: 0.2689, Test ALPR: 0.8253
Pretrain Test AUC: 0.8045, Pretrain Test ACC: 0.2358, Pretrain ALPR:0.8245

Tue 14 Oct 2025 20:38:18 INFO data_size: 9647
Tue 14 Oct 2025 20:38:18 INFO multi_pay_size: 6692
Tue 14 Oct 2025 20:38:19 INFO Day 130 - Epoch 1 - Avg Loss: 0.4592
Tue 14 Oct 2025 20:38:20 INFO data_size: 14557
Tue 14 Oct 2025 20:38:20 INFO multi_pay_size: 7908
Tue 14 Oct 2025 20:38:20 INFO Testing Day 131...
Tue 14 Oct 2025 20:38:21 INFO Day 131 - Test AUC: 0.8216, Test ACC: 0.2587, Test ALPR: 0.8559
Pretrain Test AUC: 0.8049, Pretrain Test ACC: 0.2542, Pretrain ALPR:0.8120

Tue 14 Oct 2025 20:38:22 INFO data_size: 21445
Tue 14 Oct 2025 20:38:22 INFO multi_pay_size: 15294
Tue 14 Oct 2025 20:38:23 INFO Day 131 - Epoch 1 - Avg Loss: 0.4653
Tue 14 Oct 2025 20:38:23 INFO data_size: 13664
Tue 14 Oct 2025 20:38:23 INFO multi_pay_size: 7486
Tue 14 Oct 2025 20:38:23 INFO Testing Day 132...
Tue 14 Oct 2025 20:38:25 INFO Day 132 - Test AUC: 0.8209, Test ACC: 0.2686, Test ALPR: 0.8322
Pretrain Test AUC: 0.8031, Pretrain Test ACC: 0.2510, Pretrain ALPR:0.8153

Tue 14 Oct 2025 20:38:25 INFO data_size: 21118
Tue 14 Oct 2025 20:38:25 INFO multi_pay_size: 15019
Tue 14 Oct 2025 20:38:27 INFO Day 132 - Epoch 1 - Avg Loss: 0.4714
Tue 14 Oct 2025 20:38:27 INFO data_size: 13135
Tue 14 Oct 2025 20:38:27 INFO multi_pay_size: 7222
Tue 14 Oct 2025 20:38:27 INFO Testing Day 133...
Tue 14 Oct 2025 20:38:29 INFO Day 133 - Test AUC: 0.8205, Test ACC: 0.2629, Test ALPR: 0.8340
Pretrain Test AUC: 0.8037, Pretrain Test ACC: 0.2489, Pretrain ALPR:0.8169

Tue 14 Oct 2025 20:38:29 INFO data_size: 21226
Tue 14 Oct 2025 20:38:29 INFO multi_pay_size: 15301
Tue 14 Oct 2025 20:38:32 INFO Day 133 - Epoch 1 - Avg Loss: 0.4701
Tue 14 Oct 2025 20:38:32 INFO data_size: 10901
Tue 14 Oct 2025 20:38:32 INFO multi_pay_size: 5997
Tue 14 Oct 2025 20:38:32 INFO Testing Day 134...
Tue 14 Oct 2025 20:38:33 INFO Day 134 - Test AUC: 0.8222, Test ACC: 0.2575, Test ALPR: 0.8366
Pretrain Test AUC: 0.8048, Pretrain Test ACC: 0.2482, Pretrain ALPR:0.8328

Tue 14 Oct 2025 20:38:33 INFO data_size: 18315
Tue 14 Oct 2025 20:38:33 INFO multi_pay_size: 13298
Tue 14 Oct 2025 20:38:35 INFO Day 134 - Epoch 1 - Avg Loss: 0.4586
Tue 14 Oct 2025 20:38:35 INFO data_size: 11898
Tue 14 Oct 2025 20:38:35 INFO multi_pay_size: 6309
Tue 14 Oct 2025 20:38:35 INFO Testing Day 135...
Tue 14 Oct 2025 20:38:37 INFO Day 135 - Test AUC: 0.8252, Test ACC: 0.2680, Test ALPR: 0.8015
Pretrain Test AUC: 0.8068, Pretrain Test ACC: 0.2516, Pretrain ALPR:0.8127

Tue 14 Oct 2025 20:38:37 INFO data_size: 20467
Tue 14 Oct 2025 20:38:37 INFO multi_pay_size: 14453
Tue 14 Oct 2025 20:38:38 INFO Day 135 - Epoch 1 - Avg Loss: 0.4438
Tue 14 Oct 2025 20:38:38 INFO data_size: 4161
Tue 14 Oct 2025 20:38:38 INFO multi_pay_size: 2220
Tue 14 Oct 2025 20:38:38 INFO Testing Day 136...
Tue 14 Oct 2025 20:38:39 INFO Day 136 - Test AUC: 0.8204, Test ACC: 0.2665, Test ALPR: 0.8177
Pretrain Test AUC: 0.8043, Pretrain Test ACC: 0.2579, Pretrain ALPR:0.7950

Tue 14 Oct 2025 20:38:39 INFO data_size: 6540
Tue 14 Oct 2025 20:38:39 INFO multi_pay_size: 4561
Tue 14 Oct 2025 20:38:40 INFO Day 136 - Epoch 1 - Avg Loss: 0.4285
Tue 14 Oct 2025 20:38:40 INFO data_size: 1435
Tue 14 Oct 2025 20:38:40 INFO multi_pay_size: 741
Tue 14 Oct 2025 20:38:40 INFO Testing Day 137...
Tue 14 Oct 2025 20:38:41 INFO Day 137 - Test AUC: 0.8220, Test ACC: 0.2585, Test ALPR: 0.8516
Pretrain Test AUC: 0.7997, Pretrain Test ACC: 0.2404, Pretrain ALPR:0.8538

Tue 14 Oct 2025 20:38:41 INFO data_size: 2032
Tue 14 Oct 2025 20:38:41 INFO multi_pay_size: 1408
Tue 14 Oct 2025 20:38:41 INFO Day 137 - Epoch 1 - Avg Loss: 0.4532
Tue 14 Oct 2025 20:38:41 INFO data_size: 7918
Tue 14 Oct 2025 20:38:41 INFO multi_pay_size: 4214
Tue 14 Oct 2025 20:38:41 INFO Testing Day 138...
Tue 14 Oct 2025 20:38:42 INFO Day 138 - Test AUC: 0.8224, Test ACC: 0.2564, Test ALPR: 0.8565
Pretrain Test AUC: 0.8036, Pretrain Test ACC: 0.2365, Pretrain ALPR:0.8402

Tue 14 Oct 2025 20:38:43 INFO data_size: 9737
Tue 14 Oct 2025 20:38:43 INFO multi_pay_size: 6872
Tue 14 Oct 2025 20:38:44 INFO Day 138 - Epoch 1 - Avg Loss: 0.4620
Tue 14 Oct 2025 20:38:44 INFO data_size: 15325
Tue 14 Oct 2025 20:38:44 INFO multi_pay_size: 8493
Tue 14 Oct 2025 20:38:44 INFO Testing Day 139...
Tue 14 Oct 2025 20:38:46 INFO Day 139 - Test AUC: 0.8214, Test ACC: 0.2583, Test ALPR: 0.8441
Pretrain Test AUC: 0.8043, Pretrain Test ACC: 0.2470, Pretrain ALPR:0.8200

Tue 14 Oct 2025 20:38:46 INFO data_size: 22979
Tue 14 Oct 2025 20:38:46 INFO multi_pay_size: 16460
Tue 14 Oct 2025 20:38:47 INFO Day 139 - Epoch 1 - Avg Loss: 0.4685
Tue 14 Oct 2025 20:38:47 INFO data_size: 14575
Tue 14 Oct 2025 20:38:47 INFO multi_pay_size: 7976
Tue 14 Oct 2025 20:38:47 INFO Testing Day 140...
Tue 14 Oct 2025 20:38:49 INFO Day 140 - Test AUC: 0.8215, Test ACC: 0.2615, Test ALPR: 0.8335
Pretrain Test AUC: 0.8048, Pretrain Test ACC: 0.2442, Pretrain ALPR:0.8229

Tue 14 Oct 2025 20:38:49 INFO data_size: 22850
Tue 14 Oct 2025 20:38:49 INFO multi_pay_size: 16467
Tue 14 Oct 2025 20:38:51 INFO Day 140 - Epoch 1 - Avg Loss: 0.4709
Tue 14 Oct 2025 20:38:51 INFO data_size: 13527
Tue 14 Oct 2025 20:38:51 INFO multi_pay_size: 7359
Tue 14 Oct 2025 20:38:51 INFO Testing Day 141...
Tue 14 Oct 2025 20:38:52 INFO Day 141 - Test AUC: 0.8217, Test ACC: 0.2662, Test ALPR: 0.8281
Pretrain Test AUC: 0.8041, Pretrain Test ACC: 0.2491, Pretrain ALPR:0.8258

Tue 14 Oct 2025 20:38:52 INFO data_size: 21684
Tue 14 Oct 2025 20:38:52 INFO multi_pay_size: 15549
Tue 14 Oct 2025 20:38:54 INFO Day 141 - Epoch 1 - Avg Loss: 0.4789
Tue 14 Oct 2025 20:38:54 INFO data_size: 11474
Tue 14 Oct 2025 20:38:54 INFO multi_pay_size: 6355
Tue 14 Oct 2025 20:38:54 INFO Testing Day 142...
Tue 14 Oct 2025 20:38:55 INFO Day 142 - Test AUC: 0.8228, Test ACC: 0.2615, Test ALPR: 0.8522
Pretrain Test AUC: 0.8044, Pretrain Test ACC: 0.2480, Pretrain ALPR:0.8314

Tue 14 Oct 2025 20:38:55 INFO data_size: 19265
Tue 14 Oct 2025 20:38:55 INFO multi_pay_size: 14218
Tue 14 Oct 2025 20:38:57 INFO Day 142 - Epoch 1 - Avg Loss: 0.4591
Tue 14 Oct 2025 20:38:57 INFO data_size: 12079
Tue 14 Oct 2025 20:38:57 INFO multi_pay_size: 6393
Tue 14 Oct 2025 20:38:57 INFO Testing Day 143...
Tue 14 Oct 2025 20:38:58 INFO Day 143 - Test AUC: 0.8241, Test ACC: 0.2622, Test ALPR: 0.8123
Pretrain Test AUC: 0.8061, Pretrain Test ACC: 0.2508, Pretrain ALPR:0.8232

Tue 14 Oct 2025 20:38:58 INFO data_size: 20774
Tue 14 Oct 2025 20:38:58 INFO multi_pay_size: 14794
Tue 14 Oct 2025 20:38:59 INFO Day 143 - Epoch 1 - Avg Loss: 0.4466
Tue 14 Oct 2025 20:38:59 INFO data_size: 4176
Tue 14 Oct 2025 20:38:59 INFO multi_pay_size: 2276
Tue 14 Oct 2025 20:38:59 INFO Testing Day 144...
Tue 14 Oct 2025 20:39:00 INFO Day 144 - Test AUC: 0.8195, Test ACC: 0.2641, Test ALPR: 0.8167
Pretrain Test AUC: 0.8039, Pretrain Test ACC: 0.2557, Pretrain ALPR:0.7933

Tue 14 Oct 2025 20:39:00 INFO data_size: 6357
Tue 14 Oct 2025 20:39:00 INFO multi_pay_size: 4504
Tue 14 Oct 2025 20:39:01 INFO Day 144 - Epoch 1 - Avg Loss: 0.4386
Tue 14 Oct 2025 20:39:01 INFO data_size: 1666
Tue 14 Oct 2025 20:39:01 INFO multi_pay_size: 884
Tue 14 Oct 2025 20:39:01 INFO Testing Day 145...
Tue 14 Oct 2025 20:39:02 INFO Day 145 - Test AUC: 0.8266, Test ACC: 0.2557, Test ALPR: 0.8482
Pretrain Test AUC: 0.8053, Pretrain Test ACC: 0.2419, Pretrain ALPR:0.8363

Tue 14 Oct 2025 20:39:02 INFO data_size: 2072
Tue 14 Oct 2025 20:39:02 INFO multi_pay_size: 1452
Tue 14 Oct 2025 20:39:02 INFO Day 145 - Epoch 1 - Avg Loss: 0.4822
Tue 14 Oct 2025 20:39:02 INFO data_size: 9357
Tue 14 Oct 2025 20:39:02 INFO multi_pay_size: 5006
Tue 14 Oct 2025 20:39:02 INFO Testing Day 146...
Tue 14 Oct 2025 20:39:03 INFO Day 146 - Test AUC: 0.8239, Test ACC: 0.2641, Test ALPR: 0.8502
Pretrain Test AUC: 0.8051, Pretrain Test ACC: 0.2419, Pretrain ALPR:0.8326

Tue 14 Oct 2025 20:39:04 INFO data_size: 10933
Tue 14 Oct 2025 20:39:04 INFO multi_pay_size: 7737
Tue 14 Oct 2025 20:39:05 INFO Day 146 - Epoch 1 - Avg Loss: 0.4619
Tue 14 Oct 2025 20:39:05 INFO data_size: 16717
Tue 14 Oct 2025 20:39:05 INFO multi_pay_size: 9230
Tue 14 Oct 2025 20:39:05 INFO Testing Day 147...
Tue 14 Oct 2025 20:39:06 INFO Day 147 - Test AUC: 0.8219, Test ACC: 0.2604, Test ALPR: 0.8506
Pretrain Test AUC: 0.8035, Pretrain Test ACC: 0.2448, Pretrain ALPR:0.8242

Tue 14 Oct 2025 20:39:06 INFO data_size: 24961
Tue 14 Oct 2025 20:39:06 INFO multi_pay_size: 17858
Tue 14 Oct 2025 20:39:09 INFO Day 147 - Epoch 1 - Avg Loss: 0.4661
Tue 14 Oct 2025 20:39:09 INFO data_size: 15584
Tue 14 Oct 2025 20:39:09 INFO multi_pay_size: 8619
Tue 14 Oct 2025 20:39:09 INFO Testing Day 148...
Tue 14 Oct 2025 20:39:11 INFO Day 148 - Test AUC: 0.8220, Test ACC: 0.2631, Test ALPR: 0.8474
Pretrain Test AUC: 0.8058, Pretrain Test ACC: 0.2533, Pretrain ALPR:0.8248

Tue 14 Oct 2025 20:39:11 INFO data_size: 23868
Tue 14 Oct 2025 20:39:11 INFO multi_pay_size: 17251
Tue 14 Oct 2025 20:39:13 INFO Day 148 - Epoch 1 - Avg Loss: 0.4749
Tue 14 Oct 2025 20:39:13 INFO data_size: 13553
Tue 14 Oct 2025 20:39:13 INFO multi_pay_size: 7499
Tue 14 Oct 2025 20:39:13 INFO Testing Day 149...
Tue 14 Oct 2025 20:39:14 INFO Day 149 - Test AUC: 0.8215, Test ACC: 0.2627, Test ALPR: 0.8277
Pretrain Test AUC: 0.8047, Pretrain Test ACC: 0.2488, Pretrain ALPR:0.8232

Tue 14 Oct 2025 20:39:14 INFO data_size: 22088
Tue 14 Oct 2025 20:39:14 INFO multi_pay_size: 16014
Tue 14 Oct 2025 20:39:16 INFO Day 149 - Epoch 1 - Avg Loss: 0.4724
Tue 14 Oct 2025 20:39:16 INFO data_size: 11776
Tue 14 Oct 2025 20:39:16 INFO multi_pay_size: 6594
Tue 14 Oct 2025 20:39:16 INFO Testing Day 150...
Tue 14 Oct 2025 20:39:18 INFO Day 150 - Test AUC: 0.8199, Test ACC: 0.2583, Test ALPR: 0.8302
Pretrain Test AUC: 0.8022, Pretrain Test ACC: 0.2437, Pretrain ALPR:0.8219

Tue 14 Oct 2025 20:39:18 INFO data_size: 20136
Tue 14 Oct 2025 20:39:18 INFO multi_pay_size: 14799
Tue 14 Oct 2025 20:39:19 INFO Day 150 - Epoch 1 - Avg Loss: 0.4602
Tue 14 Oct 2025 20:39:19 INFO data_size: 12385
Tue 14 Oct 2025 20:39:19 INFO multi_pay_size: 6789
Tue 14 Oct 2025 20:39:19 INFO Testing Day 151...
Tue 14 Oct 2025 20:39:20 INFO Day 151 - Test AUC: 0.8250, Test ACC: 0.2581, Test ALPR: 0.8247
Pretrain Test AUC: 0.8092, Pretrain Test ACC: 0.2497, Pretrain ALPR:0.8126

Tue 14 Oct 2025 20:39:21 INFO data_size: 21593
Tue 14 Oct 2025 20:39:21 INFO multi_pay_size: 15575
Tue 14 Oct 2025 20:39:22 INFO Day 151 - Epoch 1 - Avg Loss: 0.4467
Tue 14 Oct 2025 20:39:22 INFO data_size: 4290
Tue 14 Oct 2025 20:39:22 INFO multi_pay_size: 2417
Tue 14 Oct 2025 20:39:22 INFO Testing Day 152...
Tue 14 Oct 2025 20:39:23 INFO Day 152 - Test AUC: 0.8229, Test ACC: 0.2583, Test ALPR: 0.8455
Pretrain Test AUC: 0.8061, Pretrain Test ACC: 0.2503, Pretrain ALPR:0.8209

Tue 14 Oct 2025 20:39:23 INFO data_size: 6514
Tue 14 Oct 2025 20:39:23 INFO multi_pay_size: 4717
Tue 14 Oct 2025 20:39:24 INFO Day 152 - Epoch 1 - Avg Loss: 0.4592
Tue 14 Oct 2025 20:39:24 INFO data_size: 1682
Tue 14 Oct 2025 20:39:24 INFO multi_pay_size: 907
Tue 14 Oct 2025 20:39:24 INFO Testing Day 153...
Tue 14 Oct 2025 20:39:24 INFO Day 153 - Test AUC: 0.8142, Test ACC: 0.2438, Test ALPR: 0.9233
Pretrain Test AUC: 0.7904, Pretrain Test ACC: 0.2277, Pretrain ALPR:0.8817

Tue 14 Oct 2025 20:39:24 INFO data_size: 2139
Tue 14 Oct 2025 20:39:24 INFO multi_pay_size: 1515
Tue 14 Oct 2025 20:39:25 INFO Day 153 - Epoch 1 - Avg Loss: 0.4569
Tue 14 Oct 2025 20:39:25 INFO data_size: 9755
Tue 14 Oct 2025 20:39:25 INFO multi_pay_size: 5174
Tue 14 Oct 2025 20:39:25 INFO Testing Day 154...
Tue 14 Oct 2025 20:39:26 INFO Day 154 - Test AUC: 0.8214, Test ACC: 0.2594, Test ALPR: 0.8504
Pretrain Test AUC: 0.8024, Pretrain Test ACC: 0.2405, Pretrain ALPR:0.8287

Tue 14 Oct 2025 20:39:26 INFO data_size: 11557
Tue 14 Oct 2025 20:39:26 INFO multi_pay_size: 8045
Tue 14 Oct 2025 20:39:28 INFO Day 154 - Epoch 1 - Avg Loss: 0.4578
Tue 14 Oct 2025 20:39:28 INFO data_size: 17558
Tue 14 Oct 2025 20:39:28 INFO multi_pay_size: 9687
Tue 14 Oct 2025 20:39:28 INFO Testing Day 155...
Tue 14 Oct 2025 20:39:29 INFO Day 155 - Test AUC: 0.8200, Test ACC: 0.2555, Test ALPR: 0.8493
Pretrain Test AUC: 0.8023, Pretrain Test ACC: 0.2464, Pretrain ALPR:0.8231

Tue 14 Oct 2025 20:39:29 INFO data_size: 25214
Tue 14 Oct 2025 20:39:29 INFO multi_pay_size: 18047
Tue 14 Oct 2025 20:39:31 INFO Day 155 - Epoch 1 - Avg Loss: 0.4748
Tue 14 Oct 2025 20:39:31 INFO data_size: 16427
Tue 14 Oct 2025 20:39:31 INFO multi_pay_size: 9131
Tue 14 Oct 2025 20:39:31 INFO Testing Day 156...
Tue 14 Oct 2025 20:39:33 INFO Day 156 - Test AUC: 0.8195, Test ACC: 0.2630, Test ALPR: 0.8431
Pretrain Test AUC: 0.8014, Pretrain Test ACC: 0.2466, Pretrain ALPR:0.8361

Tue 14 Oct 2025 20:39:33 INFO data_size: 24494
Tue 14 Oct 2025 20:39:33 INFO multi_pay_size: 17822
Tue 14 Oct 2025 20:39:34 INFO Day 156 - Epoch 1 - Avg Loss: 0.4795
Tue 14 Oct 2025 20:39:34 INFO data_size: 14205
Tue 14 Oct 2025 20:39:34 INFO multi_pay_size: 7783
Tue 14 Oct 2025 20:39:34 INFO Testing Day 157...
Tue 14 Oct 2025 20:39:36 INFO Day 157 - Test AUC: 0.8262, Test ACC: 0.2659, Test ALPR: 0.8314
Pretrain Test AUC: 0.8064, Pretrain Test ACC: 0.2412, Pretrain ALPR:0.8306

Tue 14 Oct 2025 20:39:36 INFO data_size: 22480
Tue 14 Oct 2025 20:39:36 INFO multi_pay_size: 16229
Tue 14 Oct 2025 20:39:38 INFO Day 157 - Epoch 1 - Avg Loss: 0.4806
Tue 14 Oct 2025 20:39:38 INFO data_size: 12234
Tue 14 Oct 2025 20:39:38 INFO multi_pay_size: 6901
Tue 14 Oct 2025 20:39:38 INFO Testing Day 158...
Tue 14 Oct 2025 20:39:39 INFO Day 158 - Test AUC: 0.8199, Test ACC: 0.2561, Test ALPR: 0.8427
Pretrain Test AUC: 0.8012, Pretrain Test ACC: 0.2426, Pretrain ALPR:0.8355

Tue 14 Oct 2025 20:39:39 INFO data_size: 19767
Tue 14 Oct 2025 20:39:39 INFO multi_pay_size: 14863
Tue 14 Oct 2025 20:39:41 INFO Day 158 - Epoch 1 - Avg Loss: 0.4679
Tue 14 Oct 2025 20:39:41 INFO data_size: 12837
Tue 14 Oct 2025 20:39:41 INFO multi_pay_size: 6980
Tue 14 Oct 2025 20:39:41 INFO Testing Day 159...
Tue 14 Oct 2025 20:39:42 INFO Day 159 - Test AUC: 0.8245, Test ACC: 0.2585, Test ALPR: 0.8215
Pretrain Test AUC: 0.8068, Pretrain Test ACC: 0.2504, Pretrain ALPR:0.8279

Tue 14 Oct 2025 20:39:42 INFO data_size: 21529
Tue 14 Oct 2025 20:39:42 INFO multi_pay_size: 15620
Tue 14 Oct 2025 20:39:44 INFO Day 159 - Epoch 1 - Avg Loss: 0.4576
Tue 14 Oct 2025 20:39:44 INFO data_size: 4449
Tue 14 Oct 2025 20:39:44 INFO multi_pay_size: 2455
Tue 14 Oct 2025 20:39:44 INFO Testing Day 160...
Tue 14 Oct 2025 20:39:44 INFO Day 160 - Test AUC: 0.8225, Test ACC: 0.2533, Test ALPR: 0.8399
Pretrain Test AUC: 0.8024, Pretrain Test ACC: 0.2410, Pretrain ALPR:0.8277

Tue 14 Oct 2025 20:39:44 INFO data_size: 6591
Tue 14 Oct 2025 20:39:44 INFO multi_pay_size: 4741
Tue 14 Oct 2025 20:39:45 INFO Day 160 - Epoch 1 - Avg Loss: 0.4412
Tue 14 Oct 2025 20:39:45 INFO data_size: 1779
Tue 14 Oct 2025 20:39:45 INFO multi_pay_size: 956
Tue 14 Oct 2025 20:39:45 INFO Testing Day 161...
Tue 14 Oct 2025 20:39:46 INFO Day 161 - Test AUC: 0.8090, Test ACC: 0.2507, Test ALPR: 0.8766
Pretrain Test AUC: 0.7913, Pretrain Test ACC: 0.2248, Pretrain ALPR:0.8692

Tue 14 Oct 2025 20:39:46 INFO data_size: 2275
Tue 14 Oct 2025 20:39:46 INFO multi_pay_size: 1589
Tue 14 Oct 2025 20:39:46 INFO Day 161 - Epoch 1 - Avg Loss: 0.4889
Tue 14 Oct 2025 20:39:46 INFO data_size: 9868
Tue 14 Oct 2025 20:39:46 INFO multi_pay_size: 5292
Tue 14 Oct 2025 20:39:46 INFO Testing Day 162...
Tue 14 Oct 2025 20:39:47 INFO Day 162 - Test AUC: 0.8215, Test ACC: 0.2578, Test ALPR: 0.8649
Pretrain Test AUC: 0.8024, Pretrain Test ACC: 0.2430, Pretrain ALPR:0.8392

Tue 14 Oct 2025 20:39:48 INFO data_size: 11606
Tue 14 Oct 2025 20:39:48 INFO multi_pay_size: 8321
Tue 14 Oct 2025 20:39:49 INFO Day 162 - Epoch 1 - Avg Loss: 0.4751
Tue 14 Oct 2025 20:39:49 INFO data_size: 17884
Tue 14 Oct 2025 20:39:49 INFO multi_pay_size: 9824
Tue 14 Oct 2025 20:39:49 INFO Testing Day 163...
Tue 14 Oct 2025 20:39:50 INFO Day 163 - Test AUC: 0.8221, Test ACC: 0.2613, Test ALPR: 0.8449
Pretrain Test AUC: 0.8045, Pretrain Test ACC: 0.2488, Pretrain ALPR:0.8188

Tue 14 Oct 2025 20:39:50 INFO data_size: 25268
Tue 14 Oct 2025 20:39:50 INFO multi_pay_size: 18340
Tue 14 Oct 2025 20:39:52 INFO Day 163 - Epoch 1 - Avg Loss: 0.4711
Tue 14 Oct 2025 20:39:53 INFO data_size: 16166
Tue 14 Oct 2025 20:39:53 INFO multi_pay_size: 8898
Tue 14 Oct 2025 20:39:53 INFO Testing Day 164...
Tue 14 Oct 2025 20:39:54 INFO Day 164 - Test AUC: 0.8216, Test ACC: 0.2620, Test ALPR: 0.8380
Pretrain Test AUC: 0.8048, Pretrain Test ACC: 0.2487, Pretrain ALPR:0.8130

Tue 14 Oct 2025 20:39:54 INFO data_size: 23223
Tue 14 Oct 2025 20:39:54 INFO multi_pay_size: 16908
Tue 14 Oct 2025 20:39:56 INFO Day 164 - Epoch 1 - Avg Loss: 0.4637
Tue 14 Oct 2025 20:39:56 INFO data_size: 14405
Tue 14 Oct 2025 20:39:56 INFO multi_pay_size: 7940
Tue 14 Oct 2025 20:39:56 INFO Testing Day 165...
Tue 14 Oct 2025 20:39:58 INFO Day 165 - Test AUC: 0.8246, Test ACC: 0.2589, Test ALPR: 0.8363
Pretrain Test AUC: 0.8067, Pretrain Test ACC: 0.2471, Pretrain ALPR:0.8237

Tue 14 Oct 2025 20:39:58 INFO data_size: 21915
Tue 14 Oct 2025 20:39:58 INFO multi_pay_size: 16036
Tue 14 Oct 2025 20:39:59 INFO Day 165 - Epoch 1 - Avg Loss: 0.4703
Tue 14 Oct 2025 20:40:00 INFO data_size: 12656
Tue 14 Oct 2025 20:40:00 INFO multi_pay_size: 7134
Tue 14 Oct 2025 20:40:00 INFO Testing Day 166...
Tue 14 Oct 2025 20:40:01 INFO Day 166 - Test AUC: 0.8222, Test ACC: 0.2577, Test ALPR: 0.8423
Pretrain Test AUC: 0.8028, Pretrain Test ACC: 0.2422, Pretrain ALPR:0.8394

Tue 14 Oct 2025 20:40:01 INFO data_size: 19397
Tue 14 Oct 2025 20:40:01 INFO multi_pay_size: 14719
Tue 14 Oct 2025 20:40:02 INFO Day 166 - Epoch 1 - Avg Loss: 0.4730
Tue 14 Oct 2025 20:40:02 INFO data_size: 13179
Tue 14 Oct 2025 20:40:02 INFO multi_pay_size: 7237
Tue 14 Oct 2025 20:40:02 INFO Testing Day 167...
Tue 14 Oct 2025 20:40:04 INFO Day 167 - Test AUC: 0.8219, Test ACC: 0.2589, Test ALPR: 0.8363
Pretrain Test AUC: 0.8040, Pretrain Test ACC: 0.2493, Pretrain ALPR:0.8206

Tue 14 Oct 2025 20:40:04 INFO data_size: 21319
Tue 14 Oct 2025 20:40:04 INFO multi_pay_size: 15984
Tue 14 Oct 2025 20:40:05 INFO Day 167 - Epoch 1 - Avg Loss: 0.4478
Tue 14 Oct 2025 20:40:05 INFO data_size: 4716
Tue 14 Oct 2025 20:40:05 INFO multi_pay_size: 2333
Tue 14 Oct 2025 20:40:05 INFO Testing Day 168...
Tue 14 Oct 2025 20:40:06 INFO Day 168 - Test AUC: 0.8189, Test ACC: 0.2678, Test ALPR: 0.8064
Pretrain Test AUC: 0.8045, Pretrain Test ACC: 0.2468, Pretrain ALPR:0.8011

Tue 14 Oct 2025 20:40:06 INFO data_size: 12283
Tue 14 Oct 2025 20:40:06 INFO multi_pay_size: 8646
Tue 14 Oct 2025 20:40:07 INFO Day 168 - Epoch 1 - Avg Loss: 0.4196
Tue 14 Oct 2025 20:40:07 INFO data_size: 1963
Tue 14 Oct 2025 20:40:07 INFO multi_pay_size: 963
Tue 14 Oct 2025 20:40:07 INFO Testing Day 169...
Tue 14 Oct 2025 20:40:08 INFO Day 169 - Test AUC: 0.8219, Test ACC: 0.2741, Test ALPR: 0.8132
Pretrain Test AUC: 0.8054, Pretrain Test ACC: 0.2252, Pretrain ALPR:0.8515

Tue 14 Oct 2025 20:40:08 INFO data_size: 3396
Tue 14 Oct 2025 20:40:08 INFO multi_pay_size: 2354
Tue 14 Oct 2025 20:40:09 INFO Day 169 - Epoch 1 - Avg Loss: 0.4760
Tue 14 Oct 2025 20:40:09 INFO data_size: 10763
Tue 14 Oct 2025 20:40:09 INFO multi_pay_size: 5248
Tue 14 Oct 2025 20:40:09 INFO Testing Day 170...
Tue 14 Oct 2025 20:40:10 INFO Day 170 - Test AUC: 0.8255, Test ACC: 0.2675, Test ALPR: 0.8068
Pretrain Test AUC: 0.8084, Pretrain Test ACC: 0.2285, Pretrain ALPR:0.8311

Tue 14 Oct 2025 20:40:10 INFO data_size: 17510
Tue 14 Oct 2025 20:40:10 INFO multi_pay_size: 12206
Tue 14 Oct 2025 20:40:11 INFO Day 170 - Epoch 1 - Avg Loss: 0.4372
Tue 14 Oct 2025 20:40:11 INFO data_size: 17441
Tue 14 Oct 2025 20:40:11 INFO multi_pay_size: 8883
Tue 14 Oct 2025 20:40:11 INFO Testing Day 171...
Tue 14 Oct 2025 20:40:13 INFO Day 171 - Test AUC: 0.8222, Test ACC: 0.2649, Test ALPR: 0.8220
Pretrain Test AUC: 0.8059, Pretrain Test ACC: 0.2417, Pretrain ALPR:0.8239

Tue 14 Oct 2025 20:40:13 INFO data_size: 34567
Tue 14 Oct 2025 20:40:13 INFO multi_pay_size: 24350
Tue 14 Oct 2025 20:40:16 INFO Day 171 - Epoch 1 - Avg Loss: 0.4491
Tue 14 Oct 2025 20:40:16 INFO data_size: 16041
Tue 14 Oct 2025 20:40:16 INFO multi_pay_size: 8226
Tue 14 Oct 2025 20:40:16 INFO Testing Day 172...
Tue 14 Oct 2025 20:40:17 INFO Day 172 - Test AUC: 0.8215, Test ACC: 0.2754, Test ALPR: 0.8166
Pretrain Test AUC: 0.8041, Pretrain Test ACC: 0.2442, Pretrain ALPR:0.8342

Tue 14 Oct 2025 20:40:17 INFO data_size: 30272
Tue 14 Oct 2025 20:40:17 INFO multi_pay_size: 21562
Tue 14 Oct 2025 20:40:19 INFO Day 172 - Epoch 1 - Avg Loss: 0.4682
Tue 14 Oct 2025 20:40:19 INFO data_size: 13244
Tue 14 Oct 2025 20:40:19 INFO multi_pay_size: 6724
Tue 14 Oct 2025 20:40:19 INFO Testing Day 173...
Tue 14 Oct 2025 20:40:20 INFO Day 173 - Test AUC: 0.8223, Test ACC: 0.2754, Test ALPR: 0.8070
Pretrain Test AUC: 0.8047, Pretrain Test ACC: 0.2380, Pretrain ALPR:0.8342

Tue 14 Oct 2025 20:40:20 INFO data_size: 25704
Tue 14 Oct 2025 20:40:20 INFO multi_pay_size: 18304
Tue 14 Oct 2025 20:40:22 INFO Day 173 - Epoch 1 - Avg Loss: 0.4648
Tue 14 Oct 2025 20:40:22 INFO data_size: 11068
Tue 14 Oct 2025 20:40:22 INFO multi_pay_size: 5663
Tue 14 Oct 2025 20:40:22 INFO Testing Day 174...
Tue 14 Oct 2025 20:40:23 INFO Day 174 - Test AUC: 0.8218, Test ACC: 0.2782, Test ALPR: 0.8016
Pretrain Test AUC: 0.8048, Pretrain Test ACC: 0.2371, Pretrain ALPR:0.8293

Tue 14 Oct 2025 20:40:23 INFO data_size: 25128
Tue 14 Oct 2025 20:40:23 INFO multi_pay_size: 17433
Tue 14 Oct 2025 20:40:25 INFO Day 174 - Epoch 1 - Avg Loss: 0.4402
Tue 14 Oct 2025 20:40:25 INFO data_size: 12027
Tue 14 Oct 2025 20:40:25 INFO multi_pay_size: 5974
Tue 14 Oct 2025 20:40:25 INFO Testing Day 175...
Tue 14 Oct 2025 20:40:26 INFO Day 175 - Test AUC: 0.8240, Test ACC: 0.2770, Test ALPR: 0.8020
Pretrain Test AUC: 0.8094, Pretrain Test ACC: 0.2449, Pretrain ALPR:0.8248

Tue 14 Oct 2025 20:40:26 INFO data_size: 27398
Tue 14 Oct 2025 20:40:26 INFO multi_pay_size: 18631
Tue 14 Oct 2025 20:40:28 INFO Day 175 - Epoch 1 - Avg Loss: 0.4282
Tue 14 Oct 2025 20:40:28 INFO data_size: 4154
Tue 14 Oct 2025 20:40:29 INFO multi_pay_size: 2108
Tue 14 Oct 2025 20:40:29 INFO Testing Day 176...
Tue 14 Oct 2025 20:40:29 INFO Day 176 - Test AUC: 0.8102, Test ACC: 0.2588, Test ALPR: 0.8510
Pretrain Test AUC: 0.7929, Pretrain Test ACC: 0.2294, Pretrain ALPR:0.8588

Tue 14 Oct 2025 20:40:29 INFO data_size: 8307
Tue 14 Oct 2025 20:40:29 INFO multi_pay_size: 5621
Tue 14 Oct 2025 20:40:30 INFO Day 176 - Epoch 1 - Avg Loss: 0.4421
Tue 14 Oct 2025 20:40:30 INFO data_size: 1666
Tue 14 Oct 2025 20:40:30 INFO multi_pay_size: 814
Tue 14 Oct 2025 20:40:30 INFO Testing Day 177...
Tue 14 Oct 2025 20:40:31 INFO Day 177 - Test AUC: 0.8223, Test ACC: 0.2659, Test ALPR: 0.8317
Pretrain Test AUC: 0.8053, Pretrain Test ACC: 0.2419, Pretrain ALPR:0.8526

Tue 14 Oct 2025 20:40:31 INFO data_size: 2521
Tue 14 Oct 2025 20:40:31 INFO multi_pay_size: 1658
Tue 14 Oct 2025 20:40:32 INFO Day 177 - Epoch 1 - Avg Loss: 0.4551
Tue 14 Oct 2025 20:40:32 INFO data_size: 8214
Tue 14 Oct 2025 20:40:32 INFO multi_pay_size: 3995
Tue 14 Oct 2025 20:40:32 INFO Testing Day 178...
Tue 14 Oct 2025 20:40:33 INFO Day 178 - Test AUC: 0.8193, Test ACC: 0.2772, Test ALPR: 0.8313
Pretrain Test AUC: 0.8024, Pretrain Test ACC: 0.2383, Pretrain ALPR:0.8349

Tue 14 Oct 2025 20:40:33 INFO data_size: 11783
Tue 14 Oct 2025 20:40:33 INFO multi_pay_size: 8001
Tue 14 Oct 2025 20:40:34 INFO Day 178 - Epoch 1 - Avg Loss: 0.4588
Tue 14 Oct 2025 20:40:35 INFO data_size: 15048
Tue 14 Oct 2025 20:40:35 INFO multi_pay_size: 7662
Tue 14 Oct 2025 20:40:35 INFO Testing Day 179...
Tue 14 Oct 2025 20:40:36 INFO Day 179 - Test AUC: 0.8202, Test ACC: 0.2706, Test ALPR: 0.8230
Pretrain Test AUC: 0.8046, Pretrain Test ACC: 0.2416, Pretrain ALPR:0.8227

Tue 14 Oct 2025 20:40:36 INFO data_size: 26385
Tue 14 Oct 2025 20:40:36 INFO multi_pay_size: 18471
Tue 14 Oct 2025 20:40:38 INFO Day 179 - Epoch 1 - Avg Loss: 0.4645
Tue 14 Oct 2025 20:40:38 INFO data_size: 14137
Tue 14 Oct 2025 20:40:38 INFO multi_pay_size: 7227
Tue 14 Oct 2025 20:40:38 INFO Testing Day 180...
Tue 14 Oct 2025 20:40:40 INFO Day 180 - Test AUC: 0.8198, Test ACC: 0.2757, Test ALPR: 0.8260
Pretrain Test AUC: 0.8032, Pretrain Test ACC: 0.2372, Pretrain ALPR:0.8441

Tue 14 Oct 2025 20:40:40 INFO data_size: 25495
Tue 14 Oct 2025 20:40:40 INFO multi_pay_size: 18055
Tue 14 Oct 2025 20:40:41 INFO Day 180 - Epoch 1 - Avg Loss: 0.4711
Tue 14 Oct 2025 20:40:41 INFO data_size: 12864
Tue 14 Oct 2025 20:40:41 INFO multi_pay_size: 6459
Tue 14 Oct 2025 20:40:41 INFO Testing Day 181...
Tue 14 Oct 2025 20:40:43 INFO Day 181 - Test AUC: 0.8199, Test ACC: 0.2739, Test ALPR: 0.8187
Pretrain Test AUC: 0.8018, Pretrain Test ACC: 0.2404, Pretrain ALPR:0.8482

Tue 14 Oct 2025 20:40:43 INFO data_size: 24116
Tue 14 Oct 2025 20:40:43 INFO multi_pay_size: 16774
Tue 14 Oct 2025 20:40:44 INFO Day 181 - Epoch 1 - Avg Loss: 0.4715
Tue 14 Oct 2025 20:40:44 INFO data_size: 10602
Tue 14 Oct 2025 20:40:44 INFO multi_pay_size: 5539
Tue 14 Oct 2025 20:40:44 INFO Testing Day 182...
Tue 14 Oct 2025 20:40:46 INFO Day 182 - Test AUC: 0.8261, Test ACC: 0.2682, Test ALPR: 0.8071
Pretrain Test AUC: 0.8086, Pretrain Test ACC: 0.2465, Pretrain ALPR:0.8279

Tue 14 Oct 2025 20:40:46 INFO data_size: 20914
Tue 14 Oct 2025 20:40:46 INFO multi_pay_size: 14991
Tue 14 Oct 2025 20:40:48 INFO Day 182 - Epoch 1 - Avg Loss: 0.4614
Tue 14 Oct 2025 20:40:48 INFO data_size: 11565
Tue 14 Oct 2025 20:40:48 INFO multi_pay_size: 5674
Tue 14 Oct 2025 20:40:48 INFO Testing Day 183...
Tue 14 Oct 2025 20:40:49 INFO Day 183 - Test AUC: 0.8212, Test ACC: 0.2711, Test ALPR: 0.7953
Pretrain Test AUC: 0.8022, Pretrain Test ACC: 0.2398, Pretrain ALPR:0.8368

Tue 14 Oct 2025 20:40:49 INFO data_size: 26469
Tue 14 Oct 2025 20:40:49 INFO multi_pay_size: 17597
Tue 14 Oct 2025 20:40:51 INFO Day 183 - Epoch 1 - Avg Loss: 0.4392
Tue 14 Oct 2025 20:40:51 INFO data_size: 4007
Tue 14 Oct 2025 20:40:51 INFO multi_pay_size: 2179
Tue 14 Oct 2025 20:40:51 INFO Testing Day 184...
Tue 14 Oct 2025 20:40:52 INFO Day 184 - Test AUC: 0.8181, Test ACC: 0.2468, Test ALPR: 0.8503
Pretrain Test AUC: 0.8018, Pretrain Test ACC: 0.2488, Pretrain ALPR:0.8140

Tue 14 Oct 2025 20:40:52 INFO data_size: 6237
Tue 14 Oct 2025 20:40:52 INFO multi_pay_size: 4339
Tue 14 Oct 2025 20:40:52 INFO Day 184 - Epoch 1 - Avg Loss: 0.4476
Tue 14 Oct 2025 20:40:52 INFO data_size: 1383
Tue 14 Oct 2025 20:40:52 INFO multi_pay_size: 707
Tue 14 Oct 2025 20:40:52 INFO Testing Day 185...
Tue 14 Oct 2025 20:40:53 INFO Day 185 - Test AUC: 0.8175, Test ACC: 0.2632, Test ALPR: 0.8320
Pretrain Test AUC: 0.7985, Pretrain Test ACC: 0.2502, Pretrain ALPR:0.8213

Tue 14 Oct 2025 20:40:53 INFO data_size: 1763
Tue 14 Oct 2025 20:40:53 INFO multi_pay_size: 1196
Tue 14 Oct 2025 20:40:53 INFO Day 185 - Epoch 1 - Avg Loss: 0.4750
Tue 14 Oct 2025 20:40:54 INFO data_size: 7103
Tue 14 Oct 2025 20:40:54 INFO multi_pay_size: 3701
Tue 14 Oct 2025 20:40:54 INFO Testing Day 186...
Tue 14 Oct 2025 20:40:54 INFO Day 186 - Test AUC: 0.8123, Test ACC: 0.2554, Test ALPR: 0.8638
Pretrain Test AUC: 0.7925, Pretrain Test ACC: 0.2403, Pretrain ALPR:0.8512

Tue 14 Oct 2025 20:40:55 INFO data_size: 8719
Tue 14 Oct 2025 20:40:55 INFO multi_pay_size: 6017
Tue 14 Oct 2025 20:40:55 INFO Day 186 - Epoch 1 - Avg Loss: 0.4818
Tue 14 Oct 2025 20:40:55 INFO data_size: 13172
Tue 14 Oct 2025 20:40:55 INFO multi_pay_size: 7095
Tue 14 Oct 2025 20:40:55 INFO Testing Day 187...
Tue 14 Oct 2025 20:40:57 INFO Day 187 - Test AUC: 0.8186, Test ACC: 0.2686, Test ALPR: 0.8347
Pretrain Test AUC: 0.8027, Pretrain Test ACC: 0.2426, Pretrain ALPR:0.8230

Tue 14 Oct 2025 20:40:57 INFO data_size: 20012
Tue 14 Oct 2025 20:40:57 INFO multi_pay_size: 14296
Tue 14 Oct 2025 20:40:58 INFO Day 187 - Epoch 1 - Avg Loss: 0.4802
Tue 14 Oct 2025 20:40:58 INFO data_size: 13156
Tue 14 Oct 2025 20:40:59 INFO multi_pay_size: 7301
Tue 14 Oct 2025 20:40:59 INFO Testing Day 188...
Tue 14 Oct 2025 20:41:00 INFO Day 188 - Test AUC: 0.8155, Test ACC: 0.2612, Test ALPR: 0.8487
Pretrain Test AUC: 0.7992, Pretrain Test ACC: 0.2489, Pretrain ALPR:0.8371

Tue 14 Oct 2025 20:41:00 INFO data_size: 20470
Tue 14 Oct 2025 20:41:00 INFO multi_pay_size: 14855
Tue 14 Oct 2025 20:41:01 INFO Day 188 - Epoch 1 - Avg Loss: 0.4801
Tue 14 Oct 2025 20:41:02 INFO data_size: 12462
Tue 14 Oct 2025 20:41:02 INFO multi_pay_size: 6663
Tue 14 Oct 2025 20:41:02 INFO Testing Day 189...
Tue 14 Oct 2025 20:41:03 INFO Day 189 - Test AUC: 0.8184, Test ACC: 0.2635, Test ALPR: 0.8346
Pretrain Test AUC: 0.8013, Pretrain Test ACC: 0.2522, Pretrain ALPR:0.8331

Tue 14 Oct 2025 20:41:03 INFO data_size: 20551
Tue 14 Oct 2025 20:41:03 INFO multi_pay_size: 14661
Tue 14 Oct 2025 20:41:05 INFO Day 189 - Epoch 1 - Avg Loss: 0.4796
Tue 14 Oct 2025 20:41:05 INFO data_size: 10694
Tue 14 Oct 2025 20:41:05 INFO multi_pay_size: 5733
Tue 14 Oct 2025 20:41:05 INFO Testing Day 190...
Tue 14 Oct 2025 20:41:06 INFO Day 190 - Test AUC: 0.8236, Test ACC: 0.2648, Test ALPR: 0.8135
Pretrain Test AUC: 0.8070, Pretrain Test ACC: 0.2509, Pretrain ALPR:0.8176

Tue 14 Oct 2025 20:41:06 INFO data_size: 17447
Tue 14 Oct 2025 20:41:06 INFO multi_pay_size: 12751
Tue 14 Oct 2025 20:41:08 INFO Day 190 - Epoch 1 - Avg Loss: 0.4708
Tue 14 Oct 2025 20:41:08 INFO data_size: 11242
Tue 14 Oct 2025 20:41:08 INFO multi_pay_size: 5929
Tue 14 Oct 2025 20:41:08 INFO Testing Day 191...
Tue 14 Oct 2025 20:41:09 INFO Day 191 - Test AUC: 0.8217, Test ACC: 0.2637, Test ALPR: 0.8101
Pretrain Test AUC: 0.8021, Pretrain Test ACC: 0.2449, Pretrain ALPR:0.8242

Tue 14 Oct 2025 20:41:09 INFO data_size: 19149
Tue 14 Oct 2025 20:41:09 INFO multi_pay_size: 13509
Tue 14 Oct 2025 20:41:11 INFO Day 191 - Epoch 1 - Avg Loss: 0.4491
Tue 14 Oct 2025 20:41:11 INFO data_size: 3860
Tue 14 Oct 2025 20:41:11 INFO multi_pay_size: 2121
Tue 14 Oct 2025 20:41:11 INFO Testing Day 192...
Tue 14 Oct 2025 20:41:12 INFO Day 192 - Test AUC: 0.8158, Test ACC: 0.2516, Test ALPR: 0.8653
Pretrain Test AUC: 0.7989, Pretrain Test ACC: 0.2425, Pretrain ALPR:0.8232

Tue 14 Oct 2025 20:41:12 INFO data_size: 6010
Tue 14 Oct 2025 20:41:12 INFO multi_pay_size: 4205
Tue 14 Oct 2025 20:41:13 INFO Day 192 - Epoch 1 - Avg Loss: 0.4513
Tue 14 Oct 2025 20:41:13 INFO data_size: 1379
Tue 14 Oct 2025 20:41:13 INFO multi_pay_size: 723
Tue 14 Oct 2025 20:41:13 INFO Testing Day 193...
Tue 14 Oct 2025 20:41:14 INFO Day 193 - Test AUC: 0.8008, Test ACC: 0.2313, Test ALPR: 0.9089
Pretrain Test AUC: 0.7794, Pretrain Test ACC: 0.2321, Pretrain ALPR:0.8844

Tue 14 Oct 2025 20:41:14 INFO data_size: 1872
Tue 14 Oct 2025 20:41:14 INFO multi_pay_size: 1323
Tue 14 Oct 2025 20:41:15 INFO Day 193 - Epoch 1 - Avg Loss: 0.4765
Tue 14 Oct 2025 20:41:15 INFO data_size: 7352
Tue 14 Oct 2025 20:41:15 INFO multi_pay_size: 3899
Tue 14 Oct 2025 20:41:15 INFO Testing Day 194...
Tue 14 Oct 2025 20:41:16 INFO Day 194 - Test AUC: 0.8162, Test ACC: 0.2586, Test ALPR: 0.8641
Pretrain Test AUC: 0.7989, Pretrain Test ACC: 0.2322, Pretrain ALPR:0.8516

Tue 14 Oct 2025 20:41:16 INFO data_size: 9117
Tue 14 Oct 2025 20:41:16 INFO multi_pay_size: 6324
Tue 14 Oct 2025 20:41:17 INFO Day 194 - Epoch 1 - Avg Loss: 0.4665
Tue 14 Oct 2025 20:41:17 INFO data_size: 14248
Tue 14 Oct 2025 20:41:17 INFO multi_pay_size: 7653
Tue 14 Oct 2025 20:41:17 INFO Testing Day 195...
Tue 14 Oct 2025 20:41:18 INFO Day 195 - Test AUC: 0.8093, Test ACC: 0.2664, Test ALPR: 0.8643
Pretrain Test AUC: 0.7925, Pretrain Test ACC: 0.2470, Pretrain ALPR:0.8452

Tue 14 Oct 2025 20:41:19 INFO data_size: 22192
Tue 14 Oct 2025 20:41:19 INFO multi_pay_size: 15920
Tue 14 Oct 2025 20:41:20 INFO Day 195 - Epoch 1 - Avg Loss: 0.5173
Tue 14 Oct 2025 20:41:20 INFO data_size: 13764
Tue 14 Oct 2025 20:41:20 INFO multi_pay_size: 7420
Tue 14 Oct 2025 20:41:20 INFO Testing Day 196...
Tue 14 Oct 2025 20:41:22 INFO Day 196 - Test AUC: 0.8163, Test ACC: 0.2706, Test ALPR: 0.8351
Pretrain Test AUC: 0.7977, Pretrain Test ACC: 0.2448, Pretrain ALPR:0.8457

Tue 14 Oct 2025 20:41:22 INFO data_size: 21595
Tue 14 Oct 2025 20:41:22 INFO multi_pay_size: 15365
Tue 14 Oct 2025 20:41:23 INFO Day 196 - Epoch 1 - Avg Loss: 0.4821
Tue 14 Oct 2025 20:41:23 INFO data_size: 11960
Tue 14 Oct 2025 20:41:23 INFO multi_pay_size: 6466
Tue 14 Oct 2025 20:41:23 INFO Testing Day 197...
Tue 14 Oct 2025 20:41:24 INFO Day 197 - Test AUC: 0.8166, Test ACC: 0.2665, Test ALPR: 0.8457
Pretrain Test AUC: 0.7969, Pretrain Test ACC: 0.2457, Pretrain ALPR:0.8489

Tue 14 Oct 2025 20:41:25 INFO data_size: 20468
Tue 14 Oct 2025 20:41:25 INFO multi_pay_size: 14806
Tue 14 Oct 2025 20:41:26 INFO Day 197 - Epoch 1 - Avg Loss: 0.4944
Tue 14 Oct 2025 20:41:26 INFO data_size: 10120
Tue 14 Oct 2025 20:41:26 INFO multi_pay_size: 5556
Tue 14 Oct 2025 20:41:26 INFO Testing Day 198...
Tue 14 Oct 2025 20:41:27 INFO Day 198 - Test AUC: 0.8206, Test ACC: 0.2589, Test ALPR: 0.8261
Pretrain Test AUC: 0.8008, Pretrain Test ACC: 0.2442, Pretrain ALPR:0.8385

Tue 14 Oct 2025 20:41:27 INFO data_size: 18969
Tue 14 Oct 2025 20:41:27 INFO multi_pay_size: 13939
Tue 14 Oct 2025 20:41:29 INFO Day 198 - Epoch 1 - Avg Loss: 0.4683
Tue 14 Oct 2025 20:41:29 INFO data_size: 11037
Tue 14 Oct 2025 20:41:29 INFO multi_pay_size: 5791
Tue 14 Oct 2025 20:41:29 INFO Testing Day 199...
Tue 14 Oct 2025 20:41:30 INFO Day 199 - Test AUC: 0.8216, Test ACC: 0.2671, Test ALPR: 0.7996
Pretrain Test AUC: 0.8018, Pretrain Test ACC: 0.2492, Pretrain ALPR:0.8296

Tue 14 Oct 2025 20:41:30 INFO Training completed for all days.
Tue 14 Oct 2025 20:41:30 INFO Average test_auc: 0.8161
Tue 14 Oct 2025 20:41:30 INFO Average test_acc: 0.2562
Tue 14 Oct 2025 20:41:30 INFO Average test_alpr: 0.8506
Tue 14 Oct 2025 20:41:30 INFO Average pretrain_test_auc: 0.8045
Tue 14 Oct 2025 20:41:30 INFO Average pretrain_test_acc: 0.2466
Tue 14 Oct 2025 20:41:30 INFO Average pretrain_test_alpr: 0.8213
Tue 14 Oct 2025 20:41:30 INFO =============lr_0.01 -bw_weight_0 - ga_weight_0================
============lr: 0.01============
Average test_auc: 0.8161
Average test_acc: 0.2562
Average test_alpr: 0.8506
Average pretrain_test_auc: 0.8045
Average pretrain_test_acc: 0.2466
Average pretrain_test_alpr: 0.8213
========================================


